<?xml version="1.0" encoding="UTF-8"?>
<testsuite xmlns:xsi="http://www.w3.org/2001/XMLSchema-instance" xsi:noNamespaceSchemaLocation="https://maven.apache.org/surefire/maven-surefire-plugin/xsd/surefire-test-report.xsd" name="org.mybatis.generator.MyBatisGeneratorTest" time="0.045" tests="4" errors="0" skipped="0" failures="0">
  <properties>
[...]
</properties>
  <testcase name="testGenerateInvalidConfigWithNoConnectionSources" classname="org.mybatis.generator.MyBatisGeneratorTest" time="0"/>
  <testcase name="testGenerateIbatis2WithInvalidConfig" classname="org.mybatis.generator.MyBatisGeneratorTest" time="0.023"/>
  <testcase name="testGenerateMyBatis3WithInvalidConfig" classname="org.mybatis.generator.MyBatisGeneratorTest" time="0.022"/>
  <testcase name="testGenerateInvalidConfigWithTwoConnectionSources" classname="org.mybatis.generator.MyBatisGeneratorTest" time="0"/>
</testsuite>