GROUP,PACKAGE,CLASS,INSTRUCTION_MISSED,INSTRUCTION_COVERED,BRANCH_MISSED,BRANCH_COVERED,LINE_MISSED,LINE_COVERED,COMPLEXITY_MISSED,COMPLEXITY_COVERED,METHOD_MISSED,METHOD_COVERED
MyBatis Generator Core,org.mybatis.generator.internal.util.messages,Messages,51,53,0,0,10,6,1,5,1,5
MyBatis Generator Core,org.mybatis.generator.codegen.mybatis3.javamapper.elements.sqlprovider,ProviderUpdateByExampleWithoutBLOBsMethodGenerator,28,202,4,6,7,42,4,6,0,5
MyBatis Generator Core,org.mybatis.generator.codegen.mybatis3.javamapper.elements.sqlprovider,ProviderCountByExampleMethodGenerator,43,101,3,3,10,25,3,2,0,2
MyBatis Generator Core,org.mybatis.generator.codegen.mybatis3.javamapper.elements.sqlprovider,ProviderApplyWhereMethodGenerator,25,548,6,8,3,33,5,5,0,3
MyBatis Generator Core,org.mybatis.generator.codegen.mybatis3.javamapper.elements.sqlprovider,ProviderDeleteByExampleMethodGenerator,36,101,3,3,8,25,3,2,0,2
MyBatis Generator Core,org.mybatis.generator.codegen.mybatis3.javamapper.elements.sqlprovider,ProviderSelectByExampleWithoutBLOBsMethodGenerator,37,226,5,9,9,48,5,7,0,5
MyBatis Generator Core,org.mybatis.generator.codegen.mybatis3.javamapper.elements.sqlprovider,ProviderSelectByExampleWithBLOBsMethodGenerator,0,21,0,0,0,5,0,4,0,4
MyBatis Generator Core,org.mybatis.generator.codegen.mybatis3.javamapper.elements.sqlprovider,ProviderUpdateByExampleWithBLOBsMethodGenerator,0,21,0,0,0,5,0,4,0,4
MyBatis Generator Core,org.mybatis.generator.codegen.mybatis3.javamapper.elements.sqlprovider,ProviderUpdateByExampleSelectiveMethodGenerator,28,244,4,10,7,51,4,5,0,2
MyBatis Generator Core,org.mybatis.generator.codegen.mybatis3.javamapper.elements.sqlprovider,ProviderInsertSelectiveMethodGenerator,25,177,4,14,6,41,4,7,0,2
MyBatis Generator Core,org.mybatis.generator.codegen.mybatis3.javamapper.elements.sqlprovider,AbstractJavaProviderMethodGenerator,4,17,1,1,1,6,1,2,0,2
MyBatis Generator Core,org.mybatis.generator.codegen.mybatis3.javamapper.elements.sqlprovider,ProviderUpdateByPrimaryKeySelectiveMethodGenerator,29,209,4,12,7,43,4,6,0,2
MyBatis Generator Core,org.mybatis.generator.api.dom.xml,XmlElement,13,159,0,6,5,40,3,10,3,7
MyBatis Generator Core,org.mybatis.generator.api.dom.xml,Document,9,76,2,2,4,21,5,4,3,4
MyBatis Generator Core,org.mybatis.generator.api.dom.xml,TextElement,3,21,0,0,1,7,1,2,1,2
MyBatis Generator Core,org.mybatis.generator.api.dom.xml,Attribute,9,52,4,2,2,15,3,5,0,5
MyBatis Generator Core,org.mybatis.generator.api.dom.xml,Element,0,3,0,0,0,2,0,1,0,1
MyBatis Generator Core,org.mybatis.generator.plugins,RenameExampleClassPlugin,23,53,7,3,4,14,5,3,0,3
MyBatis Generator Core,org.mybatis.generator.plugins,UnmergeableXmlMappersPlugin,10,0,0,0,4,0,3,0,3,0
MyBatis Generator Core,org.mybatis.generator.plugins,VirtualPrimaryKeyPlugin,30,0,4,0,11,0,5,0,3,0
MyBatis Generator Core,org.mybatis.generator.plugins,MapperConfigPlugin,224,0,8,0,51,0,8,0,4,0
MyBatis Generator Core,org.mybatis.generator.plugins,SerializablePlugin,17,106,3,3,4,30,3,7,0,7
MyBatis Generator Core,org.mybatis.generator.plugins,SqlMapConfigPlugin,18,207,2,4,4,47,2,5,0,4
MyBatis Generator Core,org.mybatis.generator.plugins,ToStringPlugin,30,117,5,5,8,33,6,6,2,5
MyBatis Generator Core,org.mybatis.generator.plugins,MapperAnnotationPlugin,0,20,1,1,0,6,1,3,0,3
MyBatis Generator Core,org.mybatis.generator.plugins,CachePlugin.CacheProperty,90,0,0,0,12,0,6,0,6,0
MyBatis Generator Core,org.mybatis.generator.plugins,RowBoundsPlugin,3,437,9,27,1,100,9,22,0,13
MyBatis Generator Core,org.mybatis.generator.plugins,CachePlugin,67,0,6,0,15,0,7,0,4,0
MyBatis Generator Core,org.mybatis.generator.plugins,FluentBuilderMethodsPlugin,9,79,1,1,2,19,1,3,0,3
MyBatis Generator Core,org.mybatis.generator.plugins,CaseInsensitiveLikePlugin,3,132,3,9,2,37,3,6,0,3
MyBatis Generator Core,org.mybatis.generator.plugins,EqualsHashCodePlugin,148,512,19,33,38,143,14,20,0,8
MyBatis Generator Core,org.mybatis.generator.codegen.ibatis2.sqlmap,SqlMapGenerator,2,398,11,29,1,116,11,32,0,23
MyBatis Generator Core,org.mybatis.generator.logging.jdk14,Jdk14LoggingImpl,38,0,0,0,12,0,6,0,6,0
MyBatis Generator Core,org.mybatis.generator.logging.jdk14,Jdk14LoggingLogFactory,5,3,0,0,1,1,1,1,1,1
MyBatis Generator Core,org.mybatis.generator.logging,LogFactory,76,48,1,3,22,18,9,5,8,4
MyBatis Generator Core,org.mybatis.generator.logging,LogException,16,0,0,0,8,0,4,0,4,0
MyBatis Generator Core,org.mybatis.generator.codegen.ibatis2.model,ExampleGenerator,164,2879,31,85,46,791,29,48,0,19
MyBatis Generator Core,org.mybatis.generator.codegen.ibatis2.model,BaseRecordGenerator,1,228,5,27,1,54,5,16,0,5
MyBatis Generator Core,org.mybatis.generator.codegen.ibatis2.model,PrimaryKeyGenerator,1,149,5,9,1,34,5,4,0,2
MyBatis Generator Core,org.mybatis.generator.codegen.ibatis2.model,RecordWithBLOBsGenerator,1,153,5,9,1,34,5,4,0,2
MyBatis Generator Core,org.mybatis.generator.config.xml,ConfigurationParser,80,128,8,8,17,35,9,7,2,6
MyBatis Generator Core,org.mybatis.generator.config.xml,ParserErrorHandler,36,9,0,0,12,4,3,1,3,1
MyBatis Generator Core,org.mybatis.generator.config.xml,ParserEntityResolver,2,37,1,3,1,13,1,3,0,2
MyBatis Generator Core,org.mybatis.generator.config.xml,IbatorConfigurationParser,18,318,9,41,4,84,9,21,0,5
MyBatis Generator Core,org.mybatis.generator.config.xml,MyBatisGeneratorConfigurationParser,229,1332,67,153,66,376,61,74,2,23
MyBatis Generator Core,org.mybatis.generator.internal.util,ClassloaderUtility,66,0,6,0,17,0,5,0,2,0
MyBatis Generator Core,org.mybatis.generator.internal.util,JavaBeansUtil,12,390,3,37,5,100,4,27,1,10
MyBatis Generator Core,org.mybatis.generator.internal.util,StringUtility,55,99,10,18,14,23,8,14,3,5
MyBatis Generator Core,org.mybatis.generator.internal.util,HashCodeUtil,55,33,5,3,10,9,9,5,6,4
MyBatis Generator Core,org.mybatis.generator.internal.util,EqualsUtil,56,0,14,0,7,0,14,0,7,0
MyBatis Generator Core,org.mybatis.generator.logging.nologging,NoLoggingImpl,9,0,0,0,7,0,6,0,6,0
MyBatis Generator Core,org.mybatis.generator.logging.nologging,NoLoggingLogFactory,5,3,0,0,1,1,1,1,1,1
MyBatis Generator Core,org.mybatis.generator.internal,DomWriter,209,406,48,40,56,107,39,26,2,13
MyBatis Generator Core,org.mybatis.generator.internal,JDBCConnectionFactory,20,122,3,3,4,33,3,5,0,5
MyBatis Generator Core,org.mybatis.generator.internal,DefaultCommentGenerator,89,854,16,48,25,223,13,41,1,21
MyBatis Generator Core,org.mybatis.generator.internal,ExtendedDAOMethodNameCalculator,139,250,17,3,38,73,13,12,3,12
MyBatis Generator Core,org.mybatis.generator.internal,NullProgressCallback,1,8,0,0,1,7,1,6,1,6
MyBatis Generator Core,org.mybatis.generator.internal,DefaultShellCallback,73,6,8,0,19,3,9,1,5,1
MyBatis Generator Core,org.mybatis.generator.internal,XmlFileMergerJaxp,71,312,11,41,17,77,13,19,2,4
MyBatis Generator Core,org.mybatis.generator.internal,XmlFileMergerJaxp.NullEntityResolver,0,13,0,0,0,3,0,2,0,2
MyBatis Generator Core,org.mybatis.generator.internal,DefaultDAOMethodNameCalculator,4,95,2,18,2,40,2,23,0,15
MyBatis Generator Core,org.mybatis.generator.internal,PluginAggregator,277,1779,83,243,165,420,85,165,4,83
MyBatis Generator Core,org.mybatis.generator.internal,ObjectFactory,104,268,21,29,30,90,21,22,3,15
MyBatis Generator Core,org.mybatis.generator.codegen.mybatis3,IntrospectedTableMyBatis3SimpleImpl,25,60,7,5,7,18,5,5,0,4
MyBatis Generator Core,org.mybatis.generator.codegen.mybatis3,MyBatis3FormattingUtilities,3,235,0,20,2,61,1,18,1,8
MyBatis Generator Core,org.mybatis.generator.codegen.mybatis3,IntrospectedTableMyBatis3Impl,14,372,5,39,4,102,4,30,0,12
MyBatis Generator Core,org.mybatis.generator.codegen.mybatis3,ListUtilities,3,51,0,10,1,12,1,7,1,2
MyBatis Generator Core,org.mybatis.generator.runtime.dynamic.sql.elements,SelectDistinctByExampleMethodGenerator.Builder,0,26,0,0,0,9,0,6,0,6
MyBatis Generator Core,org.mybatis.generator.runtime.dynamic.sql.elements,SelectByExampleMethodGenerator.Builder,0,26,0,0,0,9,0,6,0,6
MyBatis Generator Core,org.mybatis.generator.runtime.dynamic.sql.elements,CountByExampleMethodGenerator,2,100,1,1,1,20,1,3,0,3
MyBatis Generator Core,org.mybatis.generator.runtime.dynamic.sql.elements,BasicUpdateMethodGenerator.Builder,0,11,0,0,0,3,0,3,0,3
MyBatis Generator Core,org.mybatis.generator.runtime.dynamic.sql.elements,UpdateByPrimaryKeyMethodGenerator.Builder,0,26,0,0,0,9,0,6,0,6
MyBatis Generator Core,org.mybatis.generator.runtime.dynamic.sql.elements,InsertMethodGenerator.Builder,0,21,0,0,0,7,0,5,0,5
MyBatis Generator Core,org.mybatis.generator.runtime.dynamic.sql.elements,AbstractMethodGenerator.BaseBuilder,0,15,0,0,0,5,0,3,0,3
MyBatis Generator Core,org.mybatis.generator.runtime.dynamic.sql.elements,BasicCountMethodGenerator.Builder,0,11,0,0,0,3,0,3,0,3
MyBatis Generator Core,org.mybatis.generator.runtime.dynamic.sql.elements,DeleteByPrimaryKeyMethodGenerator.Builder,0,21,0,0,0,7,0,5,0,5
MyBatis Generator Core,org.mybatis.generator.runtime.dynamic.sql.elements,SelectByPrimaryKeyMethodGenerator.Builder,0,26,0,0,0,9,0,6,0,6
MyBatis Generator Core,org.mybatis.generator.runtime.dynamic.sql.elements,InsertSelectiveMethodGenerator.Builder,0,21,0,0,0,7,0,5,0,5
MyBatis Generator Core,org.mybatis.generator.runtime.dynamic.sql.elements,DeleteByPrimaryKeyMethodGenerator,0,121,0,4,0,28,0,5,0,3
MyBatis Generator Core,org.mybatis.generator.runtime.dynamic.sql.elements,FragmentGenerator.Builder,0,19,0,0,0,6,0,4,0,4
MyBatis Generator Core,org.mybatis.generator.runtime.dynamic.sql.elements,UpdateByPrimaryKeySelectiveMethodGenerator.Builder,0,26,0,0,0,9,0,6,0,6
MyBatis Generator Core,org.mybatis.generator.runtime.dynamic.sql.elements,BasicInsertMethodGenerator,7,119,3,3,2,27,2,4,0,3
MyBatis Generator Core,org.mybatis.generator.runtime.dynamic.sql.elements,BasicDeleteMethodGenerator.Builder,0,11,0,0,0,3,0,3,0,3
MyBatis Generator Core,org.mybatis.generator.runtime.dynamic.sql.elements,MethodAndImports.Builder,0,52,0,0,0,14,0,7,0,7
MyBatis Generator Core,org.mybatis.generator.runtime.dynamic.sql.elements,BasicSelectOneMethodGenerator,10,155,2,8,2,35,2,6,0,3
MyBatis Generator Core,org.mybatis.generator.runtime.dynamic.sql.elements,UpdateByExampleSelectiveMethodGenerator.Builder,0,26,0,0,0,9,0,6,0,6
MyBatis Generator Core,org.mybatis.generator.runtime.dynamic.sql.elements,SelectByExampleMethodGenerator,2,145,1,3,1,29,1,4,0,3
MyBatis Generator Core,org.mybatis.generator.runtime.dynamic.sql.elements,BasicInsertMethodGenerator.Builder,0,21,0,0,0,7,0,5,0,5
MyBatis Generator Core,org.mybatis.generator.runtime.dynamic.sql.elements,MethodParts,0,31,0,0,0,10,0,5,0,5
MyBatis Generator Core,org.mybatis.generator.runtime.dynamic.sql.elements,BasicCountMethodGenerator,2,84,1,1,1,19,1,3,0,3
MyBatis Generator Core,org.mybatis.generator.runtime.dynamic.sql.elements,DeleteByExampleMethodGenerator,2,83,1,1,1,17,1,3,0,3
MyBatis Generator Core,org.mybatis.generator.runtime.dynamic.sql.elements,SelectDistinctByExampleMethodGenerator,2,145,1,3,1,29,1,4,0,3
MyBatis Generator Core,org.mybatis.generator.runtime.dynamic.sql.elements,DeleteByExampleMethodGenerator.Builder,0,16,0,0,0,5,0,4,0,4
MyBatis Generator Core,org.mybatis.generator.runtime.dynamic.sql.elements,BasicSelectOneMethodGenerator.Builder,0,26,0,0,0,9,0,6,0,6
MyBatis Generator Core,org.mybatis.generator.runtime.dynamic.sql.elements,BasicDeleteMethodGenerator,7,81,3,1,2,19,2,3,0,3
MyBatis Generator Core,org.mybatis.generator.runtime.dynamic.sql.elements,MethodParts.Builder,7,64,0,0,2,16,1,7,1,7
MyBatis Generator Core,org.mybatis.generator.runtime.dynamic.sql.elements,InsertMethodGenerator,2,138,1,3,1,27,1,4,0,3
MyBatis Generator Core,org.mybatis.generator.runtime.dynamic.sql.elements,BasicSelectManyMethodGenerator.Builder,0,21,0,0,0,7,0,5,0,5
MyBatis Generator Core,org.mybatis.generator.runtime.dynamic.sql.elements,SelectByPrimaryKeyMethodGenerator,0,128,0,2,0,29,0,4,0,3
MyBatis Generator Core,org.mybatis.generator.runtime.dynamic.sql.elements,UpdateByPrimaryKeyMethodGenerator,0,119,0,4,0,25,0,5,0,3
MyBatis Generator Core,org.mybatis.generator.runtime.dynamic.sql.elements,BasicSelectManyMethodGenerator,2,129,1,5,1,30,1,5,0,3
MyBatis Generator Core,org.mybatis.generator.runtime.dynamic.sql.elements,UpdateByExampleMethodGenerator.Builder,0,26,0,0,0,9,0,6,0,6
MyBatis Generator Core,org.mybatis.generator.runtime.dynamic.sql.elements,InsertSelectiveMethodGenerator,2,170,1,5,1,31,1,5,0,3
MyBatis Generator Core,org.mybatis.generator.runtime.dynamic.sql.elements,AbstractMethodGenerator,0,51,0,4,0,13,0,4,0,2
MyBatis Generator Core,org.mybatis.generator.runtime.dynamic.sql.elements,FragmentGenerator,25,824,4,54,6,176,4,36,0,11
MyBatis Generator Core,org.mybatis.generator.runtime.dynamic.sql.elements,UpdateByExampleMethodGenerator,2,118,1,3,1,23,1,4,0,3
MyBatis Generator Core,org.mybatis.generator.runtime.dynamic.sql.elements,BasicUpdateMethodGenerator,27,81,11,1,6,19,6,3,0,3
MyBatis Generator Core,org.mybatis.generator.runtime.dynamic.sql.elements,UpdateByPrimaryKeySelectiveMethodGenerator,0,114,0,2,0,24,0,4,0,3
MyBatis Generator Core,org.mybatis.generator.runtime.dynamic.sql.elements,UpdateByExampleSelectiveMethodGenerator,2,113,1,1,1,22,1,3,0,3
MyBatis Generator Core,org.mybatis.generator.runtime.dynamic.sql.elements,CountByExampleMethodGenerator.Builder,0,16,0,0,0,5,0,4,0,4
MyBatis Generator Core,org.mybatis.generator.runtime.dynamic.sql.elements,MethodAndImports,0,30,0,0,0,9,0,5,0,5
MyBatis Generator Core,org.mybatis.generator.logging.log4j,Log4jImpl,47,0,0,0,13,0,7,0,7,0
MyBatis Generator Core,org.mybatis.generator.logging.log4j,Log4jLoggingLogFactory,5,3,0,0,1,1,1,1,1,1
MyBatis Generator Core,org.mybatis.generator.ant,AntProgressCallback,18,0,2,0,7,0,3,0,2,0
MyBatis Generator Core,org.mybatis.generator.ant,GeneratorAntTask,272,0,26,0,72,0,26,0,13,0
MyBatis Generator Core,org.mybatis.generator.codegen.ibatis2.dao.elements,UpdateByPrimaryKeyWithBLOBsMethodGenerator,0,165,3,7,0,44,3,6,0,4
MyBatis Generator Core,org.mybatis.generator.codegen.ibatis2.dao.elements,InsertMethodGenerator,37,208,6,14,11,57,6,8,0,4
MyBatis Generator Core,org.mybatis.generator.codegen.ibatis2.dao.elements,DeleteByPrimaryKeyMethodGenerator,0,272,3,13,0,71,3,9,0,4
MyBatis Generator Core,org.mybatis.generator.codegen.ibatis2.dao.elements,SelectByExampleWithoutBLOBsMethodGenerator,6,207,6,10,1,55,6,6,0,4
MyBatis Generator Core,org.mybatis.generator.codegen.ibatis2.dao.elements,AbstractDAOElementGenerator,66,57,12,8,16,22,7,7,0,4
MyBatis Generator Core,org.mybatis.generator.codegen.ibatis2.dao.elements,DeleteByExampleMethodGenerator,0,157,4,6,0,40,4,5,0,4
MyBatis Generator Core,org.mybatis.generator.codegen.ibatis2.dao.elements,InsertSelectiveMethodGenerator,37,206,6,14,11,56,6,8,0,4
MyBatis Generator Core,org.mybatis.generator.codegen.ibatis2.dao.elements,UpdateByExampleWithoutBLOBsMethodGenerator,0,185,4,8,0,49,4,6,0,4
MyBatis Generator Core,org.mybatis.generator.codegen.ibatis2.dao.elements,UpdateByPrimaryKeyWithoutBLOBsMethodGenerator,0,152,3,5,0,42,3,5,0,4
MyBatis Generator Core,org.mybatis.generator.codegen.ibatis2.dao.elements,SelectByPrimaryKeyMethodGenerator,0,298,3,13,0,78,3,9,0,4
MyBatis Generator Core,org.mybatis.generator.codegen.ibatis2.dao.elements,UpdateByExampleSelectiveMethodGenerator,0,198,4,10,0,52,4,7,0,4
MyBatis Generator Core,org.mybatis.generator.codegen.ibatis2.dao.elements,UpdateByPrimaryKeySelectiveMethodGenerator,0,165,3,7,0,44,3,6,0,4
MyBatis Generator Core,org.mybatis.generator.codegen.ibatis2.dao.elements,UpdateByExampleWithBLOBsMethodGenerator,0,185,4,8,0,49,4,6,0,4
MyBatis Generator Core,org.mybatis.generator.codegen.ibatis2.dao.elements,SelectByExampleWithBLOBsMethodGenerator,0,201,5,9,0,54,5,6,0,4
MyBatis Generator Core,org.mybatis.generator.codegen.ibatis2.dao.elements,CountByExampleMethodGenerator,3,164,5,7,1,41,5,5,0,4
MyBatis Generator Core,org.mybatis.generator.codegen.ibatis2.dao.elements,UpdateByExampleParmsInnerclassGenerator,0,120,0,0,0,34,0,3,0,3
MyBatis Generator Core,org.mybatis.generator.runtime.dynamic.sql,IntrospectedTableMyBatis3DynamicSqlImpl,2,35,1,1,1,12,1,5,0,5
MyBatis Generator Core,org.mybatis.generator.runtime.dynamic.sql,DynamicSqlModelGenerator,1,349,5,21,1,82,5,12,0,4
MyBatis Generator Core,org.mybatis.generator.runtime.dynamic.sql,DynamicSqlSupportClassGenerator,0,366,0,6,0,79,0,12,0,9
MyBatis Generator Core,org.mybatis.generator.runtime.dynamic.sql,DynamicSqlMapperGenerator,13,664,4,6,4,206,5,25,1,24
MyBatis Generator Core,org.mybatis.generator.codegen,RootClassInfo,109,71,16,6,27,25,9,7,0,5
MyBatis Generator Core,org.mybatis.generator.codegen,AbstractJavaClientGenerator,0,9,0,0,0,4,0,2,0,2
MyBatis Generator Core,org.mybatis.generator.codegen,XmlConstants,3,0,0,0,2,0,1,0,1,0
MyBatis Generator Core,org.mybatis.generator.codegen,AbstractXmlGenerator,0,3,0,0,0,1,0,1,0,1
MyBatis Generator Core,org.mybatis.generator.codegen,AbstractJavaGenerator,0,95,1,1,0,28,1,5,0,5
MyBatis Generator Core,org.mybatis.generator.codegen,AbstractGenerator,12,19,0,0,4,10,4,5,4,5
MyBatis Generator Core,org.mybatis.generator.codegen.ibatis2,IntrospectedTableIbatis2Java5Impl,0,5,0,0,0,2,0,2,0,2
MyBatis Generator Core,org.mybatis.generator.codegen.ibatis2,Ibatis2FormattingUtilities,8,281,1,25,3,72,2,20,1,8
MyBatis Generator Core,org.mybatis.generator.codegen.ibatis2,IntrospectedTableIbatis2Java2Impl,16,343,4,24,5,88,5,20,1,10
MyBatis Generator Core,org.mybatis.generator.codegen.mybatis3.xmlmapper,XMLMapperGenerator,2,423,2,40,1,122,2,43,0,24
MyBatis Generator Core,org.mybatis.generator.codegen.mybatis3.xmlmapper,SimpleXMLMapperGenerator,2,178,3,9,1,48,3,13,0,10
MyBatis Generator Core,org.mybatis.generator.codegen.mybatis3.xmlmapper,MixedMapperGenerator,0,8,0,0,0,6,0,6,0,6
MyBatis Generator Core,org.mybatis.generator.logging.slf4j,Slf4jLocationAwareLoggerImpl,57,0,0,0,14,0,7,0,7,0
MyBatis Generator Core,org.mybatis.generator.logging.slf4j,Slf4jLoggerImpl,21,10,0,0,8,4,4,2,4,2
MyBatis Generator Core,org.mybatis.generator.logging.slf4j,Slf4jLoggingLogFactory,0,8,0,0,0,2,0,2,0,2
MyBatis Generator Core,org.mybatis.generator.logging.slf4j,Slf4jImpl,63,19,1,1,14,6,5,2,4,2
MyBatis Generator Core,org.mybatis.generator.codegen.mybatis3.xmlmapper.elements,ResultMapWithoutBLOBsElementGenerator,29,308,5,23,7,82,5,13,0,4
MyBatis Generator Core,org.mybatis.generator.codegen.mybatis3.xmlmapper.elements,UpdateByExampleSelectiveElementGenerator,0,146,1,3,0,35,1,3,0,2
MyBatis Generator Core,org.mybatis.generator.codegen.mybatis3.xmlmapper.elements,CountByExampleElementGenerator,0,77,1,1,0,18,1,2,0,2
MyBatis Generator Core,org.mybatis.generator.codegen.mybatis3.xmlmapper.elements,SimpleSelectByPrimaryKeyElementGenerator,14,200,3,15,3,51,3,8,0,2
MyBatis Generator Core,org.mybatis.generator.codegen.mybatis3.xmlmapper.elements,UpdateByExampleWithBLOBsElementGenerator,0,125,1,7,0,34,1,5,0,2
MyBatis Generator Core,org.mybatis.generator.codegen.mybatis3.xmlmapper.elements,SelectByExampleWithoutBLOBsElementGenerator,21,139,2,2,4,33,2,2,0,2
MyBatis Generator Core,org.mybatis.generator.codegen.mybatis3.xmlmapper.elements,UpdateByPrimaryKeySelectiveElementGenerator,0,206,1,9,0,52,1,6,0,2
MyBatis Generator Core,org.mybatis.generator.codegen.mybatis3.xmlmapper.elements,AbstractXmlElementGenerator,0,138,0,0,0,35,0,6,0,6
MyBatis Generator Core,org.mybatis.generator.codegen.mybatis3.xmlmapper.elements,ExampleWhereClauseElementGenerator,0,444,1,19,0,104,1,12,0,3
MyBatis Generator Core,org.mybatis.generator.codegen.mybatis3.xmlmapper.elements,SimpleSelectAllElementGenerator,0,146,2,10,0,37,2,6,0,2
MyBatis Generator Core,org.mybatis.generator.codegen.mybatis3.xmlmapper.elements,BaseColumnListElementGenerator,0,85,1,9,0,22,1,6,0,2
MyBatis Generator Core,org.mybatis.generator.codegen.mybatis3.xmlmapper.elements,DeleteByPrimaryKeyElementGenerator,0,148,1,11,0,37,1,7,0,2
MyBatis Generator Core,org.mybatis.generator.codegen.mybatis3.xmlmapper.elements,SelectByExampleWithBLOBsElementGenerator,21,149,2,2,4,36,2,2,0,2
MyBatis Generator Core,org.mybatis.generator.codegen.mybatis3.xmlmapper.elements,InsertSelectiveElementGenerator,0,327,2,12,0,77,2,7,0,2
MyBatis Generator Core,org.mybatis.generator.codegen.mybatis3.xmlmapper.elements,UpdateByExampleWithoutBLOBsElementGenerator,0,125,1,7,0,34,1,5,0,2
MyBatis Generator Core,org.mybatis.generator.codegen.mybatis3.xmlmapper.elements,InsertElementGenerator,0,245,2,16,0,61,2,9,0,2
MyBatis Generator Core,org.mybatis.generator.codegen.mybatis3.xmlmapper.elements,DeleteByExampleElementGenerator,0,70,1,1,0,17,1,2,0,2
MyBatis Generator Core,org.mybatis.generator.codegen.mybatis3.xmlmapper.elements,UpdateByPrimaryKeyWithBLOBsElementGenerator,0,186,1,13,0,52,1,8,0,2
MyBatis Generator Core,org.mybatis.generator.codegen.mybatis3.xmlmapper.elements,UpdateByPrimaryKeyWithoutBLOBsElementGenerator,0,187,1,13,0,51,1,8,0,2
MyBatis Generator Core,org.mybatis.generator.codegen.mybatis3.xmlmapper.elements,BlobColumnListElementGenerator,11,74,3,7,2,20,3,4,0,2
MyBatis Generator Core,org.mybatis.generator.codegen.mybatis3.xmlmapper.elements,ResultMapWithBLOBsElementGenerator,47,256,5,19,11,70,5,11,0,4
MyBatis Generator Core,org.mybatis.generator.codegen.mybatis3.xmlmapper.elements,SelectByPrimaryKeyElementGenerator,14,203,2,14,3,51,2,8,0,2
MyBatis Generator Core,org.mybatis.generator.logging.log4j2,Log4j2LoggingLogFactory,5,3,0,0,1,1,1,1,1,1
MyBatis Generator Core,org.mybatis.generator.logging.log4j2,Log4j2AbstractLoggerImpl,72,0,0,0,14,0,7,0,7,0
MyBatis Generator Core,org.mybatis.generator.logging.log4j2,Log4j2LoggerImpl,39,0,0,0,13,0,7,0,7,0
MyBatis Generator Core,org.mybatis.generator.logging.log4j2,Log4j2Impl,48,0,2,0,15,0,7,0,6,0
MyBatis Generator Core,org.mybatis.generator.internal.types,JavaTypeResolverDefaultImpl.JdbcTypeInformation,0,15,0,0,0,6,0,3,0,3
MyBatis Generator Core,org.mybatis.generator.internal.types,JdbcTypeNameTranslator,445,0,4,0,81,0,6,0,4,0
MyBatis Generator Core,org.mybatis.generator.internal.types,JavaTypeResolverDefaultImpl,35,709,7,21,11,121,8,20,1,11
MyBatis Generator Core,org.mybatis.generator.codegen.mybatis3.javamapper.elements,UpdateByPrimaryKeySelectiveMethodGenerator,0,84,1,3,0,25,1,5,0,4
MyBatis Generator Core,org.mybatis.generator.codegen.mybatis3.javamapper.elements,AbstractJavaMapperMethodGenerator,0,223,2,14,0,56,2,10,0,4
MyBatis Generator Core,org.mybatis.generator.codegen.mybatis3.javamapper.elements,SelectAllMethodGenerator,0,74,1,1,0,22,1,4,0,4
MyBatis Generator Core,org.mybatis.generator.codegen.mybatis3.javamapper.elements,DeleteByExampleMethodGenerator,0,71,1,1,0,20,1,4,0,4
MyBatis Generator Core,org.mybatis.generator.codegen.mybatis3.javamapper.elements,SelectByExampleWithBLOBsMethodGenerator,0,105,1,3,0,31,1,5,0,4
MyBatis Generator Core,org.mybatis.generator.codegen.mybatis3.javamapper.elements,InsertMethodGenerator,0,83,1,3,0,24,1,5,0,4
MyBatis Generator Core,org.mybatis.generator.codegen.mybatis3.javamapper.elements,UpdateByPrimaryKeyWithBLOBsMethodGenerator,0,84,1,3,0,25,1,5,0,4
MyBatis Generator Core,org.mybatis.generator.codegen.mybatis3.javamapper.elements,InsertSelectiveMethodGenerator,0,69,1,1,0,20,1,4,0,4
MyBatis Generator Core,org.mybatis.generator.codegen.mybatis3.javamapper.elements,UpdateByExampleWithBLOBsMethodGenerator,0,111,1,3,0,30,1,5,0,4
MyBatis Generator Core,org.mybatis.generator.codegen.mybatis3.javamapper.elements,DeleteByPrimaryKeyMethodGenerator,0,158,1,13,0,43,1,10,0,4
MyBatis Generator Core,org.mybatis.generator.codegen.mybatis3.javamapper.elements,UpdateByExampleSelectiveMethodGenerator,0,96,1,1,0,26,1,4,0,4
MyBatis Generator Core,org.mybatis.generator.codegen.mybatis3.javamapper.elements,SelectByPrimaryKeyMethodGenerator,0,168,1,13,0,46,1,10,0,4
MyBatis Generator Core,org.mybatis.generator.codegen.mybatis3.javamapper.elements,CountByExampleMethodGenerator,0,74,1,1,0,20,1,4,0,4
MyBatis Generator Core,org.mybatis.generator.codegen.mybatis3.javamapper.elements,SelectByExampleWithoutBLOBsMethodGenerator,6,111,2,4,1,31,2,5,0,4
MyBatis Generator Core,org.mybatis.generator.codegen.mybatis3.javamapper.elements,UpdateByPrimaryKeyWithoutBLOBsMethodGenerator,0,71,1,1,0,21,1,4,0,4
MyBatis Generator Core,org.mybatis.generator.codegen.mybatis3.javamapper.elements,UpdateByExampleWithoutBLOBsMethodGenerator,0,111,1,3,0,29,1,5,0,4
MyBatis Generator Core,org.mybatis.generator.codegen.mybatis3.model,SimpleModelGenerator,121,171,15,11,32,40,13,4,1,3
MyBatis Generator Core,org.mybatis.generator.codegen.mybatis3.model,RecordWithBLOBsGenerator,4,312,6,22,2,74,6,11,0,3
MyBatis Generator Core,org.mybatis.generator.codegen.mybatis3.model,BaseRecordGenerator,1,427,5,47,1,101,5,28,0,7
MyBatis Generator Core,org.mybatis.generator.codegen.mybatis3.model,PrimaryKeyGenerator,1,253,5,17,1,60,5,9,0,3
MyBatis Generator Core,org.mybatis.generator.codegen.mybatis3.model,ExampleGenerator,0,2638,1,61,0,760,1,50,0,20
MyBatis Generator Core,org.mybatis.generator.api.dom.java,InnerEnum,204,141,25,11,63,39,30,3,12,3
MyBatis Generator Core,org.mybatis.generator.api.dom.java,InnerInterface,39,229,8,18,12,66,8,20,1,14
MyBatis Generator Core,org.mybatis.generator.api.dom.java,InitializationBlock,118,58,17,3,39,18,20,2,10,2
MyBatis Generator Core,org.mybatis.generator.api.dom.java,TopLevelEnumeration,195,0,18,0,53,0,22,0,13,0
MyBatis Generator Core,org.mybatis.generator.api.dom.java,Method,31,487,11,45,9,138,9,48,0,29
MyBatis Generator Core,org.mybatis.generator.api.dom.java,Interface,11,182,3,13,3,48,3,17,0,12
MyBatis Generator Core,org.mybatis.generator.api.dom.java,TopLevelClass,54,154,5,15,17,40,11,13,6,8
MyBatis Generator Core,org.mybatis.generator.api.dom.java,Field,32,121,3,9,11,36,6,14,3,11
MyBatis Generator Core,org.mybatis.generator.api.dom.java,JavaElement,0,130,0,4,0,41,0,17,0,15
MyBatis Generator Core,org.mybatis.generator.api.dom.java,JavaReservedWords,6,238,1,3,3,8,2,3,1,2
MyBatis Generator Core,org.mybatis.generator.api.dom.java,TypeParameter,0,75,0,6,0,21,0,9,0,6
MyBatis Generator Core,org.mybatis.generator.api.dom.java,JavaDomUtils,3,111,0,18,1,30,1,14,1,5
MyBatis Generator Core,org.mybatis.generator.api.dom.java,FullyQualifiedJavaType,94,714,13,87,21,195,13,72,0,35
MyBatis Generator Core,org.mybatis.generator.api.dom.java,PrimitiveTypeWrapper,53,37,10,6,16,12,11,7,6,4
MyBatis Generator Core,org.mybatis.generator.api.dom.java,JavaVisibility,9,59,0,0,0,9,2,3,2,3
MyBatis Generator Core,org.mybatis.generator.api.dom.java,Parameter,23,90,1,3,7,25,5,8,4,7
MyBatis Generator Core,org.mybatis.generator.api.dom.java,InnerClass,9,441,3,45,3,129,3,44,0,23
MyBatis Generator Core,org.mybatis.generator.codegen.mybatis3.javamapper.elements.annotated,AnnotatedDeleteByExampleMethodGenerator,0,49,0,0,0,13,0,3,0,3
MyBatis Generator Core,org.mybatis.generator.codegen.mybatis3.javamapper.elements.annotated,AnnotatedInsertSelectiveMethodGenerator,0,69,0,4,0,19,0,5,0,3
MyBatis Generator Core,org.mybatis.generator.codegen.mybatis3.javamapper.elements.annotated,AnnotatedSelectByExampleWithoutBLOBsMethodGenerator,0,183,0,14,0,45,0,10,0,3
MyBatis Generator Core,org.mybatis.generator.codegen.mybatis3.javamapper.elements.annotated,AnnotatedUpdateByPrimaryKeySelectiveMethodGenerator,0,49,0,0,0,13,0,3,0,3
MyBatis Generator Core,org.mybatis.generator.codegen.mybatis3.javamapper.elements.annotated,AnnotatedDeleteByPrimaryKeyMethodGenerator,0,108,0,6,0,33,0,6,0,3
MyBatis Generator Core,org.mybatis.generator.codegen.mybatis3.javamapper.elements.annotated,AnnotatedUpdateByPrimaryKeyWithBLOBsMethodGenerator,0,174,0,12,0,51,0,9,0,3
MyBatis Generator Core,org.mybatis.generator.codegen.mybatis3.javamapper.elements.annotated,AnnotatedCountByExampleMethodGenerator,0,49,0,0,0,13,0,3,0,3
MyBatis Generator Core,org.mybatis.generator.codegen.mybatis3.javamapper.elements.annotated,AnnotatedInsertMethodGenerator,0,209,0,18,0,61,0,12,0,3
MyBatis Generator Core,org.mybatis.generator.codegen.mybatis3.javamapper.elements.annotated,AnnotatedSelectByPrimaryKeyMethodGenerator,19,401,8,34,4,106,6,21,0,6
MyBatis Generator Core,org.mybatis.generator.codegen.mybatis3.javamapper.elements.annotated,AnnotatedUpdateByExampleWithBLOBsMethodGenerator,0,49,0,0,0,13,0,3,0,3
MyBatis Generator Core,org.mybatis.generator.codegen.mybatis3.javamapper.elements.annotated,AnnotatedUpdateByPrimaryKeyWithoutBLOBsMethodGenerator,0,187,0,14,0,54,0,10,0,3
MyBatis Generator Core,org.mybatis.generator.codegen.mybatis3.javamapper.elements.annotated,AnnotatedSelectByExampleWithBLOBsMethodGenerator,0,183,1,13,0,45,1,9,0,3
MyBatis Generator Core,org.mybatis.generator.codegen.mybatis3.javamapper.elements.annotated,AnnotatedSelectAllMethodGenerator,17,293,3,23,3,81,3,14,0,4
MyBatis Generator Core,org.mybatis.generator.codegen.mybatis3.javamapper.elements.annotated,AnnotatedUpdateByExampleWithoutBLOBsMethodGenerator,0,49,0,0,0,13,0,3,0,3
MyBatis Generator Core,org.mybatis.generator.codegen.mybatis3.javamapper.elements.annotated,AnnotatedUpdateByExampleSelectiveMethodGenerator,0,49,0,0,0,13,0,3,0,3
MyBatis Generator Core,org.mybatis.generator.api.dom,DefaultJavaFormatter,3,7,0,0,1,3,1,2,1,2
MyBatis Generator Core,org.mybatis.generator.api.dom,DefaultXmlFormatter,0,10,0,0,0,4,0,3,0,3
MyBatis Generator Core,org.mybatis.generator.api.dom,OutputUtilities,5,90,1,9,3,24,2,9,1,5
MyBatis Generator Core,org.mybatis.generator.internal.db,DatabaseIntrospector,402,913,69,123,109,271,50,59,0,13
MyBatis Generator Core,org.mybatis.generator.internal.db,SqlReservedWords,6,3691,1,3,3,8,2,3,1,2
MyBatis Generator Core,org.mybatis.generator.internal.db,DatabaseDialects,32,157,8,10,8,26,10,5,2,4
MyBatis Generator Core,org.mybatis.generator.internal.db,ActualTableName,5,43,2,2,2,12,3,6,1,6
MyBatis Generator Core,org.mybatis.generator.codegen.ibatis2.dao,DAOGenerator,16,558,15,33,5,138,14,31,1,20
MyBatis Generator Core,org.mybatis.generator.codegen.ibatis2.sqlmap.elements,DeleteByExampleElementGenerator,0,99,1,1,0,24,1,2,0,2
MyBatis Generator Core,org.mybatis.generator.codegen.ibatis2.sqlmap.elements,SelectByExampleWithBLOBsElementGenerator,21,194,2,2,4,47,2,2,0,2
MyBatis Generator Core,org.mybatis.generator.codegen.ibatis2.sqlmap.elements,UpdateByPrimaryKeyWithoutBLOBsElementGenerator,0,173,1,11,0,49,1,7,0,2
MyBatis Generator Core,org.mybatis.generator.codegen.ibatis2.sqlmap.elements,AbstractXmlElementGenerator,0,102,0,2,0,24,0,5,0,4
MyBatis Generator Core,org.mybatis.generator.codegen.ibatis2.sqlmap.elements,DeleteByPrimaryKeyElementGenerator,0,128,1,7,0,33,1,5,0,2
MyBatis Generator Core,org.mybatis.generator.codegen.ibatis2.sqlmap.elements,UpdateByPrimaryKeySelectiveElementGenerator,0,203,1,9,0,52,1,6,0,2
MyBatis Generator Core,org.mybatis.generator.codegen.ibatis2.sqlmap.elements,SelectByPrimaryKeyElementGenerator,14,189,2,12,3,48,2,7,0,2
MyBatis Generator Core,org.mybatis.generator.codegen.ibatis2.sqlmap.elements,UpdateByPrimaryKeyWithBLOBsElementGenerator,0,185,1,13,0,52,1,8,0,2
MyBatis Generator Core,org.mybatis.generator.codegen.ibatis2.sqlmap.elements,SelectByExampleWithoutBLOBsElementGenerator,21,184,2,2,4,44,2,2,0,2
MyBatis Generator Core,org.mybatis.generator.codegen.ibatis2.sqlmap.elements,ResultMapWithoutBLOBsElementGenerator,1,142,3,11,1,31,3,6,0,2
MyBatis Generator Core,org.mybatis.generator.codegen.ibatis2.sqlmap.elements,BlobColumnListElementGenerator,11,74,3,7,2,20,3,4,0,2
MyBatis Generator Core,org.mybatis.generator.codegen.ibatis2.sqlmap.elements,InsertElementGenerator,0,222,3,21,0,60,3,11,0,2
MyBatis Generator Core,org.mybatis.generator.codegen.ibatis2.sqlmap.elements,CountByExampleElementGenerator,0,106,1,1,0,25,1,2,0,2
MyBatis Generator Core,org.mybatis.generator.codegen.ibatis2.sqlmap.elements,ResultMapWithBLOBsElementGenerator,19,156,5,9,3,33,5,4,0,2
MyBatis Generator Core,org.mybatis.generator.codegen.ibatis2.sqlmap.elements,UpdateByExampleWithoutBLOBsElementGenerator,0,149,1,7,0,39,1,5,0,2
MyBatis Generator Core,org.mybatis.generator.codegen.ibatis2.sqlmap.elements,UpdateByExampleWithBLOBsElementGenerator,0,149,1,7,0,40,1,5,0,2
MyBatis Generator Core,org.mybatis.generator.codegen.ibatis2.sqlmap.elements,BaseColumnListElementGenerator,0,85,1,9,0,22,1,6,0,2
MyBatis Generator Core,org.mybatis.generator.codegen.ibatis2.sqlmap.elements,InsertSelectiveElementGenerator,0,235,3,15,0,56,3,8,0,2
MyBatis Generator Core,org.mybatis.generator.codegen.ibatis2.sqlmap.elements,ExampleWhereClauseElementGenerator,0,680,1,5,0,132,1,4,0,2
MyBatis Generator Core,org.mybatis.generator.codegen.ibatis2.sqlmap.elements,UpdateByExampleSelectiveElementGenerator,0,168,1,3,0,40,1,3,0,2
MyBatis Generator Core,org.mybatis.generator.logging.commons,JakartaCommonsLoggingImpl,32,0,0,0,12,0,6,0,6,0
MyBatis Generator Core,org.mybatis.generator.logging.commons,JakartaCommonsLoggingLogFactory,5,3,0,0,1,1,1,1,1,1
MyBatis Generator Core,org.mybatis.generator.codegen.ibatis2.dao.templates,AbstractDAOTemplate,22,463,2,16,6,123,3,38,1,31
MyBatis Generator Core,org.mybatis.generator.codegen.ibatis2.dao.templates,GenericCIDAOTemplate,0,87,0,0,0,32,0,10,0,10
MyBatis Generator Core,org.mybatis.generator.codegen.ibatis2.dao.templates,GenericSIDAOTemplate,0,121,0,0,0,42,0,11,0,11
MyBatis Generator Core,org.mybatis.generator.codegen.ibatis2.dao.templates,SpringDAOTemplate,0,47,0,0,0,20,0,8,0,8
MyBatis Generator Core,org.mybatis.generator.codegen.ibatis2.dao.templates,IbatisDAOTemplate,66,0,0,0,24,0,9,0,9,0
MyBatis Generator Core,org.mybatis.generator.config,PluginConfiguration,27,8,3,1,6,4,3,2,1,2
MyBatis Generator Core,org.mybatis.generator.config,ColumnOverride,89,62,12,2,17,24,9,14,2,14
MyBatis Generator Core,org.mybatis.generator.config,JavaModelGeneratorConfiguration,45,26,6,2,9,11,5,6,1,6
MyBatis Generator Core,org.mybatis.generator.config,Context,212,546,41,59,52,154,33,58,6,35
MyBatis Generator Core,org.mybatis.generator.config,PropertyRegistry,3,0,0,0,1,0,1,0,1,0
MyBatis Generator Core,org.mybatis.generator.config,DomainObjectRenamingRule,32,22,3,1,6,9,3,6,1,6
MyBatis Generator Core,org.mybatis.generator.config,JDBCConnectionConfiguration,64,36,6,2,13,15,6,9,2,9
MyBatis Generator Core,org.mybatis.generator.config,CommentGeneratorConfiguration,21,3,2,0,5,2,2,1,1,1
MyBatis Generator Core,org.mybatis.generator.config,JavaClientGeneratorConfiguration,73,37,11,3,14,15,8,8,1,8
MyBatis Generator Core,org.mybatis.generator.config,IgnoredColumnPattern,37,55,4,6,7,17,4,6,1,4
MyBatis Generator Core,org.mybatis.generator.config,MergeConstants,3,31,0,0,2,2,1,1,1,1
MyBatis Generator Core,org.mybatis.generator.config,SqlMapGeneratorConfiguration,45,26,6,2,9,11,5,6,1,6
MyBatis Generator Core,org.mybatis.generator.config,TableConfiguration,482,394,85,39,112,110,65,59,20,42
MyBatis Generator Core,org.mybatis.generator.config,PropertyHolder,38,23,2,0,10,7,2,4,1,4
MyBatis Generator Core,org.mybatis.generator.config,ColumnRenamingRule,36,18,3,1,8,7,4,5,2,5
MyBatis Generator Core,org.mybatis.generator.config,JavaTypeResolverConfiguration,24,0,2,0,7,0,3,0,2,0
MyBatis Generator Core,org.mybatis.generator.config,IgnoredColumn,66,30,10,2,14,10,10,5,4,5
MyBatis Generator Core,org.mybatis.generator.config,GeneratedKey,81,93,13,15,12,27,10,14,1,9
MyBatis Generator Core,org.mybatis.generator.config,TypedPropertyHolder,0,14,0,2,0,6,0,4,0,3
MyBatis Generator Core,org.mybatis.generator.config,Configuration,106,64,12,6,24,17,10,7,3,5
MyBatis Generator Core,org.mybatis.generator.config,ConnectionFactoryConfiguration,41,17,7,3,7,6,6,2,1,2
MyBatis Generator Core,org.mybatis.generator.config,ModelType,16,69,1,5,1,14,3,6,2,4
MyBatis Generator Core,org.mybatis.generator.config,IgnoredColumnException,38,4,4,0,8,2,4,1,2,1
MyBatis Generator Core,org.mybatis.generator.exception,ShellException,16,0,0,0,8,0,4,0,4,0
MyBatis Generator Core,org.mybatis.generator.exception,InvalidConfigurationException,16,9,4,0,3,4,3,2,1,2
MyBatis Generator Core,org.mybatis.generator.exception,XMLParserException,39,0,4,0,11,0,6,0,4,0
MyBatis Generator Core,org.mybatis.generator.codegen.mybatis3.javamapper,SimpleAnnotatedClientGenerator,0,76,1,7,0,22,1,10,0,7
MyBatis Generator Core,org.mybatis.generator.codegen.mybatis3.javamapper,SimpleJavaClientGenerator,15,189,5,11,4,56,5,14,0,11
MyBatis Generator Core,org.mybatis.generator.codegen.mybatis3.javamapper,JavaMapperGenerator,0,362,9,27,0,107,9,29,0,20
MyBatis Generator Core,org.mybatis.generator.codegen.mybatis3.javamapper,MixedClientGenerator,0,83,1,9,0,23,1,11,0,7
MyBatis Generator Core,org.mybatis.generator.codegen.mybatis3.javamapper,AnnotatedClientGenerator,4,242,8,22,1,69,8,24,0,17
MyBatis Generator Core,org.mybatis.generator.codegen.mybatis3.javamapper,SqlProviderGenerator,0,324,9,15,0,87,9,16,0,13
MyBatis Generator Core,org.mybatis.generator.api,PluginAdapter,10,176,0,0,4,87,4,83,4,83
MyBatis Generator Core,org.mybatis.generator.api,IntrospectedTable.TargetRuntime,9,39,0,0,0,4,2,2,2,2
MyBatis Generator Core,org.mybatis.generator.api,IntrospectedColumn,75,281,12,32,19,85,17,55,5,45
MyBatis Generator Core,org.mybatis.generator.api,GeneratedXmlFile,7,31,0,0,3,10,2,4,2,4
MyBatis Generator Core,org.mybatis.generator.api,GeneratedJavaFile,11,40,0,0,3,10,3,5,3,5
MyBatis Generator Core,org.mybatis.generator.api,ShellRunner,450,0,60,0,117,0,36,0,6,0
MyBatis Generator Core,org.mybatis.generator.api,IntrospectedTable.InternalAttribute,9,389,0,0,0,39,2,2,2,2
MyBatis Generator Core,org.mybatis.generator.api,IntrospectedTable,100,1638,22,90,32,446,21,166,5,126
MyBatis Generator Core,org.mybatis.generator.api,GeneratedFile,6,6,0,0,2,3,2,1,2,1
MyBatis Generator Core,org.mybatis.generator.api,MyBatisGenerator,407,152,39,15,102,42,30,8,7,4
MyBatis Generator Core,org.mybatis.generator.api,VerboseProgressCallback,7,0,0,0,4,0,2,0,2,0
MyBatis Generator Core,org.mybatis.generator.api,FullyQualifiedTable,115,377,27,49,21,91,24,30,2,14
MyBatis Generator Core,org.mybatis.generator.api,Plugin.ModelClassType,9,39,0,0,0,4,2,2,2,2
MyBatis Generator Core,org.mybatis.generator.internal.rules,BaseRules,42,449,35,109,4,127,28,69,1,24
MyBatis Generator Core,org.mybatis.generator.internal.rules,HierarchicalModelRules,0,16,0,0,0,5,0,4,0,4
MyBatis Generator Core,org.mybatis.generator.internal.rules,RulesDelegate,114,0,0,0,30,0,28,0,28,0
MyBatis Generator Core,org.mybatis.generator.internal.rules,FlatModelRules,0,10,0,0,0,5,0,4,0,4
MyBatis Generator Core,org.mybatis.generator.internal.rules,ConditionalModelRules,5,60,4,12,0,11,3,10,0,5
