GROUP,PACKAGE,CLASS,INSTRUCTION_MISSED,INSTRUCTION_COVERED,BRANCH_MISSED,BRANCH_COVERED,LINE_MISSED,LINE_COVERED,COMPLEXITY_MISSED,COMPLEXITY_COVERED,METHOD_MISSED,METHOD_COVERED
MyBatis Generator Core,org.mybatis.generator.plugins.dsql,DisableUpdatePlugin,8,17,0,0,4,8,4,8,4,8
MyBatis Generator Core,org.mybatis.generator.plugins.dsql,DisableInsertPlugin,2,25,0,0,1,12,1,12,1,12
MyBatis Generator Core,org.mybatis.generator.plugins.dsql,DisableDeletePlugin,2,11,0,0,1,5,1,5,1,5
MyBatis Generator Core,org.mybatis.generator.plugins.dsql,ReadOnlyPlugin,0,20,0,0,0,6,0,2,0,2
MyBatis Generator Core,org.mybatis.generator.internal.util.messages,Messages,16,53,0,0,8,5,0,5,0,5
MyBatis Generator Core,org.mybatis.generator.api.dom.kotlin.render,KotlinArgRenderer,0,40,0,0,0,7,0,5,0,5
MyBatis Generator Core,org.mybatis.generator.api.dom.kotlin.render,KotlinPropertyRenderer,0,47,0,0,0,9,0,5,0,5
MyBatis Generator Core,org.mybatis.generator.api.dom.kotlin.render,KotlinTypeRenderer,0,195,0,18,0,42,0,12,0,3
MyBatis Generator Core,org.mybatis.generator.api.dom.kotlin.render,KotlinFunctionRenderer,0,104,0,8,0,25,0,10,0,6
MyBatis Generator Core,org.mybatis.generator.api.dom.kotlin.render,KotlinRenderingUtilities,0,21,0,2,0,5,0,3,0,2
MyBatis Generator Core,org.mybatis.generator.api.dom.kotlin.render,KotlinFileRenderer,0,101,0,6,0,19,0,9,0,6
MyBatis Generator Core,org.mybatis.generator.api.dom.kotlin.render,KotlinNamedItemRenderer,0,26,0,0,0,5,0,5,0,5
MyBatis Generator Core,org.mybatis.generator.api.dom.xml,Document,0,34,0,0,0,11,0,5,0,5
MyBatis Generator Core,org.mybatis.generator.api.dom.xml,TextElement,0,10,0,0,0,2,0,2,0,2
MyBatis Generator Core,org.mybatis.generator.api.dom.xml,XmlElement,10,78,0,2,4,19,2,10,2,9
MyBatis Generator Core,org.mybatis.generator.api.dom.xml,SystemDocType,0,10,0,0,0,2,0,2,0,2
MyBatis Generator Core,org.mybatis.generator.api.dom.xml,PublicDocType,0,13,0,0,0,2,0,2,0,2
MyBatis Generator Core,org.mybatis.generator.api.dom.xml,Attribute,0,13,0,0,0,4,0,1,0,1
MyBatis Generator Core,org.mybatis.generator.plugins,RenameExampleClassPlugin,22,53,8,4,4,13,6,3,0,3
MyBatis Generator Core,org.mybatis.generator.plugins,UnmergeableXmlMappersPlugin,0,10,0,0,0,4,0,3,0,3
MyBatis Generator Core,org.mybatis.generator.plugins,VirtualPrimaryKeyPlugin,30,0,4,0,11,0,5,0,3,0
MyBatis Generator Core,org.mybatis.generator.plugins,JSpecifyPlugin,1,248,2,36,0,61,2,40,0,23
MyBatis Generator Core,org.mybatis.generator.plugins,SerializablePlugin,8,103,2,2,2,27,2,8,0,8
MyBatis Generator Core,org.mybatis.generator.plugins,CacheNamespacePlugin,0,195,0,8,0,45,0,19,0,15
MyBatis Generator Core,org.mybatis.generator.plugins,RecordBuilderPlugin,0,252,0,16,0,57,0,20,0,12
MyBatis Generator Core,org.mybatis.generator.plugins,CacheNamespacePlugin.CacheProperty,0,80,0,0,0,15,0,5,0,5
MyBatis Generator Core,org.mybatis.generator.plugins,IgnoreViewsPlugin,0,14,0,2,0,3,0,4,0,3
MyBatis Generator Core,org.mybatis.generator.plugins,RecordWithMethodsPlugin,0,89,0,2,0,23,0,5,0,4
MyBatis Generator Core,org.mybatis.generator.plugins,MapperAnnotationPlugin,0,20,1,1,0,6,1,3,0,3
MyBatis Generator Core,org.mybatis.generator.plugins,CaseInsensitiveLikePlugin,0,134,0,4,0,36,0,10,0,8
MyBatis Generator Core,org.mybatis.generator.plugins,EqualsHashCodePlugin,89,458,12,22,25,127,9,18,0,8
MyBatis Generator Core,org.mybatis.generator.plugins,MapperConfigPlugin,212,0,8,0,43,0,8,0,4,0
MyBatis Generator Core,org.mybatis.generator.plugins,BaseRecordPlugin,0,61,0,6,0,14,0,6,0,3
MyBatis Generator Core,org.mybatis.generator.plugins,ToStringPlugin,20,109,3,3,4,29,4,6,2,5
MyBatis Generator Core,org.mybatis.generator.plugins,CachePlugin.CacheProperty,60,0,0,0,12,0,4,0,4,0
MyBatis Generator Core,org.mybatis.generator.plugins,RowBoundsPlugin,1,154,2,8,1,36,2,13,0,10
MyBatis Generator Core,org.mybatis.generator.plugins,CachePlugin,66,0,6,0,15,0,7,0,4,0
MyBatis Generator Core,org.mybatis.generator.plugins,FluentBuilderMethodsPlugin,0,59,0,0,0,14,0,3,0,3
MyBatis Generator Core,org.mybatis.generator.internal.util,JavaBeansUtil,3,395,1,31,1,108,1,34,0,19
MyBatis Generator Core,org.mybatis.generator.internal.util,StringUtility,53,228,13,39,14,60,10,34,2,16
MyBatis Generator Core,org.mybatis.generator.internal.util,CustomCollectors,0,24,0,0,0,4,0,2,0,2
MyBatis Generator Core,org.mybatis.generator.internal.util,ClassloaderUtility,63,0,4,0,14,0,4,0,2,0
MyBatis Generator Core,org.mybatis.generator.merge.java,JavaFileMergerJavaParserImpl,3,225,3,13,2,49,3,14,0,9
MyBatis Generator Core,org.mybatis.generator.merge.java,JavaMergerFactory,3,5,0,0,1,1,1,1,1,1
MyBatis Generator Core,org.mybatis.generator.merge.java,EclipseOrderedPrinterConfiguration,0,85,0,0,0,11,0,1,0,1
MyBatis Generator Core,org.mybatis.generator.merge.java,JavaMergerFactory.PrinterConfiguration,0,15,0,0,0,3,0,1,0,1
MyBatis Generator Core,org.mybatis.generator.merge.java,CustomMemberGatherer.GeneratedType,0,21,0,0,0,4,0,1,0,1
MyBatis Generator Core,org.mybatis.generator.merge.java,JavaFileMergerJavaParserImpl.FileType,0,28,0,0,0,7,0,3,0,3
MyBatis Generator Core,org.mybatis.generator.merge.java,JavaMergeUtilities,16,199,6,32,4,49,6,21,0,8
MyBatis Generator Core,org.mybatis.generator.merge.java,JavaFileMergerJavaParserImpl.ParseResults,0,9,0,0,0,1,0,1,0,1
MyBatis Generator Core,org.mybatis.generator.merge.java,JavaFileMerger,33,0,2,0,7,0,3,0,2,0
MyBatis Generator Core,org.mybatis.generator.merge.java,CustomMemberGatherer,14,321,11,39,4,85,10,33,0,18
MyBatis Generator Core,org.mybatis.generator.config.xml,MyBatisGeneratorConfigurationParser,126,1207,27,90,27,305,29,70,3,28
MyBatis Generator Core,org.mybatis.generator.config.xml,ConfigurationParser,51,159,6,6,10,41,5,10,0,9
MyBatis Generator Core,org.mybatis.generator.config.xml,ParserErrorHandler,24,21,0,0,6,7,2,2,2,2
MyBatis Generator Core,org.mybatis.generator.config.xml,ParserEntityResolver,2,18,1,1,1,4,1,2,0,2
MyBatis Generator Core,org.mybatis.generator.runtime.dynamicsql.java,DynamicSqlSupportClassGenerator,0,402,0,12,0,96,0,16,0,10
MyBatis Generator Core,org.mybatis.generator.runtime.dynamicsql.java,DynamicSqlSupportClassGenerator.Builder,0,10,0,0,0,3,0,3,0,3
MyBatis Generator Core,org.mybatis.generator.runtime.dynamicsql.java,JavaDynamicSqlRuntime.Builder,0,10,0,0,0,3,0,3,0,3
MyBatis Generator Core,org.mybatis.generator.runtime.dynamicsql.java,DynamicSqlMapperGenerator.Builder,0,10,0,0,0,3,0,3,0,3
MyBatis Generator Core,org.mybatis.generator.runtime.dynamicsql.java,JavaDynamicSqlRuntime,0,69,1,3,0,17,1,5,0,4
MyBatis Generator Core,org.mybatis.generator.runtime.dynamicsql.java,DynamicSqlMapperGenerator,0,654,4,24,0,209,4,36,0,26
MyBatis Generator Core,org.mybatis.generator.internal,JDBCConnectionFactory,6,78,0,2,0,18,1,5,1,4
MyBatis Generator Core,org.mybatis.generator.internal,PluginAggregator,12,3,0,0,3,1,3,1,3,1
MyBatis Generator Core,org.mybatis.generator.internal,ObjectFactory,75,215,5,5,20,64,6,17,2,16
MyBatis Generator Core,org.mybatis.generator.internal,DefaultCommentGenerator,23,461,7,41,8,114,7,37,1,19
MyBatis Generator Core,org.mybatis.generator.internal,GenericConnectionFactory,14,72,1,1,3,18,1,4,0,4
MyBatis Generator Core,org.mybatis.generator.internal,DefaultShellCallback,69,3,6,0,16,2,4,1,1,1
MyBatis Generator Core,org.mybatis.generator.runtime.mybatis3.xmlmapper.elements,CountByExampleElementGenerator.Builder,0,10,0,0,0,3,0,3,0,3
MyBatis Generator Core,org.mybatis.generator.runtime.mybatis3.xmlmapper.elements,SelectByPrimaryKeyElementGenerator,0,141,0,10,0,29,0,8,0,3
MyBatis Generator Core,org.mybatis.generator.runtime.mybatis3.xmlmapper.elements,ResultMapWithBLOBsElementGenerator.Builder,0,10,0,0,0,3,0,3,0,3
MyBatis Generator Core,org.mybatis.generator.runtime.mybatis3.xmlmapper.elements,AbstractXmlMapperElementGenerator.ResultElementType,0,25,0,0,0,6,0,2,0,2
MyBatis Generator Core,org.mybatis.generator.runtime.mybatis3.xmlmapper.elements,ExampleWhereClauseElementGenerator,0,457,0,22,0,100,0,17,0,6
MyBatis Generator Core,org.mybatis.generator.runtime.mybatis3.xmlmapper.elements,ResultMapWithBLOBsElementGenerator,0,103,0,8,0,23,0,9,0,5
MyBatis Generator Core,org.mybatis.generator.runtime.mybatis3.xmlmapper.elements,BaseColumnListElementGenerator,0,50,0,2,0,10,0,4,0,3
MyBatis Generator Core,org.mybatis.generator.runtime.mybatis3.xmlmapper.elements,DeleteByExampleElementGenerator,0,63,0,2,0,13,0,4,0,3
MyBatis Generator Core,org.mybatis.generator.runtime.mybatis3.xmlmapper.elements,UpdateByPrimaryKeySelectiveElementGenerator,0,167,0,6,0,35,0,6,0,3
MyBatis Generator Core,org.mybatis.generator.runtime.mybatis3.xmlmapper.elements,UpdateByPrimaryKeyWithoutBLOBsElementGenerator.Builder,0,15,0,0,0,5,0,4,0,4
MyBatis Generator Core,org.mybatis.generator.runtime.mybatis3.xmlmapper.elements,UpdateByExampleWithBLOBsElementGenerator.Builder,0,10,0,0,0,3,0,3,0,3
MyBatis Generator Core,org.mybatis.generator.runtime.mybatis3.xmlmapper.elements,ResultMapWithoutBLOBsElementGenerator.Builder,0,15,0,0,0,5,0,4,0,4
MyBatis Generator Core,org.mybatis.generator.runtime.mybatis3.xmlmapper.elements,CountByExampleElementGenerator,0,70,0,2,0,16,0,4,0,3
MyBatis Generator Core,org.mybatis.generator.runtime.mybatis3.xmlmapper.elements,UpdateByPrimaryKeyWithBLOBsElementGenerator.Builder,0,10,0,0,0,3,0,3,0,3
MyBatis Generator Core,org.mybatis.generator.runtime.mybatis3.xmlmapper.elements,InsertElementGenerator.Builder,0,15,0,0,0,5,0,4,0,4
MyBatis Generator Core,org.mybatis.generator.runtime.mybatis3.xmlmapper.elements,SelectByPrimaryKeyElementGenerator.Builder,0,10,0,0,0,3,0,3,0,3
MyBatis Generator Core,org.mybatis.generator.runtime.mybatis3.xmlmapper.elements,InsertElementGenerator,0,185,0,12,0,41,0,9,0,3
MyBatis Generator Core,org.mybatis.generator.runtime.mybatis3.xmlmapper.elements,SelectByExampleWithBLOBsElementGenerator.Builder,0,10,0,0,0,3,0,3,0,3
MyBatis Generator Core,org.mybatis.generator.runtime.mybatis3.xmlmapper.elements,SimpleSelectAllElementGenerator.Builder,0,10,0,0,0,3,0,3,0,3
MyBatis Generator Core,org.mybatis.generator.runtime.mybatis3.xmlmapper.elements,UpdateByExampleWithoutBLOBsElementGenerator.Builder,0,10,0,0,0,3,0,3,0,3
MyBatis Generator Core,org.mybatis.generator.runtime.mybatis3.xmlmapper.elements,UpdateByExampleSelectiveElementGenerator,0,151,0,4,0,32,0,5,0,3
MyBatis Generator Core,org.mybatis.generator.runtime.mybatis3.xmlmapper.elements,UpdateByExampleWithBLOBsElementGenerator,0,30,0,2,0,8,0,4,0,3
MyBatis Generator Core,org.mybatis.generator.runtime.mybatis3.xmlmapper.elements,ResultMapWithoutBLOBsElementGenerator,2,127,1,11,1,26,1,10,0,5
MyBatis Generator Core,org.mybatis.generator.runtime.mybatis3.xmlmapper.elements,BlobColumnListElementGenerator,0,50,0,2,0,10,0,4,0,3
MyBatis Generator Core,org.mybatis.generator.runtime.mybatis3.xmlmapper.elements,BlobColumnListElementGenerator.Builder,0,10,0,0,0,3,0,3,0,3
MyBatis Generator Core,org.mybatis.generator.runtime.mybatis3.xmlmapper.elements,SimpleSelectByPrimaryKeyElementGenerator.Builder,0,10,0,0,0,3,0,3,0,3
MyBatis Generator Core,org.mybatis.generator.runtime.mybatis3.xmlmapper.elements,AbstractXmlMapperElementGenerator,29,877,1,41,5,190,3,39,2,19
MyBatis Generator Core,org.mybatis.generator.runtime.mybatis3.xmlmapper.elements,SimpleSelectAllElementGenerator,0,102,0,2,0,22,0,4,0,3
MyBatis Generator Core,org.mybatis.generator.runtime.mybatis3.xmlmapper.elements,SelectByExampleWithoutBLOBsElementGenerator.Builder,0,10,0,0,0,3,0,3,0,3
MyBatis Generator Core,org.mybatis.generator.runtime.mybatis3.xmlmapper.elements,SimpleSelectByPrimaryKeyElementGenerator,0,104,0,4,0,21,0,5,0,3
MyBatis Generator Core,org.mybatis.generator.runtime.mybatis3.xmlmapper.elements,UpdateByPrimaryKeyWithoutBLOBsElementGenerator,0,58,0,6,0,15,0,7,0,4
MyBatis Generator Core,org.mybatis.generator.runtime.mybatis3.xmlmapper.elements,ExampleWhereClauseElementGenerator.Builder,0,15,0,0,0,5,0,4,0,4
MyBatis Generator Core,org.mybatis.generator.runtime.mybatis3.xmlmapper.elements,SelectByExampleWithoutBLOBsElementGenerator,0,23,0,2,0,6,0,4,0,3
MyBatis Generator Core,org.mybatis.generator.runtime.mybatis3.xmlmapper.elements,UpdateByPrimaryKeyWithBLOBsElementGenerator,0,45,0,4,0,12,0,5,0,3
MyBatis Generator Core,org.mybatis.generator.runtime.mybatis3.xmlmapper.elements,SelectByExampleWithBLOBsElementGenerator,0,23,0,2,0,6,0,4,0,3
MyBatis Generator Core,org.mybatis.generator.runtime.mybatis3.xmlmapper.elements,UpdateByPrimaryKeySelectiveElementGenerator.Builder,0,10,0,0,0,3,0,3,0,3
MyBatis Generator Core,org.mybatis.generator.runtime.mybatis3.xmlmapper.elements,BaseColumnListElementGenerator.Builder,0,10,0,0,0,3,0,3,0,3
MyBatis Generator Core,org.mybatis.generator.runtime.mybatis3.xmlmapper.elements,UpdateByExampleSelectiveElementGenerator.Builder,0,10,0,0,0,3,0,3,0,3
MyBatis Generator Core,org.mybatis.generator.runtime.mybatis3.xmlmapper.elements,InsertSelectiveElementGenerator,0,264,0,8,0,56,0,7,0,3
MyBatis Generator Core,org.mybatis.generator.runtime.mybatis3.xmlmapper.elements,DeleteByPrimaryKeyElementGenerator,0,100,0,8,0,20,0,7,0,3
MyBatis Generator Core,org.mybatis.generator.runtime.mybatis3.xmlmapper.elements,DeleteByExampleElementGenerator.Builder,0,10,0,0,0,3,0,3,0,3
MyBatis Generator Core,org.mybatis.generator.runtime.mybatis3.xmlmapper.elements,DeleteByPrimaryKeyElementGenerator.Builder,0,15,0,0,0,5,0,4,0,4
MyBatis Generator Core,org.mybatis.generator.runtime.mybatis3.xmlmapper.elements,UpdateByExampleWithoutBLOBsElementGenerator,0,30,0,2,0,8,0,4,0,3
MyBatis Generator Core,org.mybatis.generator.runtime.mybatis3.xmlmapper.elements,InsertSelectiveElementGenerator.Builder,0,10,0,0,0,3,0,3,0,3
MyBatis Generator Core,org.mybatis.generator.runtime.dynamicsql.kotlin.elements,UpdateAllColumnsExtensionFunctionGenerator,0,80,0,2,0,24,0,4,0,3
MyBatis Generator Core,org.mybatis.generator.runtime.dynamicsql.kotlin.elements,GeneralSelectOneExtensionFunctionGenerator.Builder,0,15,0,0,0,5,0,4,0,4
MyBatis Generator Core,org.mybatis.generator.runtime.dynamicsql.kotlin.elements,GeneralSelectExtensionFunctionGenerator.Builder,0,15,0,0,0,5,0,4,0,4
MyBatis Generator Core,org.mybatis.generator.runtime.dynamicsql.kotlin.elements,GeneralSelectDistinctExtensionFunctionGenerator,0,59,0,0,0,17,0,3,0,3
MyBatis Generator Core,org.mybatis.generator.runtime.dynamicsql.kotlin.elements,KotlinFragmentGenerator.Builder,0,29,0,0,0,10,0,6,0,6
MyBatis Generator Core,org.mybatis.generator.runtime.dynamicsql.kotlin.elements,BasicSelectManyFunctionGenerator,0,82,0,0,0,24,0,3,0,3
MyBatis Generator Core,org.mybatis.generator.runtime.dynamicsql.kotlin.elements,SelectByPrimaryKeyExtensionFunctionGenerator,0,61,0,2,0,16,0,4,0,3
MyBatis Generator Core,org.mybatis.generator.runtime.dynamicsql.kotlin.elements,BasicSelectManyFunctionGenerator.Builder,0,20,0,0,0,7,0,5,0,5
MyBatis Generator Core,org.mybatis.generator.runtime.dynamicsql.kotlin.elements,InsertExtensionFunctionGenerator.Builder,0,25,0,0,0,9,0,6,0,6
MyBatis Generator Core,org.mybatis.generator.runtime.dynamicsql.kotlin.elements,DeleteByPrimaryKeyExtensionFunctionGenerator.Builder,0,20,0,0,0,7,0,5,0,5
MyBatis Generator Core,org.mybatis.generator.runtime.dynamicsql.kotlin.elements,InsertMultipleExtensionFunctionGenerator,0,102,0,4,0,28,0,5,0,3
MyBatis Generator Core,org.mybatis.generator.runtime.dynamicsql.kotlin.elements,UpdateByPrimaryKeySelectiveExtensionFunctionGenerator,0,98,0,4,0,28,0,5,0,3
MyBatis Generator Core,org.mybatis.generator.runtime.dynamicsql.kotlin.elements,DeleteByPrimaryKeyExtensionFunctionGenerator,0,61,0,2,0,16,0,4,0,3
MyBatis Generator Core,org.mybatis.generator.runtime.dynamicsql.kotlin.elements,KotlinPropertyAndImports.Builder,0,25,0,0,0,7,0,4,0,4
MyBatis Generator Core,org.mybatis.generator.runtime.dynamicsql.kotlin.elements,InsertSelectiveExtensionFunctionGenerator,0,166,0,10,0,40,0,10,0,5
MyBatis Generator Core,org.mybatis.generator.runtime.dynamicsql.kotlin.elements,BasicSelectOneFunctionGenerator,6,100,1,1,1,27,1,3,0,3
MyBatis Generator Core,org.mybatis.generator.runtime.dynamicsql.kotlin.elements,BasicInsertFunctionGenerator,0,90,0,0,0,25,0,4,0,4
MyBatis Generator Core,org.mybatis.generator.runtime.dynamicsql.kotlin.elements,KotlinFragmentGenerator.FieldNameAndImport,0,9,0,0,0,1,0,1,0,1
MyBatis Generator Core,org.mybatis.generator.runtime.dynamicsql.kotlin.elements,KotlinPropertyAndImports,0,25,0,0,0,7,0,4,0,4
MyBatis Generator Core,org.mybatis.generator.runtime.dynamicsql.kotlin.elements,GeneralUpdateExtensionFunctionGenerator,0,62,0,0,0,18,0,3,0,3
MyBatis Generator Core,org.mybatis.generator.runtime.dynamicsql.kotlin.elements,InsertExtensionFunctionGenerator,0,79,0,0,0,21,0,3,0,3
MyBatis Generator Core,org.mybatis.generator.runtime.dynamicsql.kotlin.elements,GeneralCountExtensionFunctionGenerator,0,68,0,0,0,19,0,3,0,3
MyBatis Generator Core,org.mybatis.generator.runtime.dynamicsql.kotlin.elements,BasicMultipleInsertFunctionGenerator,0,105,0,2,0,31,0,5,0,4
MyBatis Generator Core,org.mybatis.generator.runtime.dynamicsql.kotlin.elements,GeneralDeleteExtensionFunctionGenerator,0,59,0,0,0,17,0,3,0,3
MyBatis Generator Core,org.mybatis.generator.runtime.dynamicsql.kotlin.elements,GeneralSelectDistinctExtensionFunctionGenerator.Builder,0,15,0,0,0,5,0,4,0,4
MyBatis Generator Core,org.mybatis.generator.runtime.dynamicsql.kotlin.elements,AbstractKotlinMapperFunctionGenerator.BaseBuilder,0,10,0,0,0,3,0,2,0,2
MyBatis Generator Core,org.mybatis.generator.runtime.dynamicsql.kotlin.elements,GeneralDeleteExtensionFunctionGenerator.Builder,0,15,0,0,0,5,0,4,0,4
MyBatis Generator Core,org.mybatis.generator.runtime.dynamicsql.kotlin.elements,GeneralSelectExtensionFunctionGenerator,0,59,0,0,0,17,0,3,0,3
MyBatis Generator Core,org.mybatis.generator.runtime.dynamicsql.kotlin.elements,UpdateByPrimaryKeyExtensionFunctionGenerator,0,87,0,2,0,23,0,4,0,3
MyBatis Generator Core,org.mybatis.generator.runtime.dynamicsql.kotlin.elements,ColumnListGenerator.Builder,0,25,0,0,0,9,0,6,0,6
MyBatis Generator Core,org.mybatis.generator.runtime.dynamicsql.kotlin.elements,UpdateByPrimaryKeySelectiveExtensionFunctionGenerator.Builder,0,25,0,0,0,9,0,6,0,6
MyBatis Generator Core,org.mybatis.generator.runtime.dynamicsql.kotlin.elements,ColumnListGenerator,0,99,0,0,0,26,0,6,0,6
MyBatis Generator Core,org.mybatis.generator.runtime.dynamicsql.kotlin.elements,InsertMultipleVarargExtensionFunctionGenerator,0,68,0,2,0,19,0,4,0,3
MyBatis Generator Core,org.mybatis.generator.runtime.dynamicsql.kotlin.elements,UpdateAllColumnsExtensionFunctionGenerator.Builder,0,20,0,0,0,7,0,5,0,5
MyBatis Generator Core,org.mybatis.generator.runtime.dynamicsql.kotlin.elements,GeneralCountExtensionFunctionGenerator.Builder,0,20,0,0,0,7,0,5,0,5
MyBatis Generator Core,org.mybatis.generator.runtime.dynamicsql.kotlin.elements,KotlinFragmentGenerator,8,656,6,54,2,154,5,46,0,18
MyBatis Generator Core,org.mybatis.generator.runtime.dynamicsql.kotlin.elements,BasicSelectOneFunctionGenerator.Builder,0,30,0,0,0,11,0,7,0,7
MyBatis Generator Core,org.mybatis.generator.runtime.dynamicsql.kotlin.elements,UpdateSelectiveColumnsExtensionFunctionGenerator,0,83,0,2,0,25,0,4,0,3
MyBatis Generator Core,org.mybatis.generator.runtime.dynamicsql.kotlin.elements,UpdateByPrimaryKeyExtensionFunctionGenerator.Builder,0,25,0,0,0,9,0,6,0,6
MyBatis Generator Core,org.mybatis.generator.runtime.dynamicsql.kotlin.elements,InsertMultipleVarargExtensionFunctionGenerator.Builder,0,20,0,0,0,7,0,5,0,5
MyBatis Generator Core,org.mybatis.generator.runtime.dynamicsql.kotlin.elements,GeneralSelectOneExtensionFunctionGenerator,0,59,0,0,0,17,0,3,0,3
MyBatis Generator Core,org.mybatis.generator.runtime.dynamicsql.kotlin.elements,InsertSelectiveExtensionFunctionGenerator.Builder,0,30,0,0,0,11,0,7,0,7
MyBatis Generator Core,org.mybatis.generator.runtime.dynamicsql.kotlin.elements,UpdateSelectiveColumnsExtensionFunctionGenerator.Builder,0,20,0,0,0,7,0,5,0,5
MyBatis Generator Core,org.mybatis.generator.runtime.dynamicsql.kotlin.elements,SelectByPrimaryKeyExtensionFunctionGenerator.Builder,0,20,0,0,0,7,0,5,0,5
MyBatis Generator Core,org.mybatis.generator.runtime.dynamicsql.kotlin.elements,AbstractKotlinMapperFunctionGenerator,0,10,0,0,0,3,0,1,0,1
MyBatis Generator Core,org.mybatis.generator.runtime.dynamicsql.kotlin.elements,BasicInsertFunctionGenerator.Builder,0,15,0,0,0,5,0,4,0,4
MyBatis Generator Core,org.mybatis.generator.runtime.dynamicsql.kotlin.elements,BasicMultipleInsertFunctionGenerator.Builder,0,15,0,0,0,5,0,4,0,4
MyBatis Generator Core,org.mybatis.generator.runtime.dynamicsql.kotlin.elements,InsertMultipleExtensionFunctionGenerator.Builder,0,25,0,0,0,9,0,6,0,6
MyBatis Generator Core,org.mybatis.generator.runtime.dynamicsql.kotlin.elements,GeneralUpdateExtensionFunctionGenerator.Builder,0,15,0,0,0,5,0,4,0,4
MyBatis Generator Core,org.mybatis.generator.ant,AntProgressCallback,0,18,0,2,0,7,0,3,0,2
MyBatis Generator Core,org.mybatis.generator.ant,GeneratorAntTask,7,223,1,11,2,63,1,23,0,18
MyBatis Generator Core,org.mybatis.generator.runtime.common,SimpleModelGenerator,1,264,5,15,1,53,5,13,0,8
MyBatis Generator Core,org.mybatis.generator.runtime.common,RecordModelGenerator.Builder,0,15,0,0,0,5,0,4,0,4
MyBatis Generator Core,org.mybatis.generator.runtime.common,GeneratedKeyAnnotationUtility,8,259,3,11,3,52,4,17,1,13
MyBatis Generator Core,org.mybatis.generator.runtime.common,RecordModelGenerator,0,179,1,13,0,40,1,12,0,6
MyBatis Generator Core,org.mybatis.generator.runtime.common,RootClassAndInterfaceUtility,2,83,1,5,1,21,1,8,0,6
MyBatis Generator Core,org.mybatis.generator.runtime.common,SimpleModelGenerator.Builder,0,10,0,0,0,3,0,3,0,3
MyBatis Generator Core,org.mybatis.generator.runtime.common,GeneratedKeyAnnotationUtility.Prefix,0,35,0,0,0,8,0,3,0,3
MyBatis Generator Core,org.mybatis.generator.codegen,GenerationEngine.Builder,0,35,0,0,0,11,0,6,0,6
MyBatis Generator Core,org.mybatis.generator.codegen,IntrospectionEngine,20,135,5,9,5,28,5,7,0,5
MyBatis Generator Core,org.mybatis.generator.codegen,GenerationResults,20,53,0,0,5,15,5,6,5,6
MyBatis Generator Core,org.mybatis.generator.codegen,AbstractKotlinGenerator,0,13,0,0,0,4,0,2,0,2
MyBatis Generator Core,org.mybatis.generator.codegen,AbstractXmlGenerator,0,4,0,0,0,2,0,1,0,1
MyBatis Generator Core,org.mybatis.generator.codegen,CalculatedContextValues,19,127,1,3,6,28,6,8,5,7
MyBatis Generator Core,org.mybatis.generator.codegen,AbstractGenerator.AbstractGeneratorBuilder,0,39,0,0,0,13,0,7,0,7
MyBatis Generator Core,org.mybatis.generator.codegen,IntrospectionEngine.Builder,0,28,0,0,0,10,0,6,0,6
MyBatis Generator Core,org.mybatis.generator.codegen,RootClassInfo,152,63,24,2,34,18,18,6,5,6
MyBatis Generator Core,org.mybatis.generator.codegen,AbstractKotlinGenerator.AbstractKotlinGeneratorBuilder,0,10,0,0,0,3,0,2,0,2
MyBatis Generator Core,org.mybatis.generator.codegen,GenerationEngine,0,187,0,4,0,47,0,6,0,4
MyBatis Generator Core,org.mybatis.generator.codegen,AbstractJavaGenerator.AbstractJavaGeneratorBuilder,0,10,0,0,0,3,0,2,0,2
MyBatis Generator Core,org.mybatis.generator.codegen,CalculatedContextValues.Builder,0,18,0,0,0,6,0,4,0,4
MyBatis Generator Core,org.mybatis.generator.codegen,AbstractXmlGenerator.AbstractXmlGeneratorBuilder,0,3,0,0,0,1,0,1,0,1
MyBatis Generator Core,org.mybatis.generator.codegen,AbstractJavaGenerator,0,13,0,0,0,4,0,2,0,2
MyBatis Generator Core,org.mybatis.generator.codegen,GenerationResults.Builder,0,61,0,0,0,16,0,7,0,7
MyBatis Generator Core,org.mybatis.generator.codegen,ConnectionUtility,8,20,1,3,1,6,1,2,0,1
MyBatis Generator Core,org.mybatis.generator.codegen,AbstractGenerator,0,59,0,0,0,14,0,2,0,2
MyBatis Generator Core,org.mybatis.generator.runtime.mybatis3.xmlmapper,MixedXmlMapperGenerator,0,9,0,0,0,7,0,6,0,6
MyBatis Generator Core,org.mybatis.generator.runtime.mybatis3.xmlmapper,SimpleXMLMapperGenerator.Builder,0,10,0,0,0,3,0,3,0,3
MyBatis Generator Core,org.mybatis.generator.runtime.mybatis3.xmlmapper,MixedXmlMapperGenerator.Builder,0,10,0,0,0,3,0,3,0,3
MyBatis Generator Core,org.mybatis.generator.runtime.mybatis3.xmlmapper,XMLMapperGenerator.Builder,0,10,0,0,0,3,0,3,0,3
MyBatis Generator Core,org.mybatis.generator.runtime.mybatis3.xmlmapper,XMLMapperGenerator,2,324,1,1,1,118,1,23,0,23
MyBatis Generator Core,org.mybatis.generator.runtime.mybatis3.xmlmapper,SimpleXMLMapperGenerator,2,138,1,1,1,46,1,9,0,9
MyBatis Generator Core,org.mybatis.generator.runtime.mybatis3.javamapper,AnnotatedMapperGenerator,0,182,0,0,0,66,0,16,0,16
MyBatis Generator Core,org.mybatis.generator.runtime.mybatis3.javamapper,SimpleAnnotatedMapperGenerator,0,70,0,0,0,27,0,6,0,6
MyBatis Generator Core,org.mybatis.generator.runtime.mybatis3.javamapper,SqlProviderGenerator.Builder,0,10,0,0,0,3,0,3,0,3
MyBatis Generator Core,org.mybatis.generator.runtime.mybatis3.javamapper,JavaMapperGenerator.Builder,0,10,0,0,0,3,0,3,0,3
MyBatis Generator Core,org.mybatis.generator.runtime.mybatis3.javamapper,MixedMapperGenerator.Builder,0,10,0,0,0,3,0,3,0,3
MyBatis Generator Core,org.mybatis.generator.runtime.mybatis3.javamapper,SimpleAnnotatedMapperGenerator.Builder,0,10,0,0,0,3,0,3,0,3
MyBatis Generator Core,org.mybatis.generator.runtime.mybatis3.javamapper,JavaMapperGenerator,0,263,1,1,0,88,1,17,0,17
MyBatis Generator Core,org.mybatis.generator.runtime.mybatis3.javamapper,MixedMapperGenerator,0,70,0,0,0,27,0,6,0,6
MyBatis Generator Core,org.mybatis.generator.runtime.mybatis3.javamapper,SimpleJavaMapperGenerator,0,139,1,1,0,44,1,8,0,8
MyBatis Generator Core,org.mybatis.generator.runtime.mybatis3.javamapper,SimpleJavaMapperGenerator.Builder,0,10,0,0,0,3,0,3,0,3
MyBatis Generator Core,org.mybatis.generator.runtime.mybatis3.javamapper,SqlProviderGenerator,0,207,3,3,0,57,3,12,0,12
MyBatis Generator Core,org.mybatis.generator.runtime.mybatis3.javamapper,AnnotatedMapperGenerator.Builder,0,10,0,0,0,3,0,3,0,3
MyBatis Generator Core,org.mybatis.generator.runtime.mybatis3,MyBatis3FormattingUtilities,0,220,0,10,0,41,0,20,0,15
MyBatis Generator Core,org.mybatis.generator.runtime.mybatis3,ListUtilities,0,29,0,6,0,6,0,7,0,4
MyBatis Generator Core,org.mybatis.generator.runtime.mybatis3,LegacyJavaRuntime,0,244,0,19,0,61,0,23,0,13
MyBatis Generator Core,org.mybatis.generator.runtime.mybatis3,LegacySimpleJavaRuntime.Builder,0,10,0,0,0,3,0,3,0,3
MyBatis Generator Core,org.mybatis.generator.runtime.mybatis3,LegacyJavaRuntime.Builder,0,10,0,0,0,3,0,3,0,3
MyBatis Generator Core,org.mybatis.generator.runtime.mybatis3,LegacySimpleJavaRuntime,11,100,1,6,2,27,1,9,0,6
MyBatis Generator Core,org.mybatis.generator.api.dom.java.render,InitializationBlockRenderer,0,41,0,2,0,10,0,4,0,3
MyBatis Generator Core,org.mybatis.generator.api.dom.java.render,InnerEnumRenderer,4,181,0,6,0,38,1,8,1,5
MyBatis Generator Core,org.mybatis.generator.api.dom.java.render,TopLevelRecordRenderer,0,40,0,0,0,8,0,2,0,2
MyBatis Generator Core,org.mybatis.generator.api.dom.java.render,MethodRenderer,0,266,0,28,0,54,0,26,0,12
MyBatis Generator Core,org.mybatis.generator.api.dom.java.render,InnerClassRenderer,0,181,0,6,0,36,0,10,0,7
MyBatis Generator Core,org.mybatis.generator.api.dom.java.render,TopLevelEnumerationRenderer,0,40,0,0,0,8,0,2,0,2
MyBatis Generator Core,org.mybatis.generator.api.dom.java.render,RenderingUtilities,0,331,1,9,0,82,1,42,0,38
MyBatis Generator Core,org.mybatis.generator.api.dom.java.render,InnerInterfaceRenderer,0,140,0,2,0,27,0,6,0,5
MyBatis Generator Core,org.mybatis.generator.api.dom.java.render,ParameterRenderer,0,30,0,2,0,7,0,4,0,3
MyBatis Generator Core,org.mybatis.generator.api.dom.java.render,FieldRenderer,0,120,0,8,0,28,0,10,0,6
MyBatis Generator Core,org.mybatis.generator.api.dom.java.render,BodyLineRenderer,0,87,1,17,0,25,1,11,0,3
MyBatis Generator Core,org.mybatis.generator.api.dom.java.render,TopLevelClassRenderer,0,40,0,0,0,8,0,2,0,2
MyBatis Generator Core,org.mybatis.generator.api.dom.java.render,TypeParameterRenderer,0,23,0,0,0,4,0,3,0,3
MyBatis Generator Core,org.mybatis.generator.api.dom.java.render,InnerRecordRenderer,0,166,0,0,0,30,0,6,0,6
MyBatis Generator Core,org.mybatis.generator.api.dom.java.render,TopLevelInterfaceRenderer,0,40,0,0,0,8,0,2,0,2
MyBatis Generator Core,org.mybatis.generator.internal.types,JavaTypeResolverDefaultImpl,2,671,3,14,1,98,3,14,0,8
MyBatis Generator Core,org.mybatis.generator.internal.types,DateForcingJavaTypeResolver,0,19,0,2,0,4,0,3,0,2
MyBatis Generator Core,org.mybatis.generator.runtime.mybatis3.model,RecordWithBLOBsGenerator,25,296,6,22,5,62,8,11,2,3
MyBatis Generator Core,org.mybatis.generator.runtime.mybatis3.model,ExampleGenerator,0,2452,1,49,0,574,1,48,0,24
MyBatis Generator Core,org.mybatis.generator.runtime.mybatis3.model,PrimaryKeyGenerator,1,255,5,15,1,53,5,11,0,6
MyBatis Generator Core,org.mybatis.generator.runtime.mybatis3.model,BaseRecordGenerator.Builder,0,10,0,0,0,3,0,3,0,3
MyBatis Generator Core,org.mybatis.generator.runtime.mybatis3.model,BaseRecordGenerator,1,423,5,43,1,88,5,29,0,10
MyBatis Generator Core,org.mybatis.generator.runtime.mybatis3.model,PrimaryKeyGenerator.Builder,0,10,0,0,0,3,0,3,0,3
MyBatis Generator Core,org.mybatis.generator.runtime.mybatis3.model,RecordWithBLOBsGenerator.Builder,0,10,0,0,0,3,0,3,0,3
MyBatis Generator Core,org.mybatis.generator.runtime.mybatis3.model,ExampleGenerator.Builder,0,10,0,0,0,3,0,3,0,3
MyBatis Generator Core,org.mybatis.generator.api.dom.java,InitializationBlock,23,41,0,0,8,14,4,7,4,7
MyBatis Generator Core,org.mybatis.generator.api.dom.java,TopLevelClass,12,81,0,6,4,23,2,13,2,10
MyBatis Generator Core,org.mybatis.generator.api.dom.java,JavaElement,10,84,0,0,4,23,2,10,2,10
MyBatis Generator Core,org.mybatis.generator.api.dom.java,JavaDomUtils,0,109,0,14,0,24,0,14,0,7
MyBatis Generator Core,org.mybatis.generator.api.dom.java,InnerRecord,0,65,0,0,0,16,0,8,0,8
MyBatis Generator Core,org.mybatis.generator.api.dom.java,PrimitiveTypeWrapper,75,62,4,0,18,16,12,10,10,10
MyBatis Generator Core,org.mybatis.generator.api.dom.java,InnerClass,0,93,0,0,0,28,0,14,0,14
MyBatis Generator Core,org.mybatis.generator.api.dom.java,InnerEnum,6,40,0,0,2,10,1,5,1,5
MyBatis Generator Core,org.mybatis.generator.api.dom.java,InnerInterface,6,21,0,0,2,6,1,3,1,3
MyBatis Generator Core,org.mybatis.generator.api.dom.java,TopLevelRecord,12,93,2,4,4,23,4,11,2,10
MyBatis Generator Core,org.mybatis.generator.api.dom.java,TopLevelEnumeration,63,28,4,0,16,8,9,4,7,4
MyBatis Generator Core,org.mybatis.generator.api.dom.java,Method,0,252,0,0,0,71,0,33,0,33
MyBatis Generator Core,org.mybatis.generator.api.dom.java,Interface,0,79,2,2,0,23,2,11,0,11
MyBatis Generator Core,org.mybatis.generator.api.dom.java,Field,41,58,0,0,12,22,3,13,3,13
MyBatis Generator Core,org.mybatis.generator.api.dom.java,JavaReservedWords,0,227,0,0,0,5,0,2,0,2
MyBatis Generator Core,org.mybatis.generator.api.dom.java,TypeParameter,0,33,0,0,0,10,0,4,0,4
MyBatis Generator Core,org.mybatis.generator.api.dom.java,AbstractJavaType,0,151,0,0,0,35,0,17,0,17
MyBatis Generator Core,org.mybatis.generator.api.dom.java,FullyQualifiedJavaType,74,636,12,53,19,171,12,67,0,43
MyBatis Generator Core,org.mybatis.generator.api.dom.java,JavaVisibility,0,42,0,0,0,9,0,3,0,3
MyBatis Generator Core,org.mybatis.generator.api.dom.java,Parameter,9,50,0,0,3,17,1,8,1,8
MyBatis Generator Core,org.mybatis.generator.api.dom,DefaultJavaFormatter,6,30,0,0,1,7,1,6,1,6
MyBatis Generator Core,org.mybatis.generator.api.dom,DefaultXmlFormatter,0,13,0,0,0,4,0,3,0,3
MyBatis Generator Core,org.mybatis.generator.api.dom,OutputUtilities,6,24,0,0,2,7,1,5,1,5
MyBatis Generator Core,org.mybatis.generator.api.dom,DefaultKotlinFormatter,6,7,0,0,1,3,1,2,1,2
MyBatis Generator Core,org.mybatis.generator.internal.db,SqlReservedWords,0,3672,0,0,0,5,0,2,0,2
MyBatis Generator Core,org.mybatis.generator.internal.db,DatabaseIntrospector,304,991,54,96,67,238,44,56,3,22
MyBatis Generator Core,org.mybatis.generator.internal.db,DatabaseDialects,23,121,8,10,8,26,8,5,0,4
MyBatis Generator Core,org.mybatis.generator.internal.db,ActualTableName,5,41,1,1,2,12,2,6,1,6
MyBatis Generator Core,org.mybatis.generator.runtime.mybatis3.javamapper.elements.sqlprovider,ProviderApplyWhereMethodGenerator,7,164,0,4,2,35,0,7,0,5
MyBatis Generator Core,org.mybatis.generator.runtime.mybatis3.javamapper.elements.sqlprovider,ProviderDeleteByExampleMethodGenerator,2,94,1,1,1,22,1,3,0,3
MyBatis Generator Core,org.mybatis.generator.runtime.mybatis3.javamapper.elements.sqlprovider,ProviderCountByExampleMethodGenerator.Builder,0,10,0,0,0,3,0,3,0,3
MyBatis Generator Core,org.mybatis.generator.runtime.mybatis3.javamapper.elements.sqlprovider,ProviderUpdateByExampleWithoutBLOBsMethodGenerator,0,181,0,4,0,39,0,8,0,6
MyBatis Generator Core,org.mybatis.generator.runtime.mybatis3.javamapper.elements.sqlprovider,ProviderCountByExampleMethodGenerator,2,94,1,1,1,22,1,3,0,3
MyBatis Generator Core,org.mybatis.generator.runtime.mybatis3.javamapper.elements.sqlprovider,ProviderUpdateByExampleWithBLOBsMethodGenerator,0,25,0,0,0,7,0,5,0,5
MyBatis Generator Core,org.mybatis.generator.runtime.mybatis3.javamapper.elements.sqlprovider,ProviderSelectByExampleWithBLOBsMethodGenerator,0,25,0,0,0,7,0,5,0,5
MyBatis Generator Core,org.mybatis.generator.runtime.mybatis3.javamapper.elements.sqlprovider,ProviderUpdateByExampleWithBLOBsMethodGenerator.Builder,0,10,0,0,0,3,0,3,0,3
MyBatis Generator Core,org.mybatis.generator.runtime.mybatis3.javamapper.elements.sqlprovider,ProviderUpdateByExampleWithoutBLOBsMethodGenerator.Builder,0,10,0,0,0,3,0,3,0,3
MyBatis Generator Core,org.mybatis.generator.runtime.mybatis3.javamapper.elements.sqlprovider,ProviderSelectByExampleWithBLOBsMethodGenerator.Builder,0,10,0,0,0,3,0,3,0,3
MyBatis Generator Core,org.mybatis.generator.runtime.mybatis3.javamapper.elements.sqlprovider,ProviderUpdateByPrimaryKeySelectiveMethodGenerator,0,183,0,10,0,41,0,8,0,3
MyBatis Generator Core,org.mybatis.generator.runtime.mybatis3.javamapper.elements.sqlprovider,ProviderUpdateByPrimaryKeySelectiveMethodGenerator.Builder,0,10,0,0,0,3,0,3,0,3
MyBatis Generator Core,org.mybatis.generator.runtime.mybatis3.javamapper.elements.sqlprovider,ProviderSelectByExampleWithoutBLOBsMethodGenerator.Builder,0,10,0,0,0,3,0,3,0,3
MyBatis Generator Core,org.mybatis.generator.runtime.mybatis3.javamapper.elements.sqlprovider,ProviderInsertSelectiveMethodGenerator,2,154,1,11,1,35,1,8,0,3
MyBatis Generator Core,org.mybatis.generator.runtime.mybatis3.javamapper.elements.sqlprovider,ProviderInsertSelectiveMethodGenerator.Builder,0,10,0,0,0,3,0,3,0,3
MyBatis Generator Core,org.mybatis.generator.runtime.mybatis3.javamapper.elements.sqlprovider,ProviderDeleteByExampleMethodGenerator.Builder,0,10,0,0,0,3,0,3,0,3
MyBatis Generator Core,org.mybatis.generator.runtime.mybatis3.javamapper.elements.sqlprovider,ProviderSelectByExampleWithoutBLOBsMethodGenerator,0,185,0,6,0,46,0,9,0,6
MyBatis Generator Core,org.mybatis.generator.runtime.mybatis3.javamapper.elements.sqlprovider,ProviderUpdateByExampleSelectiveMethodGenerator.Builder,0,10,0,0,0,3,0,3,0,3
MyBatis Generator Core,org.mybatis.generator.runtime.mybatis3.javamapper.elements.sqlprovider,ProviderUpdateByExampleSelectiveMethodGenerator,2,220,1,7,1,45,1,6,0,3
MyBatis Generator Core,org.mybatis.generator.runtime.mybatis3.javamapper.elements.sqlprovider,ProviderApplyWhereMethodGenerator.Builder,0,10,0,0,0,3,0,3,0,3
MyBatis Generator Core,org.mybatis.generator.api.dom.xml.render,AttributeRenderer,0,9,0,0,0,3,0,2,0,2
MyBatis Generator Core,org.mybatis.generator.api.dom.xml.render,DocTypeRenderer,0,13,0,0,0,6,0,3,0,3
MyBatis Generator Core,org.mybatis.generator.api.dom.xml.render,ElementRenderer,0,110,0,2,0,25,0,13,0,12
MyBatis Generator Core,org.mybatis.generator.api.dom.xml.render,DocumentRenderer,0,63,0,0,0,12,0,6,0,6
MyBatis Generator Core,org.mybatis.generator.runtime.mybatis3.javamapper.elements.annotated,AnnotatedSelectByExampleWithBLOBsMethodGenerator.AnnotatedBuilder,0,10,0,0,0,3,0,3,0,3
MyBatis Generator Core,org.mybatis.generator.runtime.mybatis3.javamapper.elements.annotated,AnnotatedUpdateByExampleWithoutBLOBsMethodGenerator,0,30,0,0,0,10,0,2,0,2
MyBatis Generator Core,org.mybatis.generator.runtime.mybatis3.javamapper.elements.annotated,AnnotatedInsertMethodGenerator.AnnotatedBuilder,0,10,0,0,0,3,0,3,0,3
MyBatis Generator Core,org.mybatis.generator.runtime.mybatis3.javamapper.elements.annotated,AnnotatedUpdateByPrimaryKeySelectiveMethodGenerator.AnnotatedBuilder,0,10,0,0,0,3,0,3,0,3
MyBatis Generator Core,org.mybatis.generator.runtime.mybatis3.javamapper.elements.annotated,AnnotatedUpdateByPrimaryKeySelectiveMethodGenerator,0,30,0,0,0,10,0,2,0,2
MyBatis Generator Core,org.mybatis.generator.runtime.mybatis3.javamapper.elements.annotated,AnnotatedUpdateByExampleWithBLOBsMethodGenerator,0,30,0,0,0,10,0,2,0,2
MyBatis Generator Core,org.mybatis.generator.runtime.mybatis3.javamapper.elements.annotated,AnnotatedSelectByPrimaryKeyMethodGenerator,5,144,3,11,0,33,2,11,0,6
MyBatis Generator Core,org.mybatis.generator.runtime.mybatis3.javamapper.elements.annotated,AnnotatedSelectByExampleWithBLOBsMethodGenerator,0,74,0,2,0,19,0,5,0,4
MyBatis Generator Core,org.mybatis.generator.runtime.mybatis3.javamapper.elements.annotated,AnnotatedSelectByPrimaryKeyMethodGenerator.AnnotatedBuilder,0,15,0,0,0,5,0,4,0,4
MyBatis Generator Core,org.mybatis.generator.runtime.mybatis3.javamapper.elements.annotated,AnnotatedInsertMethodGenerator,0,208,0,12,0,58,0,10,0,4
MyBatis Generator Core,org.mybatis.generator.runtime.mybatis3.javamapper.elements.annotated,AnnotatedUpdateByPrimaryKeyWithoutBLOBsMethodGenerator,0,36,0,2,0,8,0,3,0,2
MyBatis Generator Core,org.mybatis.generator.runtime.mybatis3.javamapper.elements.annotated,AnnotatedUpdateByPrimaryKeyWithBLOBsMethodGenerator.AnnotatedBuilder,0,10,0,0,0,3,0,3,0,3
MyBatis Generator Core,org.mybatis.generator.runtime.mybatis3.javamapper.elements.annotated,AnnotatedSelectAllMethodGenerator.AnnotatedBuilder,0,10,0,0,0,3,0,3,0,3
MyBatis Generator Core,org.mybatis.generator.runtime.mybatis3.javamapper.elements.annotated,AnnotatedUpdateByExampleSelectiveMethodGenerator.AnnotatedBuilder,0,10,0,0,0,3,0,3,0,3
MyBatis Generator Core,org.mybatis.generator.runtime.mybatis3.javamapper.elements.annotated,AnnotatedDeleteByExampleMethodGenerator.AnnotatedBuilder,0,10,0,0,0,3,0,3,0,3
MyBatis Generator Core,org.mybatis.generator.runtime.mybatis3.javamapper.elements.annotated,AnnotatedDeleteByExampleMethodGenerator,0,30,0,0,0,10,0,2,0,2
MyBatis Generator Core,org.mybatis.generator.runtime.mybatis3.javamapper.elements.annotated,AnnotatedUpdateByExampleWithoutBLOBsMethodGenerator.AnnotatedBuilder,0,10,0,0,0,3,0,3,0,3
MyBatis Generator Core,org.mybatis.generator.runtime.mybatis3.javamapper.elements.annotated,AnnotatedSelectByExampleWithoutBLOBsMethodGenerator.AnnotatedBuilder,0,10,0,0,0,3,0,3,0,3
MyBatis Generator Core,org.mybatis.generator.runtime.mybatis3.javamapper.elements.annotated,AnnotatedDeleteByPrimaryKeyMethodGenerator,0,31,0,0,0,11,0,2,0,2
MyBatis Generator Core,org.mybatis.generator.runtime.mybatis3.javamapper.elements.annotated,AnnotatedCountByExampleMethodGenerator,0,30,0,0,0,10,0,2,0,2
MyBatis Generator Core,org.mybatis.generator.runtime.mybatis3.javamapper.elements.annotated,AnnotatedUpdateByExampleWithBLOBsMethodGenerator.AnnotatedBuilder,0,10,0,0,0,3,0,3,0,3
MyBatis Generator Core,org.mybatis.generator.runtime.mybatis3.javamapper.elements.annotated,AnnotatedDeleteByPrimaryKeyMethodGenerator.AnnotatedBuilder,0,10,0,0,0,3,0,3,0,3
MyBatis Generator Core,org.mybatis.generator.runtime.mybatis3.javamapper.elements.annotated,AnnotatedUpdateByExampleSelectiveMethodGenerator,0,30,0,0,0,10,0,2,0,2
MyBatis Generator Core,org.mybatis.generator.runtime.mybatis3.javamapper.elements.annotated,AnnotatedSelectByExampleWithoutBLOBsMethodGenerator,0,74,0,2,0,19,0,5,0,4
MyBatis Generator Core,org.mybatis.generator.runtime.mybatis3.javamapper.elements.annotated,AnnotatedSelectAllMethodGenerator,0,119,0,6,0,30,0,7,0,4
MyBatis Generator Core,org.mybatis.generator.runtime.mybatis3.javamapper.elements.annotated,AnnotatedUpdateByPrimaryKeyWithoutBLOBsMethodGenerator.AnnotatedBuilder,0,10,0,0,0,3,0,3,0,3
MyBatis Generator Core,org.mybatis.generator.runtime.mybatis3.javamapper.elements.annotated,AnnotatedUpdateByPrimaryKeyWithBLOBsMethodGenerator,0,20,0,0,0,6,0,2,0,2
MyBatis Generator Core,org.mybatis.generator.runtime.mybatis3.javamapper.elements.annotated,AnnotatedCountByExampleMethodGenerator.AnnotatedBuilder,0,10,0,0,0,3,0,3,0,3
MyBatis Generator Core,org.mybatis.generator.runtime.mybatis3.javamapper.elements.annotated,AnnotatedInsertSelectiveMethodGenerator.AnnotatedBuilder,0,10,0,0,0,3,0,3,0,3
MyBatis Generator Core,org.mybatis.generator.runtime.mybatis3.javamapper.elements.annotated,AnnotatedInsertSelectiveMethodGenerator,0,49,0,0,0,13,0,3,0,3
MyBatis Generator Core,org.mybatis.generator.merge.xml,XmlFileMergerJaxp.NullEntityResolver,0,10,0,0,0,2,0,1,0,1
MyBatis Generator Core,org.mybatis.generator.merge.xml,XmlFileMergerJaxp,45,280,6,36,8,70,7,21,1,6
MyBatis Generator Core,org.mybatis.generator.merge.xml,DomWriter,214,419,45,39,61,111,41,29,7,15
MyBatis Generator Core,org.mybatis.generator.runtime.mybatis3.javamapper.elements,DeleteByExampleMethodGenerator.Builder,0,10,0,0,0,3,0,3,0,3
MyBatis Generator Core,org.mybatis.generator.runtime.mybatis3.javamapper.elements,UpdateByPrimaryKeyWithBLOBsMethodGenerator,0,72,0,4,0,17,0,5,0,3
MyBatis Generator Core,org.mybatis.generator.runtime.mybatis3.javamapper.elements,InsertMethodGenerator,2,84,1,3,1,20,1,4,0,3
MyBatis Generator Core,org.mybatis.generator.runtime.mybatis3.javamapper.elements,UpdateByExampleWithBLOBsMethodGenerator,0,62,0,4,0,15,0,5,0,3
MyBatis Generator Core,org.mybatis.generator.runtime.mybatis3.javamapper.elements,UpdateByPrimaryKeySelectiveMethodGenerator,0,72,0,4,0,17,0,5,0,3
MyBatis Generator Core,org.mybatis.generator.runtime.mybatis3.javamapper.elements,SelectByExampleWithBLOBsMethodGenerator,0,106,0,4,0,25,0,5,0,3
MyBatis Generator Core,org.mybatis.generator.runtime.mybatis3.javamapper.elements,CountByExampleMethodGenerator.Builder,0,10,0,0,0,3,0,3,0,3
MyBatis Generator Core,org.mybatis.generator.runtime.mybatis3.javamapper.elements,SelectByExampleWithoutBLOBsMethodGenerator,8,110,2,4,2,25,2,4,0,3
MyBatis Generator Core,org.mybatis.generator.runtime.mybatis3.javamapper.elements,SelectAllMethodGenerator.Builder,0,10,0,0,0,3,0,3,0,3
MyBatis Generator Core,org.mybatis.generator.runtime.mybatis3.javamapper.elements,UpdateByExampleWithoutBLOBsMethodGenerator,2,60,1,3,1,14,1,4,0,3
MyBatis Generator Core,org.mybatis.generator.runtime.mybatis3.javamapper.elements,SelectByPrimaryKeyMethodGenerator.AbstractBuilder,0,10,0,0,0,3,0,2,0,2
MyBatis Generator Core,org.mybatis.generator.runtime.mybatis3.javamapper.elements,DeleteByExampleMethodGenerator,2,71,1,1,1,17,1,3,0,3
MyBatis Generator Core,org.mybatis.generator.runtime.mybatis3.javamapper.elements,UpdateByExampleSelectiveMethodGenerator,2,45,1,1,1,12,1,3,0,3
MyBatis Generator Core,org.mybatis.generator.runtime.mybatis3.javamapper.elements,InsertMethodGenerator.Builder,0,15,0,0,0,5,0,4,0,4
MyBatis Generator Core,org.mybatis.generator.runtime.mybatis3.javamapper.elements,UpdateByPrimaryKeyWithoutBLOBsMethodGenerator,0,74,0,4,0,20,0,6,0,4
MyBatis Generator Core,org.mybatis.generator.runtime.mybatis3.javamapper.elements,SelectByExampleWithBLOBsMethodGenerator.Builder,0,10,0,0,0,3,0,3,0,3
MyBatis Generator Core,org.mybatis.generator.runtime.mybatis3.javamapper.elements,InsertSelectiveMethodGenerator.Builder,0,10,0,0,0,3,0,3,0,3
MyBatis Generator Core,org.mybatis.generator.runtime.mybatis3.javamapper.elements,SelectAllMethodGenerator,0,68,0,0,0,18,0,3,0,3
MyBatis Generator Core,org.mybatis.generator.runtime.mybatis3.javamapper.elements,InsertSelectiveMethodGenerator,2,69,1,1,1,17,1,3,0,3
MyBatis Generator Core,org.mybatis.generator.runtime.mybatis3.javamapper.elements,DeleteByPrimaryKeyMethodGenerator,0,65,0,2,0,17,0,4,0,3
MyBatis Generator Core,org.mybatis.generator.runtime.mybatis3.javamapper.elements,UpdateByPrimaryKeyWithBLOBsMethodGenerator.Builder,0,10,0,0,0,3,0,3,0,3
MyBatis Generator Core,org.mybatis.generator.runtime.mybatis3.javamapper.elements,SelectByPrimaryKeyMethodGenerator,0,74,0,2,0,19,0,4,0,3
MyBatis Generator Core,org.mybatis.generator.runtime.mybatis3.javamapper.elements,AbstractJavaMapperMethodGenerator,0,803,1,51,0,189,1,48,0,23
MyBatis Generator Core,org.mybatis.generator.runtime.mybatis3.javamapper.elements,UpdateByExampleWithBLOBsMethodGenerator.Builder,0,10,0,0,0,3,0,3,0,3
MyBatis Generator Core,org.mybatis.generator.runtime.mybatis3.javamapper.elements,UpdateByPrimaryKeyWithoutBLOBsMethodGenerator.Builder,0,15,0,0,0,5,0,4,0,4
MyBatis Generator Core,org.mybatis.generator.runtime.mybatis3.javamapper.elements,SelectByPrimaryKeyMethodGenerator.Builder,0,10,0,0,0,3,0,3,0,3
MyBatis Generator Core,org.mybatis.generator.runtime.mybatis3.javamapper.elements,DeleteByPrimaryKeyMethodGenerator.Builder,0,15,0,0,0,5,0,4,0,4
MyBatis Generator Core,org.mybatis.generator.runtime.mybatis3.javamapper.elements,UpdateByExampleSelectiveMethodGenerator.Builder,0,10,0,0,0,3,0,3,0,3
MyBatis Generator Core,org.mybatis.generator.runtime.mybatis3.javamapper.elements,SelectByExampleWithoutBLOBsMethodGenerator.Builder,0,10,0,0,0,3,0,3,0,3
MyBatis Generator Core,org.mybatis.generator.runtime.mybatis3.javamapper.elements,UpdateByPrimaryKeySelectiveMethodGenerator.Builder,0,10,0,0,0,3,0,3,0,3
MyBatis Generator Core,org.mybatis.generator.runtime.mybatis3.javamapper.elements,CountByExampleMethodGenerator,2,74,1,1,1,17,1,3,0,3
MyBatis Generator Core,org.mybatis.generator.runtime.mybatis3.javamapper.elements,UpdateByExampleWithoutBLOBsMethodGenerator.Builder,0,10,0,0,0,3,0,3,0,3
MyBatis Generator Core,org.mybatis.generator.runtime.dynamicsql.kotlin,KotlinDynamicSqlSupportClassGenerator.Builder,0,10,0,0,0,3,0,3,0,3
MyBatis Generator Core,org.mybatis.generator.runtime.dynamicsql.kotlin,KotlinDynamicSqlRuntime,0,53,1,1,0,13,1,4,0,4
MyBatis Generator Core,org.mybatis.generator.runtime.dynamicsql.kotlin,KotlinDataClassGenerator,2,145,1,15,1,34,1,9,0,2
MyBatis Generator Core,org.mybatis.generator.runtime.dynamicsql.kotlin,KotlinDataClassGenerator.Builder,0,10,0,0,0,3,0,3,0,3
MyBatis Generator Core,org.mybatis.generator.runtime.dynamicsql.kotlin,KotlinMapperAndExtensionsGenerator.Builder,0,10,0,0,0,3,0,3,0,3
MyBatis Generator Core,org.mybatis.generator.runtime.dynamicsql.kotlin,KotlinDynamicSqlSupportClassGenerator,0,318,0,10,0,78,0,20,0,15
MyBatis Generator Core,org.mybatis.generator.runtime.dynamicsql.kotlin,KotlinDynamicSqlRuntime.Builder,0,10,0,0,0,3,0,3,0,3
MyBatis Generator Core,org.mybatis.generator.runtime.dynamicsql.kotlin,KotlinMapperAndExtensionsGenerator,0,784,4,22,0,232,4,35,0,26
MyBatis Generator Core,org.mybatis.generator.runtime,KotlinFunctionParts,0,31,0,0,0,10,0,5,0,5
MyBatis Generator Core,org.mybatis.generator.runtime,JavaFieldAndImports.Builder,0,25,0,0,0,7,0,4,0,4
MyBatis Generator Core,org.mybatis.generator.runtime,JavaFieldAndImports,0,25,0,0,0,7,0,4,0,4
MyBatis Generator Core,org.mybatis.generator.runtime,JavaMethodParts.Builder,0,96,0,0,0,23,0,9,0,9
MyBatis Generator Core,org.mybatis.generator.runtime,AbstractXmlElementGenerator,0,16,0,0,0,6,0,2,0,2
MyBatis Generator Core,org.mybatis.generator.runtime,JavaMethodParts,0,31,0,0,0,10,0,5,0,5
MyBatis Generator Core,org.mybatis.generator.runtime,JavaMethodAndImports.Builder,0,108,0,6,0,26,0,12,0,9
MyBatis Generator Core,org.mybatis.generator.runtime,AbstractJavaInterfaceMethodGenerator,0,40,0,0,0,10,0,4,0,4
MyBatis Generator Core,org.mybatis.generator.runtime,JavaMethodAndImports,0,32,0,0,0,9,0,5,0,5
MyBatis Generator Core,org.mybatis.generator.runtime,AbstractKotlinFunctionGenerator,0,69,0,0,0,16,0,7,0,7
MyBatis Generator Core,org.mybatis.generator.runtime,KotlinFunctionAndImports.Builder,6,84,1,5,1,20,1,9,0,7
MyBatis Generator Core,org.mybatis.generator.runtime,KotlinFunctionParts.Builder,0,63,0,0,0,16,0,7,0,7
MyBatis Generator Core,org.mybatis.generator.runtime,KotlinFunctionAndImports,0,25,0,0,0,7,0,4,0,4
MyBatis Generator Core,org.mybatis.generator.runtime,AbstractJavaClassMethodGenerator,0,40,0,0,0,10,0,4,0,4
MyBatis Generator Core,org.mybatis.generator.config,PluginConfiguration,6,8,1,1,1,4,1,2,0,2
MyBatis Generator Core,org.mybatis.generator.config,ColumnOverride,6,74,1,1,1,19,1,10,0,10
MyBatis Generator Core,org.mybatis.generator.config,ModelGeneratorConfiguration,13,31,2,2,2,9,2,4,0,4
MyBatis Generator Core,org.mybatis.generator.config,DomainObjectRenamingRule,6,10,1,1,1,4,1,2,0,2
MyBatis Generator Core,org.mybatis.generator.config,JDBCConnectionConfiguration,10,47,2,2,2,13,2,6,0,6
MyBatis Generator Core,org.mybatis.generator.config,CommentGeneratorConfiguration,8,9,3,1,1,4,2,2,0,2
MyBatis Generator Core,org.mybatis.generator.config,Property,0,9,0,0,0,1,0,1,0,1
MyBatis Generator Core,org.mybatis.generator.config,MergeConstants,0,51,0,0,0,7,0,4,0,4
MyBatis Generator Core,org.mybatis.generator.config,CommentGeneratorConfiguration.Builder,0,10,0,0,0,3,0,3,0,3
MyBatis Generator Core,org.mybatis.generator.config,SqlMapGeneratorConfiguration,13,31,2,2,2,9,2,4,0,4
MyBatis Generator Core,org.mybatis.generator.config,TableConfiguration,87,478,27,43,11,109,18,54,3,34
MyBatis Generator Core,org.mybatis.generator.config,PropertyHolder,0,21,0,0,0,6,0,3,0,3
MyBatis Generator Core,org.mybatis.generator.config,PluginConfiguration.Builder,0,10,0,0,0,3,0,3,0,3
MyBatis Generator Core,org.mybatis.generator.config,AbstractRenamingRule,3,23,0,0,1,7,1,3,1,3
MyBatis Generator Core,org.mybatis.generator.config,JDBCConnectionConfiguration.Builder,0,30,0,0,0,11,0,7,0,7
MyBatis Generator Core,org.mybatis.generator.config,ClientGeneratorConfiguration,22,73,3,13,3,16,3,11,0,6
MyBatis Generator Core,org.mybatis.generator.config,Configuration,28,66,6,6,8,17,5,7,1,5
MyBatis Generator Core,org.mybatis.generator.config,ModelType,7,67,1,7,1,16,1,6,0,3
MyBatis Generator Core,org.mybatis.generator.config,SqlMapGeneratorConfiguration.Builder,0,20,0,0,0,7,0,5,0,5
MyBatis Generator Core,org.mybatis.generator.config,ConnectionFactoryConfiguration.Builder,0,10,0,0,0,3,0,3,0,3
MyBatis Generator Core,org.mybatis.generator.config,Context,14,358,5,47,2,77,5,42,0,21
MyBatis Generator Core,org.mybatis.generator.config,ClientGeneratorConfiguration.Builder,0,25,0,0,0,9,0,6,0,6
MyBatis Generator Core,org.mybatis.generator.config,TableConfiguration.Builder,50,137,0,2,20,44,10,19,10,18
MyBatis Generator Core,org.mybatis.generator.config,IgnoredColumnPattern,6,52,2,6,1,15,2,5,0,3
MyBatis Generator Core,org.mybatis.generator.config,Defaults,0,21,0,0,0,7,0,1,0,1
MyBatis Generator Core,org.mybatis.generator.config,NullableProperties,0,24,0,2,0,6,0,4,0,3
MyBatis Generator Core,org.mybatis.generator.config,JavaTypeResolverConfiguration.Builder,0,10,0,0,0,3,0,3,0,3
MyBatis Generator Core,org.mybatis.generator.config,ClientGeneratorConfiguration.LegacyClientType,0,57,0,4,0,11,0,5,0,3
MyBatis Generator Core,org.mybatis.generator.config,TypedPropertyHolder.TypedBuilder,0,10,0,0,0,3,0,2,0,2
MyBatis Generator Core,org.mybatis.generator.config,ColumnRenamingRule,6,10,1,1,1,4,1,2,0,2
MyBatis Generator Core,org.mybatis.generator.config,JavaTypeResolverConfiguration,2,15,2,2,1,4,2,2,0,2
MyBatis Generator Core,org.mybatis.generator.config,IgnoredColumn,25,36,6,4,5,10,6,5,1,5
MyBatis Generator Core,org.mybatis.generator.config,Context.Builder,0,89,0,0,0,31,0,16,0,16
MyBatis Generator Core,org.mybatis.generator.config,GeneratedKey,7,49,1,3,1,15,1,8,0,7
MyBatis Generator Core,org.mybatis.generator.config,TypedPropertyHolder,0,12,0,0,0,4,0,2,0,2
MyBatis Generator Core,org.mybatis.generator.config,ConnectionFactoryConfiguration,22,28,6,6,3,8,5,4,0,3
MyBatis Generator Core,org.mybatis.generator.config,PropertyHolder.AbstractBuilder,0,26,0,0,0,6,0,3,0,3
MyBatis Generator Core,org.mybatis.generator.config,ColumnOverride.Builder,0,45,0,0,0,17,0,10,0,10
MyBatis Generator Core,org.mybatis.generator.config,IgnoredColumnException,11,5,2,0,3,2,2,1,1,1
MyBatis Generator Core,org.mybatis.generator.config,IgnoredColumnPattern.Builder,0,25,0,0,0,7,0,4,0,4
MyBatis Generator Core,org.mybatis.generator.config,ModelGeneratorConfiguration.Builder,0,20,0,0,0,7,0,5,0,5
MyBatis Generator Core,org.mybatis.generator.exception,MultiMessageException,20,21,0,0,5,7,2,3,2,3
MyBatis Generator Core,org.mybatis.generator.exception,InvalidConfigurationException,0,5,0,0,0,2,0,1,0,1
MyBatis Generator Core,org.mybatis.generator.exception,MergeException,5,9,0,0,2,4,1,2,1,2
MyBatis Generator Core,org.mybatis.generator.exception,ShellException,16,0,0,0,8,0,4,0,4,0
MyBatis Generator Core,org.mybatis.generator.exception,TypeParsingException,4,0,0,0,2,0,1,0,1,0
MyBatis Generator Core,org.mybatis.generator.exception,XMLParserException,10,5,0,0,4,2,2,1,2,1
MyBatis Generator Core,org.mybatis.generator.exception,InternalException,0,9,0,0,0,4,0,2,0,2
MyBatis Generator Core,org.mybatis.generator.runtime.dynamicsql.java.elements,BasicInsertMethodGenerator.Builder,0,15,0,0,0,5,0,4,0,4
MyBatis Generator Core,org.mybatis.generator.runtime.dynamicsql.java.elements,BasicInsertMethodGenerator,0,114,0,0,0,25,0,4,0,4
MyBatis Generator Core,org.mybatis.generator.runtime.dynamicsql.java.elements,InsertMultipleMethodGenerator.Builder,0,27,0,0,0,9,0,6,0,6
MyBatis Generator Core,org.mybatis.generator.runtime.dynamicsql.java.elements,UpdateByPrimaryKeyMethodGenerator.Builder,0,20,0,0,0,7,0,5,0,5
MyBatis Generator Core,org.mybatis.generator.runtime.dynamicsql.java.elements,GeneralSelectDistinctMethodGenerator.Builder,0,15,0,0,0,5,0,4,0,4
MyBatis Generator Core,org.mybatis.generator.runtime.dynamicsql.java.elements,GeneralCountMethodGenerator.Builder,0,15,0,0,0,5,0,4,0,4
MyBatis Generator Core,org.mybatis.generator.runtime.dynamicsql.java.elements,BasicMultipleInsertMethodGenerator.Builder,0,15,0,0,0,5,0,4,0,4
MyBatis Generator Core,org.mybatis.generator.runtime.dynamicsql.java.elements,GeneralUpdateMethodGenerator.Builder,0,15,0,0,0,5,0,4,0,4
MyBatis Generator Core,org.mybatis.generator.runtime.dynamicsql.java.elements,DeleteByPrimaryKeyMethodGenerator.Builder,0,15,0,0,0,5,0,4,0,4
MyBatis Generator Core,org.mybatis.generator.runtime.dynamicsql.java.elements,SelectByPrimaryKeyMethodGenerator.Builder,0,20,0,0,0,7,0,5,0,5
MyBatis Generator Core,org.mybatis.generator.runtime.dynamicsql.java.elements,InsertSelectiveMethodGenerator.Builder,0,25,0,0,0,9,0,6,0,6
MyBatis Generator Core,org.mybatis.generator.runtime.dynamicsql.java.elements,UpdateAllColumnsMethodGenerator.Builder,0,20,0,0,0,7,0,5,0,5
MyBatis Generator Core,org.mybatis.generator.runtime.dynamicsql.java.elements,SelectByPrimaryKeyMethodGenerator,0,81,0,2,0,21,0,4,0,3
MyBatis Generator Core,org.mybatis.generator.runtime.dynamicsql.java.elements,BasicSelectOneMethodGenerator,21,137,5,1,4,32,3,3,0,3
MyBatis Generator Core,org.mybatis.generator.runtime.dynamicsql.java.elements,BasicSelectManyMethodGenerator.Builder,0,20,0,0,0,7,0,5,0,5
MyBatis Generator Core,org.mybatis.generator.runtime.dynamicsql.java.elements,DeleteByPrimaryKeyMethodGenerator,0,97,0,4,0,25,0,5,0,3
MyBatis Generator Core,org.mybatis.generator.runtime.dynamicsql.java.elements,BasicMultipleInsertMethodGenerator,0,130,0,2,0,30,0,5,0,4
MyBatis Generator Core,org.mybatis.generator.runtime.dynamicsql.java.elements,InsertSelectiveMethodGenerator,7,150,1,7,1,34,1,6,0,3
MyBatis Generator Core,org.mybatis.generator.runtime.dynamicsql.java.elements,GeneralSelectDistinctMethodGenerator,0,24,0,0,0,5,0,3,0,3
MyBatis Generator Core,org.mybatis.generator.runtime.dynamicsql.java.elements,GeneralUpdateMethodGenerator,0,83,0,0,0,20,0,3,0,3
MyBatis Generator Core,org.mybatis.generator.runtime.dynamicsql.java.elements,InsertMethodGenerator.Builder,0,25,0,0,0,9,0,6,0,6
MyBatis Generator Core,org.mybatis.generator.runtime.dynamicsql.java.elements,GeneralSelectOneMethodGenerator.Builder,0,20,0,0,0,7,0,5,0,5
MyBatis Generator Core,org.mybatis.generator.runtime.dynamicsql.java.elements,UpdateByPrimaryKeySelectiveMethodGenerator.Builder,0,20,0,0,0,7,0,5,0,5
MyBatis Generator Core,org.mybatis.generator.runtime.dynamicsql.java.elements,GeneralSelectMethodGenerator.Builder,0,15,0,0,0,5,0,4,0,4
MyBatis Generator Core,org.mybatis.generator.runtime.dynamicsql.java.elements,GeneralDeleteMethodGenerator,0,77,0,0,0,18,0,3,0,3
MyBatis Generator Core,org.mybatis.generator.runtime.dynamicsql.java.elements,SelectListGenerator,0,56,0,0,0,14,0,3,0,3
MyBatis Generator Core,org.mybatis.generator.runtime.dynamicsql.java.elements,SelectListGenerator.Builder,0,15,0,0,0,5,0,4,0,4
MyBatis Generator Core,org.mybatis.generator.runtime.dynamicsql.java.elements,UpdateByPrimaryKeySelectiveMethodGenerator,0,102,0,2,0,25,0,4,0,3
MyBatis Generator Core,org.mybatis.generator.runtime.dynamicsql.java.elements,FragmentGenerator,0,649,1,39,0,150,1,35,0,16
MyBatis Generator Core,org.mybatis.generator.runtime.dynamicsql.java.elements,BasicSelectManyMethodGenerator,0,125,0,4,0,29,0,5,0,3
MyBatis Generator Core,org.mybatis.generator.runtime.dynamicsql.java.elements,UpdateAllColumnsMethodGenerator,0,96,0,0,0,21,0,3,0,3
MyBatis Generator Core,org.mybatis.generator.runtime.dynamicsql.java.elements,InsertMultipleMethodGenerator,0,162,0,6,0,38,0,7,0,4
MyBatis Generator Core,org.mybatis.generator.runtime.dynamicsql.java.elements,GeneralCountMethodGenerator,0,80,0,0,0,18,0,3,0,3
MyBatis Generator Core,org.mybatis.generator.runtime.dynamicsql.java.elements,UpdateSelectiveColumnsMethodGenerator.Builder,0,20,0,0,0,7,0,5,0,5
MyBatis Generator Core,org.mybatis.generator.runtime.dynamicsql.java.elements,GeneralSelectOneMethodGenerator,0,96,0,0,0,22,0,3,0,3
MyBatis Generator Core,org.mybatis.generator.runtime.dynamicsql.java.elements,UpdateSelectiveColumnsMethodGenerator,0,96,0,0,0,22,0,3,0,3
MyBatis Generator Core,org.mybatis.generator.runtime.dynamicsql.java.elements,BasicSelectOneMethodGenerator.Builder,0,30,0,0,0,11,0,7,0,7
MyBatis Generator Core,org.mybatis.generator.runtime.dynamicsql.java.elements,UpdateByPrimaryKeyMethodGenerator,0,102,0,2,0,24,0,4,0,3
MyBatis Generator Core,org.mybatis.generator.runtime.dynamicsql.java.elements,GeneralSelectMethodGenerator,0,24,0,0,0,5,0,3,0,3
MyBatis Generator Core,org.mybatis.generator.runtime.dynamicsql.java.elements,InsertMethodGenerator,0,128,0,4,0,29,0,5,0,3
MyBatis Generator Core,org.mybatis.generator.runtime.dynamicsql.java.elements,FragmentGenerator.Builder,0,38,0,0,0,14,0,8,0,8
MyBatis Generator Core,org.mybatis.generator.runtime.dynamicsql.java.elements,GeneralDeleteMethodGenerator.Builder,0,15,0,0,0,5,0,4,0,4
MyBatis Generator Core,org.mybatis.generator.api,FullyQualifiedTable.Builder,0,68,0,0,0,26,0,14,0,14
MyBatis Generator Core,org.mybatis.generator.api,GeneratedKotlinFile,12,11,0,0,3,4,3,2,3,2
MyBatis Generator Core,org.mybatis.generator.api,GeneratedXmlFile,6,26,0,0,2,10,2,4,2,4
MyBatis Generator Core,org.mybatis.generator.api,GeneratedJavaFile,3,30,0,0,1,9,1,5,1,5
MyBatis Generator Core,org.mybatis.generator.api,ShellCallback,1,0,0,0,1,0,1,0,1,0
MyBatis Generator Core,org.mybatis.generator.api,ShellRunner,407,0,46,0,108,0,29,0,6,0
MyBatis Generator Core,org.mybatis.generator.api,CodeGenerationAttributes.AbstractBuilder,0,27,0,0,0,9,0,5,0,5
MyBatis Generator Core,org.mybatis.generator.api,MyBatisGenerator.ContextValuesAndTables,0,9,0,0,0,1,0,1,0,1
MyBatis Generator Core,org.mybatis.generator.api,CommentGenerator,11,5,0,0,11,5,11,5,11,5
MyBatis Generator Core,org.mybatis.generator.api,MyBatisGenerator.new ProgressCallback() {...},0,6,0,0,0,1,0,1,0,1
MyBatis Generator Core,org.mybatis.generator.api,JavaTypeResolver.JdbcTypeInformation,0,16,0,0,0,2,0,2,0,2
MyBatis Generator Core,org.mybatis.generator.api,VerboseProgressCallback,7,0,0,0,4,0,2,0,2,0
MyBatis Generator Core,org.mybatis.generator.api,PluginAdapter,0,25,0,0,0,11,0,5,0,5
MyBatis Generator Core,org.mybatis.generator.api,IntrospectedColumn,29,290,11,31,6,81,16,57,5,47
MyBatis Generator Core,org.mybatis.generator.api,CodeGenerationAttributes,0,1073,0,16,0,269,0,139,0,131
MyBatis Generator Core,org.mybatis.generator.api,GenericGeneratedFile,6,0,0,0,3,0,2,0,2,0
MyBatis Generator Core,org.mybatis.generator.api,ProgressCallback,0,6,0,0,0,6,0,6,0,6
MyBatis Generator Core,org.mybatis.generator.api,IntrospectedTable.Builder,0,15,0,0,0,5,0,4,0,4
MyBatis Generator Core,org.mybatis.generator.api,IntrospectedTable,34,335,7,26,9,66,6,36,1,24
MyBatis Generator Core,org.mybatis.generator.api,AbstractRuntime.AbstractRuntimeBuilder,0,3,0,0,0,1,0,1,0,1
MyBatis Generator Core,org.mybatis.generator.api,MyBatisGenerator.Builder,0,63,0,0,0,20,0,9,0,9
MyBatis Generator Core,org.mybatis.generator.api,AbstractRuntime,0,175,2,14,0,38,2,14,0,8
MyBatis Generator Core,org.mybatis.generator.api,GeneratedFile,3,9,0,0,1,4,1,2,1,2
MyBatis Generator Core,org.mybatis.generator.api,KnownRuntime,0,111,0,4,0,20,0,9,0,7
MyBatis Generator Core,org.mybatis.generator.api,MyBatisGenerator,366,360,22,14,78,101,26,23,11,20
MyBatis Generator Core,org.mybatis.generator.api,MyBatisGenerator.Merger,4,0,0,0,1,0,2,0,2,0
MyBatis Generator Core,org.mybatis.generator.api,FullyQualifiedTable,102,366,22,38,20,83,20,28,3,15
MyBatis Generator Core,org.mybatis.generator.api,CompositePlugin,150,2167,75,327,75,472,75,243,0,117
MyBatis Generator Core,org.mybatis.generator.api,Plugin.ModelClassType,0,21,0,0,0,4,0,1,0,1
MyBatis Generator Core,org.mybatis.generator.api,Plugin,2,215,0,0,1,106,1,106,1,106
MyBatis Generator Core,org.mybatis.generator.api.dom.kotlin,KotlinArg,0,40,0,0,0,11,0,6,0,6
MyBatis Generator Core,org.mybatis.generator.api.dom.kotlin,JavaToKotlinTypeConverter,0,208,0,2,0,43,0,4,0,3
MyBatis Generator Core,org.mybatis.generator.api.dom.kotlin,KotlinType.Type,0,42,0,0,0,9,0,3,0,3
MyBatis Generator Core,org.mybatis.generator.api.dom.kotlin,KotlinNamedItemContainer.NamedItemContainerBuilder,0,17,0,0,0,5,0,2,0,2
MyBatis Generator Core,org.mybatis.generator.api.dom.kotlin,KotlinProperty.Type,0,28,0,0,0,7,0,3,0,3
MyBatis Generator Core,org.mybatis.generator.api.dom.kotlin,KotlinFile,0,77,0,2,0,24,0,12,0,11
MyBatis Generator Core,org.mybatis.generator.api.dom.kotlin,FullyQualifiedKotlinType,24,284,4,24,4,72,5,21,1,11
MyBatis Generator Core,org.mybatis.generator.api.dom.kotlin,KotlinProperty.Builder,0,24,0,0,0,9,0,5,0,5
MyBatis Generator Core,org.mybatis.generator.api.dom.kotlin,KotlinType,0,87,0,0,0,20,0,12,0,12
MyBatis Generator Core,org.mybatis.generator.api.dom.kotlin,KotlinType.Builder,0,38,0,0,0,11,0,5,0,5
MyBatis Generator Core,org.mybatis.generator.api.dom.kotlin,KotlinNamedItem.AbstractBuilder,0,32,0,0,0,9,0,3,0,3
MyBatis Generator Core,org.mybatis.generator.api.dom.kotlin,KotlinFunction.Builder,0,50,0,0,0,15,0,7,0,7
MyBatis Generator Core,org.mybatis.generator.api.dom.kotlin,KotlinNamedItemContainer,0,24,0,0,0,7,0,3,0,3
MyBatis Generator Core,org.mybatis.generator.api.dom.kotlin,KotlinProperty,0,45,0,0,0,11,0,7,0,7
MyBatis Generator Core,org.mybatis.generator.api.dom.kotlin,KotlinModifier,0,161,0,0,0,26,0,3,0,3
MyBatis Generator Core,org.mybatis.generator.api.dom.kotlin,KotlinFunction,0,75,0,0,0,19,0,10,0,10
MyBatis Generator Core,org.mybatis.generator.api.dom.kotlin,KotlinArg.Builder,0,33,0,0,0,11,0,5,0,5
MyBatis Generator Core,org.mybatis.generator.api.dom.kotlin,KotlinNamedItem,0,44,0,0,0,12,0,5,0,5
MyBatis Generator Core,org.mybatis.generator.internal.rules,BaseRules,42,461,36,118,4,120,29,77,1,28
MyBatis Generator Core,org.mybatis.generator.internal.rules,HierarchicalModelRules,0,16,0,0,0,5,0,4,0,4
MyBatis Generator Core,org.mybatis.generator.internal.rules,RulesDelegate,130,0,0,0,34,0,32,0,32,0
MyBatis Generator Core,org.mybatis.generator.internal.rules,ConditionalModelRules,5,60,4,12,0,11,3,10,0,5
MyBatis Generator Core,org.mybatis.generator.internal.rules,FlatModelRules,0,10,0,0,0,5,0,4,0,4
