GROUP,PACKAGE,CLASS,INSTRUCTION_MISSED,INSTRUCTION_COVERED,BRANCH_MISSED,BRANCH_COVERED,LINE_MISSED,LINE_COVERED,COMPLEXITY_MISSED,COMPLEXITY_COVERED,METHOD_MISSED,METHOD_COVERED
MyBatis Generator Core,org.mybatis.generator.codegen.mybatis3.javamapper.elements.sqlprovider,ProviderUpdateByExampleWithoutBLOBsMethodGenerator,28,202,4,6,7,42,4,6,0,5
MyBatis Generator Core,org.mybatis.generator.codegen.mybatis3.javamapper.elements.sqlprovider,ProviderApplyWhereMethodGenerator,25,548,6,8,3,33,5,5,0,3
MyBatis Generator Core,org.mybatis.generator.codegen.mybatis3.javamapper.elements.sqlprovider,ProviderDeleteByExampleMethodGenerator,36,101,3,3,8,25,3,2,0,2
MyBatis Generator Core,org.mybatis.generator.codegen.mybatis3.javamapper.elements.sqlprovider,ProviderSelectByExampleWithBLOBsMethodGenerator,0,21,0,0,0,5,0,4,0,4
MyBatis Generator Core,org.mybatis.generator.codegen.mybatis3.javamapper.elements.sqlprovider,ProviderUpdateByExampleWithBLOBsMethodGenerator,0,21,0,0,0,5,0,4,0,4
MyBatis Generator Core,org.mybatis.generator.codegen.mybatis3.javamapper.elements.sqlprovider,AbstractJavaProviderMethodGenerator,4,17,1,1,1,6,1,2,0,2
MyBatis Generator Core,org.mybatis.generator.codegen.mybatis3.javamapper.elements.sqlprovider,ProviderUpdateByPrimaryKeySelectiveMethodGenerator,29,209,4,12,7,43,4,6,0,2
MyBatis Generator Core,org.mybatis.generator.codegen.mybatis3.javamapper.elements.sqlprovider,ProviderCountByExampleMethodGenerator,43,101,3,3,10,25,3,2,0,2
MyBatis Generator Core,org.mybatis.generator.codegen.mybatis3.javamapper.elements.sqlprovider,ProviderSelectByExampleWithoutBLOBsMethodGenerator,37,226,5,9,9,48,5,7,0,5
MyBatis Generator Core,org.mybatis.generator.codegen.mybatis3.javamapper.elements.sqlprovider,ProviderUpdateByExampleSelectiveMethodGenerator,28,244,4,10,7,51,4,5,0,2
MyBatis Generator Core,org.mybatis.generator.codegen.mybatis3.javamapper.elements.sqlprovider,ProviderInsertSelectiveMethodGenerator,25,177,4,14,6,41,4,7,0,2
MyBatis Generator Core,org.mybatis.generator.plugins.dsql,DisableUpdatePlugin,2,27,0,0,1,13,1,13,1,13
MyBatis Generator Core,org.mybatis.generator.plugins.dsql,DisableInsertPlugin,2,29,0,0,1,14,1,14,1,14
MyBatis Generator Core,org.mybatis.generator.plugins.dsql,DisableDeletePlugin,2,15,0,0,1,7,1,7,1,7
MyBatis Generator Core,org.mybatis.generator.plugins.dsql,ReadOnlyPlugin,0,20,0,0,0,6,0,2,0,2
MyBatis Generator Core,org.mybatis.generator.internal.util.messages,Messages,48,53,0,0,8,6,0,5,0,5
MyBatis Generator Core,org.mybatis.generator.api.dom.kotlin.render,KotlinArgRenderer,0,59,0,0,0,7,0,5,0,5
MyBatis Generator Core,org.mybatis.generator.api.dom.kotlin.render,KotlinPropertyRenderer,0,72,0,0,0,10,0,5,0,5
MyBatis Generator Core,org.mybatis.generator.api.dom.kotlin.render,KotlinTypeRenderer,0,220,0,14,0,39,0,10,0,3
MyBatis Generator Core,org.mybatis.generator.api.dom.kotlin.render,KotlinFunctionRenderer,0,152,0,8,0,26,0,10,0,6
MyBatis Generator Core,org.mybatis.generator.api.dom.kotlin.render,KotlinRenderingUtilities,0,25,0,2,0,5,0,3,0,2
MyBatis Generator Core,org.mybatis.generator.api.dom.kotlin.render,KotlinFileRenderer,0,105,0,6,0,18,0,9,0,6
MyBatis Generator Core,org.mybatis.generator.api.dom.kotlin.render,KotlinNamedItemRenderer,0,26,0,0,0,5,0,5,0,5
MyBatis Generator Core,org.mybatis.generator.api.dom.xml,Document,0,33,0,0,0,12,0,6,0,6
MyBatis Generator Core,org.mybatis.generator.api.dom.xml,TextElement,0,13,0,0,0,5,0,3,0,3
MyBatis Generator Core,org.mybatis.generator.api.dom.xml,XmlElement,10,78,0,2,4,19,2,10,2,9
MyBatis Generator Core,org.mybatis.generator.api.dom.xml,SystemDocType,0,13,0,0,0,5,0,3,0,3
MyBatis Generator Core,org.mybatis.generator.api.dom.xml,PublicDocType,0,19,0,0,0,7,0,4,0,4
MyBatis Generator Core,org.mybatis.generator.api.dom.xml,Attribute,0,19,0,0,0,6,0,3,0,3
MyBatis Generator Core,org.mybatis.generator.plugins,RenameExampleClassPlugin,22,50,7,3,4,13,5,3,0,3
MyBatis Generator Core,org.mybatis.generator.plugins,UnmergeableXmlMappersPlugin,0,10,0,0,0,4,0,3,0,3
MyBatis Generator Core,org.mybatis.generator.plugins,VirtualPrimaryKeyPlugin,30,0,4,0,11,0,5,0,3,0
MyBatis Generator Core,org.mybatis.generator.plugins,SerializablePlugin,17,102,3,3,4,28,3,7,0,7
MyBatis Generator Core,org.mybatis.generator.plugins,MapperAnnotationPlugin,0,20,1,1,0,6,1,3,0,3
MyBatis Generator Core,org.mybatis.generator.plugins,CaseInsensitiveLikePlugin,0,134,0,4,0,36,0,10,0,8
MyBatis Generator Core,org.mybatis.generator.plugins,EqualsHashCodePlugin,150,502,17,31,38,139,12,20,0,8
MyBatis Generator Core,org.mybatis.generator.plugins,MapperConfigPlugin,224,0,8,0,51,0,8,0,4,0
MyBatis Generator Core,org.mybatis.generator.plugins,ToStringPlugin,31,112,4,4,8,31,5,6,2,5
MyBatis Generator Core,org.mybatis.generator.plugins,CachePlugin.CacheProperty,81,0,0,0,12,0,4,0,4,0
MyBatis Generator Core,org.mybatis.generator.plugins,RowBoundsPlugin,4,454,11,29,2,104,11,23,0,14
MyBatis Generator Core,org.mybatis.generator.plugins,CachePlugin,67,0,6,0,15,0,7,0,4,0
MyBatis Generator Core,org.mybatis.generator.plugins,FluentBuilderMethodsPlugin,9,77,1,1,2,18,1,3,0,3
MyBatis Generator Core,org.mybatis.generator.logging.jdk14,Jdk14LoggingImpl,38,0,0,0,12,0,6,0,6,0
MyBatis Generator Core,org.mybatis.generator.logging.jdk14,Jdk14LoggingLogFactory,5,3,0,0,1,1,1,1,1,1
MyBatis Generator Core,org.mybatis.generator.logging,LogFactory,76,46,1,3,22,17,9,5,8,4
MyBatis Generator Core,org.mybatis.generator.logging,LogException,16,0,0,0,8,0,4,0,4,0
MyBatis Generator Core,org.mybatis.generator.internal.util,JavaBeansUtil,9,488,3,37,3,128,3,40,0,23
MyBatis Generator Core,org.mybatis.generator.internal.util,StringUtility,52,142,10,24,12,34,7,18,2,6
MyBatis Generator Core,org.mybatis.generator.internal.util,HashCodeUtil,52,33,5,3,9,9,8,5,5,4
MyBatis Generator Core,org.mybatis.generator.internal.util,CustomCollectors,0,24,0,0,0,4,0,2,0,2
MyBatis Generator Core,org.mybatis.generator.internal.util,EqualsUtil,53,0,14,0,6,0,13,0,6,0
MyBatis Generator Core,org.mybatis.generator.internal.util,ClassloaderUtility,61,0,6,0,14,0,4,0,1,0
MyBatis Generator Core,org.mybatis.generator.config.xml,MyBatisGeneratorConfigurationParser,168,1459,56,174,50,403,53,87,1,24
MyBatis Generator Core,org.mybatis.generator.config.xml,ConfigurationParser,80,110,8,6,17,31,9,5,2,5
MyBatis Generator Core,org.mybatis.generator.config.xml,ParserErrorHandler,36,9,0,0,12,4,3,1,3,1
MyBatis Generator Core,org.mybatis.generator.config.xml,ParserEntityResolver,2,18,1,1,1,8,1,2,0,2
MyBatis Generator Core,org.mybatis.generator.logging.nologging,NoLoggingImpl,9,0,0,0,7,0,6,0,6,0
MyBatis Generator Core,org.mybatis.generator.logging.nologging,NoLoggingLogFactory,4,3,0,0,1,1,1,1,1,1
MyBatis Generator Core,org.mybatis.generator.internal,DomWriter,217,417,47,41,64,112,43,29,7,15
MyBatis Generator Core,org.mybatis.generator.internal,JDBCConnectionFactory,20,127,3,3,4,33,3,5,0,5
MyBatis Generator Core,org.mybatis.generator.internal,NullProgressCallback,1,8,0,0,1,7,1,6,1,6
MyBatis Generator Core,org.mybatis.generator.internal,XmlFileMergerJaxp,47,279,8,38,8,70,9,21,1,6
MyBatis Generator Core,org.mybatis.generator.internal,PluginAggregator,12,3,0,0,3,1,3,1,3,1
MyBatis Generator Core,org.mybatis.generator.internal,ObjectFactory,91,307,17,35,25,99,17,27,2,16
MyBatis Generator Core,org.mybatis.generator.internal,DefaultCommentGenerator,84,888,12,56,19,225,9,48,1,22
MyBatis Generator Core,org.mybatis.generator.internal,DefaultShellCallback,73,6,8,0,19,3,9,1,5,1
MyBatis Generator Core,org.mybatis.generator.internal,XmlFileMergerJaxp.NullEntityResolver,0,10,0,0,0,2,0,1,0,1
MyBatis Generator Core,org.mybatis.generator.codegen.mybatis3,IntrospectedTableMyBatis3SimpleImpl,27,66,7,5,7,18,5,5,0,4
MyBatis Generator Core,org.mybatis.generator.codegen.mybatis3,MyBatis3FormattingUtilities,0,231,0,20,0,58,0,17,0,7
MyBatis Generator Core,org.mybatis.generator.codegen.mybatis3,IntrospectedTableMyBatis3Impl,18,404,6,40,5,104,5,33,0,15
MyBatis Generator Core,org.mybatis.generator.codegen.mybatis3,ListUtilities,0,33,0,6,0,6,0,7,0,4
MyBatis Generator Core,org.mybatis.generator.runtime.dynamic.sql.elements.v1,BasicSelectOneMethodGenerator,10,158,2,8,2,36,2,6,0,3
MyBatis Generator Core,org.mybatis.generator.runtime.dynamic.sql.elements.v1,BasicDeleteMethodGenerator,7,84,3,1,2,20,2,3,0,3
MyBatis Generator Core,org.mybatis.generator.runtime.dynamic.sql.elements.v1,BasicInsertMethodGenerator,7,122,3,3,2,28,2,4,0,3
MyBatis Generator Core,org.mybatis.generator.runtime.dynamic.sql.elements.v1,DeleteByExampleMethodGenerator,2,79,1,1,1,16,1,3,0,3
MyBatis Generator Core,org.mybatis.generator.runtime.dynamic.sql.elements.v1,CountByExampleMethodGenerator.Builder,0,11,0,0,0,3,0,3,0,3
MyBatis Generator Core,org.mybatis.generator.runtime.dynamic.sql.elements.v1,DeleteByPrimaryKeyMethodGenerator,0,117,0,4,0,27,0,5,0,3
MyBatis Generator Core,org.mybatis.generator.runtime.dynamic.sql.elements.v1,UpdateByExampleMethodGenerator.Builder,0,21,0,0,0,7,0,5,0,5
MyBatis Generator Core,org.mybatis.generator.runtime.dynamic.sql.elements.v1,BasicCountMethodGenerator,2,87,1,1,1,20,1,3,0,3
MyBatis Generator Core,org.mybatis.generator.runtime.dynamic.sql.elements.v1,BasicSelectManyMethodGenerator,2,132,1,5,1,31,1,5,0,3
MyBatis Generator Core,org.mybatis.generator.runtime.dynamic.sql.elements.v1,SelectByPrimaryKeyMethodGenerator,0,124,0,2,0,28,0,4,0,3
MyBatis Generator Core,org.mybatis.generator.runtime.dynamic.sql.elements.v1,UpdateByExampleSelectiveMethodGenerator.Builder,0,21,0,0,0,7,0,5,0,5
MyBatis Generator Core,org.mybatis.generator.runtime.dynamic.sql.elements.v1,BasicUpdateMethodGenerator,27,84,11,1,6,20,6,3,0,3
MyBatis Generator Core,org.mybatis.generator.runtime.dynamic.sql.elements.v1,BasicSelectManyMethodGenerator.Builder,0,21,0,0,0,7,0,5,0,5
MyBatis Generator Core,org.mybatis.generator.runtime.dynamic.sql.elements.v1,UpdateByExampleMethodGenerator,2,114,1,3,1,22,1,4,0,3
MyBatis Generator Core,org.mybatis.generator.runtime.dynamic.sql.elements.v1,SelectByPrimaryKeyMethodGenerator.Builder,0,21,0,0,0,7,0,5,0,5
MyBatis Generator Core,org.mybatis.generator.runtime.dynamic.sql.elements.v1,BasicUpdateMethodGenerator.Builder,0,11,0,0,0,3,0,3,0,3
MyBatis Generator Core,org.mybatis.generator.runtime.dynamic.sql.elements.v1,UpdateByPrimaryKeySelectiveMethodGenerator.Builder,0,21,0,0,0,7,0,5,0,5
MyBatis Generator Core,org.mybatis.generator.runtime.dynamic.sql.elements.v1,UpdateByExampleSelectiveMethodGenerator,2,109,1,1,1,21,1,3,0,3
MyBatis Generator Core,org.mybatis.generator.runtime.dynamic.sql.elements.v1,InsertMethodGenerator.Builder,0,16,0,0,0,5,0,4,0,4
MyBatis Generator Core,org.mybatis.generator.runtime.dynamic.sql.elements.v1,BasicDeleteMethodGenerator.Builder,0,11,0,0,0,3,0,3,0,3
MyBatis Generator Core,org.mybatis.generator.runtime.dynamic.sql.elements.v1,SelectDistinctByExampleMethodGenerator.Builder,0,21,0,0,0,7,0,5,0,5
MyBatis Generator Core,org.mybatis.generator.runtime.dynamic.sql.elements.v1,InsertSelectiveMethodGenerator,2,168,1,5,1,34,1,5,0,3
MyBatis Generator Core,org.mybatis.generator.runtime.dynamic.sql.elements.v1,DeleteByExampleMethodGenerator.Builder,0,11,0,0,0,3,0,3,0,3
MyBatis Generator Core,org.mybatis.generator.runtime.dynamic.sql.elements.v1,InsertSelectiveMethodGenerator.Builder,0,16,0,0,0,5,0,4,0,4
MyBatis Generator Core,org.mybatis.generator.runtime.dynamic.sql.elements.v1,BasicInsertMethodGenerator.Builder,0,21,0,0,0,7,0,5,0,5
MyBatis Generator Core,org.mybatis.generator.runtime.dynamic.sql.elements.v1,CountByExampleMethodGenerator,2,96,1,1,1,19,1,3,0,3
MyBatis Generator Core,org.mybatis.generator.runtime.dynamic.sql.elements.v1,InsertMethodGenerator,2,137,1,3,1,28,1,4,0,3
MyBatis Generator Core,org.mybatis.generator.runtime.dynamic.sql.elements.v1,UpdateByPrimaryKeyMethodGenerator,0,116,0,4,0,24,0,5,0,3
MyBatis Generator Core,org.mybatis.generator.runtime.dynamic.sql.elements.v1,UpdateByPrimaryKeySelectiveMethodGenerator,0,111,0,2,0,25,0,4,0,3
MyBatis Generator Core,org.mybatis.generator.runtime.dynamic.sql.elements.v1,SelectByExampleMethodGenerator,2,141,1,3,1,28,1,4,0,3
MyBatis Generator Core,org.mybatis.generator.runtime.dynamic.sql.elements.v1,BasicSelectOneMethodGenerator.Builder,0,26,0,0,0,9,0,6,0,6
MyBatis Generator Core,org.mybatis.generator.runtime.dynamic.sql.elements.v1,UpdateByPrimaryKeyMethodGenerator.Builder,0,21,0,0,0,7,0,5,0,5
MyBatis Generator Core,org.mybatis.generator.runtime.dynamic.sql.elements.v1,SelectDistinctByExampleMethodGenerator,2,141,1,3,1,28,1,4,0,3
MyBatis Generator Core,org.mybatis.generator.runtime.dynamic.sql.elements.v1,SelectByExampleMethodGenerator.Builder,0,21,0,0,0,7,0,5,0,5
MyBatis Generator Core,org.mybatis.generator.runtime.dynamic.sql.elements.v1,DeleteByPrimaryKeyMethodGenerator.Builder,0,16,0,0,0,5,0,4,0,4
MyBatis Generator Core,org.mybatis.generator.runtime.dynamic.sql.elements.v1,BasicCountMethodGenerator.Builder,0,11,0,0,0,3,0,3,0,3
MyBatis Generator Core,org.mybatis.generator.runtime.dynamic.sql.elements.v2,BasicCountMethodGenerator,0,82,0,0,0,19,0,3,0,3
MyBatis Generator Core,org.mybatis.generator.runtime.dynamic.sql.elements.v2,InsertSelectiveMethodGeneratorV2,18,182,1,7,2,37,1,6,0,3
MyBatis Generator Core,org.mybatis.generator.runtime.dynamic.sql.elements.v2,GeneralDeleteMethodGenerator.Builder,0,11,0,0,0,3,0,3,0,3
MyBatis Generator Core,org.mybatis.generator.runtime.dynamic.sql.elements.v2,SelectListGenerator,0,77,0,0,0,16,0,3,0,3
MyBatis Generator Core,org.mybatis.generator.runtime.dynamic.sql.elements.v2,Utils,3,60,1,21,1,13,2,15,1,5
MyBatis Generator Core,org.mybatis.generator.runtime.dynamic.sql.elements.v2,BasicUpdateMethodGenerator.Builder,0,11,0,0,0,3,0,3,0,3
MyBatis Generator Core,org.mybatis.generator.runtime.dynamic.sql.elements.v2,InsertMethodGeneratorV2.Builder,0,16,0,0,0,5,0,4,0,4
MyBatis Generator Core,org.mybatis.generator.runtime.dynamic.sql.elements.v2,InsertMethodGeneratorV2,0,143,0,4,0,29,0,5,0,3
MyBatis Generator Core,org.mybatis.generator.runtime.dynamic.sql.elements.v2,UpdateByPrimaryKeyMethodGeneratorV2,0,92,0,2,0,21,0,4,0,3
MyBatis Generator Core,org.mybatis.generator.runtime.dynamic.sql.elements.v2,UpdateSelectiveColumnsMethodGenerator.Builder,0,21,0,0,0,7,0,5,0,5
MyBatis Generator Core,org.mybatis.generator.runtime.dynamic.sql.elements.v2,BasicSelectOneMethodGeneratorV2,10,163,2,6,2,37,2,5,0,3
MyBatis Generator Core,org.mybatis.generator.runtime.dynamic.sql.elements.v2,BasicSelectManyMethodGenerator,0,122,0,2,0,29,0,4,0,3
MyBatis Generator Core,org.mybatis.generator.runtime.dynamic.sql.elements.v2,GeneralSelectOneMethodGenerator,0,95,0,0,0,20,0,3,0,3
MyBatis Generator Core,org.mybatis.generator.runtime.dynamic.sql.elements.v2,BasicUpdateMethodGenerator,0,79,0,0,0,19,0,3,0,3
MyBatis Generator Core,org.mybatis.generator.runtime.dynamic.sql.elements.v2,GeneralSelectOneMethodGenerator.Builder,0,16,0,0,0,5,0,4,0,4
MyBatis Generator Core,org.mybatis.generator.runtime.dynamic.sql.elements.v2,GeneralSelectMethodGenerator.Builder,0,16,0,0,0,5,0,4,0,4
MyBatis Generator Core,org.mybatis.generator.runtime.dynamic.sql.elements.v2,GeneralSelectDistinctMethodGenerator,0,92,0,0,0,20,0,3,0,3
MyBatis Generator Core,org.mybatis.generator.runtime.dynamic.sql.elements.v2,BasicSelectManyMethodGenerator.Builder,0,21,0,0,0,7,0,5,0,5
MyBatis Generator Core,org.mybatis.generator.runtime.dynamic.sql.elements.v2,BasicMultipleInsertHelperMethodGenerator.Builder,0,16,0,0,0,5,0,4,0,4
MyBatis Generator Core,org.mybatis.generator.runtime.dynamic.sql.elements.v2,SelectListGenerator.Builder,0,24,0,0,0,8,0,5,0,5
MyBatis Generator Core,org.mybatis.generator.runtime.dynamic.sql.elements.v2,BasicDeleteMethodGenerator,0,79,0,0,0,19,0,3,0,3
MyBatis Generator Core,org.mybatis.generator.runtime.dynamic.sql.elements.v2,BasicSelectOneMethodGeneratorV2.Builder,0,26,0,0,0,9,0,6,0,6
MyBatis Generator Core,org.mybatis.generator.runtime.dynamic.sql.elements.v2,DeleteByPrimaryKeyMethodGeneratorV2.Builder,0,16,0,0,0,5,0,4,0,4
MyBatis Generator Core,org.mybatis.generator.runtime.dynamic.sql.elements.v2,GeneralUpdateMethodGenerator,0,84,0,0,0,18,0,3,0,3
MyBatis Generator Core,org.mybatis.generator.runtime.dynamic.sql.elements.v2,BasicDeleteMethodGenerator.Builder,0,11,0,0,0,3,0,3,0,3
MyBatis Generator Core,org.mybatis.generator.runtime.dynamic.sql.elements.v2,InsertSelectiveMethodGeneratorV2.Builder,0,16,0,0,0,5,0,4,0,4
MyBatis Generator Core,org.mybatis.generator.runtime.dynamic.sql.elements.v2,BasicMultipleInsertMethodGenerator,0,263,1,5,0,63,1,9,0,7
MyBatis Generator Core,org.mybatis.generator.runtime.dynamic.sql.elements.v2,GeneralSelectDistinctMethodGenerator.Builder,0,16,0,0,0,5,0,4,0,4
MyBatis Generator Core,org.mybatis.generator.runtime.dynamic.sql.elements.v2,GeneralDeleteMethodGenerator,0,78,0,0,0,16,0,3,0,3
MyBatis Generator Core,org.mybatis.generator.runtime.dynamic.sql.elements.v2,GeneralCountMethodGenerator.Builder,0,11,0,0,0,3,0,3,0,3
MyBatis Generator Core,org.mybatis.generator.runtime.dynamic.sql.elements.v2,BasicInsertMethodGenerator,0,117,0,2,0,27,0,4,0,3
MyBatis Generator Core,org.mybatis.generator.runtime.dynamic.sql.elements.v2,BasicCountMethodGenerator.Builder,0,11,0,0,0,3,0,3,0,3
MyBatis Generator Core,org.mybatis.generator.runtime.dynamic.sql.elements.v2,InsertMultipleMethodGenerator.Builder,0,16,0,0,0,5,0,4,0,4
MyBatis Generator Core,org.mybatis.generator.runtime.dynamic.sql.elements.v2,GeneralUpdateMethodGenerator.Builder,0,11,0,0,0,3,0,3,0,3
MyBatis Generator Core,org.mybatis.generator.runtime.dynamic.sql.elements.v2,UpdateSelectiveColumnsMethodGenerator,0,96,0,0,0,20,0,3,0,3
MyBatis Generator Core,org.mybatis.generator.runtime.dynamic.sql.elements.v2,SelectByPrimaryKeyMethodGeneratorV2.Builder,0,21,0,0,0,7,0,5,0,5
MyBatis Generator Core,org.mybatis.generator.runtime.dynamic.sql.elements.v2,UpdateByPrimaryKeySelectiveMethodGeneratorV2.Builder,0,21,0,0,0,7,0,5,0,5
MyBatis Generator Core,org.mybatis.generator.runtime.dynamic.sql.elements.v2,UpdateByPrimaryKeyMethodGeneratorV2.Builder,0,21,0,0,0,7,0,5,0,5
MyBatis Generator Core,org.mybatis.generator.runtime.dynamic.sql.elements.v2,GeneralCountMethodGenerator,0,81,0,0,0,16,0,3,0,3
MyBatis Generator Core,org.mybatis.generator.runtime.dynamic.sql.elements.v2,DeleteByPrimaryKeyMethodGeneratorV2,0,93,0,4,0,24,0,5,0,3
MyBatis Generator Core,org.mybatis.generator.runtime.dynamic.sql.elements.v2,BasicMultipleInsertMethodGenerator.Builder,0,16,0,0,0,5,0,4,0,4
MyBatis Generator Core,org.mybatis.generator.runtime.dynamic.sql.elements.v2,BasicMultipleInsertHelperMethodGenerator,0,85,0,2,0,20,0,4,0,3
MyBatis Generator Core,org.mybatis.generator.runtime.dynamic.sql.elements.v2,UpdateByPrimaryKeySelectiveMethodGeneratorV2,0,92,0,2,0,23,0,4,0,3
MyBatis Generator Core,org.mybatis.generator.runtime.dynamic.sql.elements.v2,GeneralSelectMethodGenerator,0,92,0,0,0,20,0,3,0,3
MyBatis Generator Core,org.mybatis.generator.runtime.dynamic.sql.elements.v2,InsertMultipleMethodGenerator,0,161,0,6,0,34,0,6,0,3
MyBatis Generator Core,org.mybatis.generator.runtime.dynamic.sql.elements.v2,SelectByPrimaryKeyMethodGeneratorV2,0,85,0,2,0,22,0,4,0,3
MyBatis Generator Core,org.mybatis.generator.runtime.dynamic.sql.elements.v2,UpdateAllColumnsMethodGenerator.Builder,0,21,0,0,0,7,0,5,0,5
MyBatis Generator Core,org.mybatis.generator.runtime.dynamic.sql.elements.v2,BasicInsertMethodGenerator.Builder,0,21,0,0,0,7,0,5,0,5
MyBatis Generator Core,org.mybatis.generator.runtime.dynamic.sql.elements.v2,UpdateAllColumnsMethodGenerator,0,96,0,0,0,20,0,3,0,3
MyBatis Generator Core,org.mybatis.generator.runtime.dynamic.sql.elements,AbstractMethodGenerator.BaseBuilder,0,21,0,0,0,7,0,4,0,4
MyBatis Generator Core,org.mybatis.generator.runtime.dynamic.sql.elements,FragmentGenerator.Builder,0,24,0,0,0,8,0,5,0,5
MyBatis Generator Core,org.mybatis.generator.runtime.dynamic.sql.elements,MethodAndImports.Builder,0,52,0,0,0,14,0,7,0,7
MyBatis Generator Core,org.mybatis.generator.runtime.dynamic.sql.elements,MethodParts.Builder,7,64,0,0,2,16,1,7,1,7
MyBatis Generator Core,org.mybatis.generator.runtime.dynamic.sql.elements,MethodAndImports,0,30,0,0,0,9,0,5,0,5
MyBatis Generator Core,org.mybatis.generator.runtime.dynamic.sql.elements,MethodParts,0,31,0,0,0,10,0,5,0,5
MyBatis Generator Core,org.mybatis.generator.runtime.dynamic.sql.elements,FieldAndImports.Builder,21,31,0,0,6,8,3,4,3,4
MyBatis Generator Core,org.mybatis.generator.runtime.dynamic.sql.elements,AbstractMethodGenerator,0,80,0,6,0,19,0,7,0,4
MyBatis Generator Core,org.mybatis.generator.runtime.dynamic.sql.elements,FragmentGenerator,25,1078,3,69,6,233,3,49,0,16
MyBatis Generator Core,org.mybatis.generator.runtime.dynamic.sql.elements,FieldAndImports,0,30,0,0,0,9,0,5,0,5
MyBatis Generator Core,org.mybatis.generator.logging.log4j,Log4jImpl,47,0,0,0,13,0,7,0,7,0
MyBatis Generator Core,org.mybatis.generator.logging.log4j,Log4jLoggingLogFactory,5,3,0,0,1,1,1,1,1,1
MyBatis Generator Core,org.mybatis.generator.ant,AntProgressCallback,18,0,2,0,7,0,3,0,2,0
MyBatis Generator Core,org.mybatis.generator.ant,GeneratorAntTask,259,0,24,0,72,0,28,0,16,0
MyBatis Generator Core,org.mybatis.generator.runtime.dynamic.sql,DynamicSqlMapperGeneratorV1,0,583,2,2,0,183,2,20,0,20
MyBatis Generator Core,org.mybatis.generator.runtime.dynamic.sql,DynamicSqlMapperGeneratorV2,0,759,4,6,0,238,4,27,0,26
MyBatis Generator Core,org.mybatis.generator.runtime.dynamic.sql,DynamicSqlModelGenerator,1,295,5,21,1,71,5,12,0,4
MyBatis Generator Core,org.mybatis.generator.runtime.dynamic.sql,DynamicSqlSupportClassGenerator,0,381,0,8,0,84,0,12,0,8
MyBatis Generator Core,org.mybatis.generator.runtime.dynamic.sql,AbstractDynamicSqlMapperGenerator,13,130,2,6,4,34,3,7,1,5
MyBatis Generator Core,org.mybatis.generator.runtime.dynamic.sql,IntrospectedTableMyBatis3DynamicSqlImplV1,0,41,0,2,0,13,0,6,0,5
MyBatis Generator Core,org.mybatis.generator.runtime.dynamic.sql,IntrospectedTableMyBatis3DynamicSqlImplV2,2,13,1,1,1,3,1,2,0,2
MyBatis Generator Core,org.mybatis.generator.codegen,AbstractKotlinGenerator,0,12,0,0,0,5,0,3,0,3
MyBatis Generator Core,org.mybatis.generator.codegen,AbstractXmlGenerator,0,3,0,0,0,1,0,1,0,1
MyBatis Generator Core,org.mybatis.generator.codegen,RootClassInfo,149,64,24,4,35,21,18,7,5,6
MyBatis Generator Core,org.mybatis.generator.codegen,AbstractJavaClientGenerator,0,10,0,0,0,4,0,2,0,2
MyBatis Generator Core,org.mybatis.generator.codegen,AbstractJavaGenerator,0,133,1,1,0,41,1,11,0,11
MyBatis Generator Core,org.mybatis.generator.codegen,AbstractGenerator,12,19,0,0,4,10,4,5,4,5
MyBatis Generator Core,org.mybatis.generator.codegen.mybatis3.xmlmapper,MixedMapperGenerator,0,8,0,0,0,6,0,6,0,6
MyBatis Generator Core,org.mybatis.generator.codegen.mybatis3.xmlmapper,XMLMapperGenerator,2,423,2,40,1,122,2,43,0,24
MyBatis Generator Core,org.mybatis.generator.codegen.mybatis3.xmlmapper,SimpleXMLMapperGenerator,2,178,3,9,1,48,3,13,0,10
MyBatis Generator Core,org.mybatis.generator.logging.slf4j,Slf4jLocationAwareLoggerImpl,57,0,0,0,14,0,7,0,7,0
MyBatis Generator Core,org.mybatis.generator.logging.slf4j,Slf4jLoggerImpl,21,10,0,0,8,4,4,2,4,2
MyBatis Generator Core,org.mybatis.generator.logging.slf4j,Slf4jLoggingLogFactory,0,8,0,0,0,2,0,2,0,2
MyBatis Generator Core,org.mybatis.generator.logging.slf4j,Slf4jImpl,61,19,1,1,12,6,5,2,4,2
MyBatis Generator Core,org.mybatis.generator.api.dom.java.render,InitializationBlockRenderer,0,44,0,2,0,11,0,4,0,3
MyBatis Generator Core,org.mybatis.generator.api.dom.java.render,InnerEnumRenderer,4,186,0,6,0,37,1,8,1,5
MyBatis Generator Core,org.mybatis.generator.api.dom.java.render,MethodRenderer,0,250,0,28,0,51,0,25,0,11
MyBatis Generator Core,org.mybatis.generator.api.dom.java.render,InnerClassRenderer,0,180,0,6,0,35,0,10,0,7
MyBatis Generator Core,org.mybatis.generator.api.dom.java.render,TopLevelEnumerationRenderer,0,41,0,0,0,9,0,2,0,2
MyBatis Generator Core,org.mybatis.generator.api.dom.java.render,RenderingUtilities,0,348,1,9,0,75,1,38,0,34
MyBatis Generator Core,org.mybatis.generator.api.dom.java.render,InnerInterfaceRenderer,0,133,0,2,0,26,0,6,0,5
MyBatis Generator Core,org.mybatis.generator.api.dom.java.render,ParameterRenderer,0,39,0,2,0,7,0,4,0,3
MyBatis Generator Core,org.mybatis.generator.api.dom.java.render,FieldRenderer,0,110,0,8,0,25,0,9,0,5
MyBatis Generator Core,org.mybatis.generator.api.dom.java.render,BodyLineRenderer,0,87,1,17,0,25,1,11,0,3
MyBatis Generator Core,org.mybatis.generator.api.dom.java.render,TopLevelClassRenderer,0,41,0,0,0,9,0,2,0,2
MyBatis Generator Core,org.mybatis.generator.api.dom.java.render,TypeParameterRenderer,0,28,0,0,0,4,0,3,0,3
MyBatis Generator Core,org.mybatis.generator.api.dom.java.render,TopLevelInterfaceRenderer,0,41,0,0,0,9,0,2,0,2
MyBatis Generator Core,org.mybatis.generator.codegen.mybatis3.xmlmapper.elements,UpdateByExampleSelectiveElementGenerator,0,146,1,3,0,34,1,3,0,2
MyBatis Generator Core,org.mybatis.generator.codegen.mybatis3.xmlmapper.elements,SimpleSelectByPrimaryKeyElementGenerator,14,200,3,15,3,51,3,8,0,2
MyBatis Generator Core,org.mybatis.generator.codegen.mybatis3.xmlmapper.elements,UpdateByExampleWithBLOBsElementGenerator,0,125,1,7,0,34,1,5,0,2
MyBatis Generator Core,org.mybatis.generator.codegen.mybatis3.xmlmapper.elements,ExampleWhereClauseElementGenerator,0,444,1,19,0,104,1,12,0,3
MyBatis Generator Core,org.mybatis.generator.codegen.mybatis3.xmlmapper.elements,SimpleSelectAllElementGenerator,0,146,2,10,0,37,2,6,0,2
MyBatis Generator Core,org.mybatis.generator.codegen.mybatis3.xmlmapper.elements,BaseColumnListElementGenerator,0,85,1,9,0,22,1,6,0,2
MyBatis Generator Core,org.mybatis.generator.codegen.mybatis3.xmlmapper.elements,DeleteByPrimaryKeyElementGenerator,0,148,1,11,0,37,1,7,0,2
MyBatis Generator Core,org.mybatis.generator.codegen.mybatis3.xmlmapper.elements,SelectByExampleWithBLOBsElementGenerator,21,149,2,2,4,36,2,2,0,2
MyBatis Generator Core,org.mybatis.generator.codegen.mybatis3.xmlmapper.elements,InsertSelectiveElementGenerator,0,330,1,11,0,77,1,8,0,3
MyBatis Generator Core,org.mybatis.generator.codegen.mybatis3.xmlmapper.elements,DeleteByExampleElementGenerator,0,70,1,1,0,17,1,2,0,2
MyBatis Generator Core,org.mybatis.generator.codegen.mybatis3.xmlmapper.elements,UpdateByPrimaryKeyWithoutBLOBsElementGenerator,0,187,1,13,0,51,1,8,0,2
MyBatis Generator Core,org.mybatis.generator.codegen.mybatis3.xmlmapper.elements,ResultMapWithBLOBsElementGenerator,47,254,5,19,11,66,5,12,0,5
MyBatis Generator Core,org.mybatis.generator.codegen.mybatis3.xmlmapper.elements,SelectByPrimaryKeyElementGenerator,14,203,2,14,3,51,2,8,0,2
MyBatis Generator Core,org.mybatis.generator.codegen.mybatis3.xmlmapper.elements,ResultMapWithoutBLOBsElementGenerator,29,303,5,23,7,76,5,14,0,5
MyBatis Generator Core,org.mybatis.generator.codegen.mybatis3.xmlmapper.elements,CountByExampleElementGenerator,0,77,1,1,0,18,1,2,0,2
MyBatis Generator Core,org.mybatis.generator.codegen.mybatis3.xmlmapper.elements,SelectByExampleWithoutBLOBsElementGenerator,21,139,2,2,4,33,2,2,0,2
MyBatis Generator Core,org.mybatis.generator.codegen.mybatis3.xmlmapper.elements,UpdateByPrimaryKeySelectiveElementGenerator,0,206,1,9,0,51,1,6,0,2
MyBatis Generator Core,org.mybatis.generator.codegen.mybatis3.xmlmapper.elements,AbstractXmlElementGenerator,0,138,0,0,0,35,0,6,0,6
MyBatis Generator Core,org.mybatis.generator.codegen.mybatis3.xmlmapper.elements,UpdateByExampleWithoutBLOBsElementGenerator,0,125,1,7,0,34,1,5,0,2
MyBatis Generator Core,org.mybatis.generator.codegen.mybatis3.xmlmapper.elements,InsertElementGenerator,0,248,1,15,0,61,1,10,0,3
MyBatis Generator Core,org.mybatis.generator.codegen.mybatis3.xmlmapper.elements,UpdateByPrimaryKeyWithBLOBsElementGenerator,0,186,1,13,0,52,1,8,0,2
MyBatis Generator Core,org.mybatis.generator.codegen.mybatis3.xmlmapper.elements,BlobColumnListElementGenerator,11,74,3,7,2,20,3,4,0,2
MyBatis Generator Core,org.mybatis.generator.logging.log4j2,Log4j2LoggerImpl,39,0,0,0,13,0,7,0,7,0
MyBatis Generator Core,org.mybatis.generator.logging.log4j2,Log4j2LoggingLogFactory,5,3,0,0,1,1,1,1,1,1
MyBatis Generator Core,org.mybatis.generator.logging.log4j2,Log4j2AbstractLoggerImpl,72,0,0,0,14,0,7,0,7,0
MyBatis Generator Core,org.mybatis.generator.logging.log4j2,Log4j2Impl,48,0,2,0,15,0,7,0,6,0
MyBatis Generator Core,org.mybatis.generator.internal.types,JavaTypeResolverDefaultImpl,0,744,4,24,0,132,4,24,0,12
MyBatis Generator Core,org.mybatis.generator.internal.types,JavaTypeResolverDefaultImpl.JdbcTypeInformation,0,15,0,0,0,6,0,3,0,3
MyBatis Generator Core,org.mybatis.generator.codegen.mybatis3.javamapper.elements,UpdateByPrimaryKeySelectiveMethodGenerator,0,85,1,3,0,25,1,5,0,4
MyBatis Generator Core,org.mybatis.generator.codegen.mybatis3.javamapper.elements,AbstractJavaMapperMethodGenerator,0,228,0,12,0,56,0,12,0,6
MyBatis Generator Core,org.mybatis.generator.codegen.mybatis3.javamapper.elements,SelectAllMethodGenerator,0,75,1,1,0,22,1,4,0,4
MyBatis Generator Core,org.mybatis.generator.codegen.mybatis3.javamapper.elements,InsertMethodGenerator,0,84,1,3,0,24,1,5,0,4
MyBatis Generator Core,org.mybatis.generator.codegen.mybatis3.javamapper.elements,UpdateByPrimaryKeyWithBLOBsMethodGenerator,0,85,1,3,0,25,1,5,0,4
MyBatis Generator Core,org.mybatis.generator.codegen.mybatis3.javamapper.elements,InsertSelectiveMethodGenerator,0,70,1,1,0,20,1,4,0,4
MyBatis Generator Core,org.mybatis.generator.codegen.mybatis3.javamapper.elements,DeleteByPrimaryKeyMethodGenerator,0,159,1,13,0,43,1,10,0,4
MyBatis Generator Core,org.mybatis.generator.codegen.mybatis3.javamapper.elements,SelectByPrimaryKeyMethodGenerator,0,169,1,13,0,46,1,10,0,4
MyBatis Generator Core,org.mybatis.generator.codegen.mybatis3.javamapper.elements,UpdateByPrimaryKeyWithoutBLOBsMethodGenerator,0,72,1,1,0,21,1,4,0,4
MyBatis Generator Core,org.mybatis.generator.codegen.mybatis3.javamapper.elements,UpdateByExampleWithoutBLOBsMethodGenerator,0,112,1,3,0,29,1,5,0,4
MyBatis Generator Core,org.mybatis.generator.codegen.mybatis3.javamapper.elements,DeleteByExampleMethodGenerator,0,72,1,1,0,20,1,4,0,4
MyBatis Generator Core,org.mybatis.generator.codegen.mybatis3.javamapper.elements,SelectByExampleWithBLOBsMethodGenerator,0,106,1,3,0,31,1,5,0,4
MyBatis Generator Core,org.mybatis.generator.codegen.mybatis3.javamapper.elements,UpdateByExampleWithBLOBsMethodGenerator,0,112,1,3,0,30,1,5,0,4
MyBatis Generator Core,org.mybatis.generator.codegen.mybatis3.javamapper.elements,UpdateByExampleSelectiveMethodGenerator,0,97,1,1,0,26,1,4,0,4
MyBatis Generator Core,org.mybatis.generator.codegen.mybatis3.javamapper.elements,CountByExampleMethodGenerator,0,75,1,1,0,20,1,4,0,4
MyBatis Generator Core,org.mybatis.generator.codegen.mybatis3.javamapper.elements,SelectByExampleWithoutBLOBsMethodGenerator,6,112,2,4,1,31,2,5,0,4
MyBatis Generator Core,org.mybatis.generator.codegen.mybatis3.model,SimpleModelGenerator,119,172,15,11,31,40,13,4,1,3
MyBatis Generator Core,org.mybatis.generator.codegen.mybatis3.model,ExampleGenerator,19,2539,7,67,6,685,7,50,0,20
MyBatis Generator Core,org.mybatis.generator.codegen.mybatis3.model,RecordWithBLOBsGenerator,4,311,6,22,2,73,6,11,0,3
MyBatis Generator Core,org.mybatis.generator.codegen.mybatis3.model,BaseRecordGenerator,1,426,5,47,1,100,5,28,0,7
MyBatis Generator Core,org.mybatis.generator.codegen.mybatis3.model,PrimaryKeyGenerator,1,253,5,17,1,60,5,9,0,3
MyBatis Generator Core,org.mybatis.generator.api.dom.java,InitializationBlock,23,41,0,0,8,14,4,7,4,7
MyBatis Generator Core,org.mybatis.generator.api.dom.java,TopLevelClass,12,83,2,6,4,24,4,12,2,10
MyBatis Generator Core,org.mybatis.generator.api.dom.java,JavaElement,4,84,0,0,2,23,1,10,1,10
MyBatis Generator Core,org.mybatis.generator.api.dom.java,JavaDomUtils,0,122,0,16,0,25,0,15,0,7
MyBatis Generator Core,org.mybatis.generator.api.dom.java,PrimitiveTypeWrapper,66,47,12,8,20,15,13,9,7,5
MyBatis Generator Core,org.mybatis.generator.api.dom.java,InnerClass,0,75,0,0,0,23,0,13,0,13
MyBatis Generator Core,org.mybatis.generator.api.dom.java,InnerEnum,6,40,0,0,2,10,1,5,1,5
MyBatis Generator Core,org.mybatis.generator.api.dom.java,InnerInterface,6,21,0,0,2,6,1,3,1,3
MyBatis Generator Core,org.mybatis.generator.api.dom.java,TopLevelEnumeration,63,28,4,0,16,8,9,4,7,4
MyBatis Generator Core,org.mybatis.generator.api.dom.java,Method,0,230,0,0,0,67,0,31,0,31
MyBatis Generator Core,org.mybatis.generator.api.dom.java,Interface,0,79,1,3,0,23,1,12,0,11
MyBatis Generator Core,org.mybatis.generator.api.dom.java,Field,36,44,0,0,12,18,3,11,3,11
MyBatis Generator Core,org.mybatis.generator.api.dom.java,JavaReservedWords,3,238,1,3,1,8,1,3,0,2
MyBatis Generator Core,org.mybatis.generator.api.dom.java,TypeParameter,0,40,0,0,0,11,0,5,0,5
MyBatis Generator Core,org.mybatis.generator.api.dom.java,AbstractJavaType,0,132,0,0,0,31,0,15,0,15
MyBatis Generator Core,org.mybatis.generator.api.dom.java,FullyQualifiedJavaType,92,716,12,88,20,196,13,72,1,34
MyBatis Generator Core,org.mybatis.generator.api.dom.java,JavaVisibility,0,59,0,0,0,9,0,3,0,3
MyBatis Generator Core,org.mybatis.generator.api.dom.java,Parameter,16,50,0,0,4,17,2,8,2,8
MyBatis Generator Core,org.mybatis.generator.codegen.mybatis3.javamapper.elements.annotated,AnnotatedDeleteByExampleMethodGenerator,0,49,0,0,0,13,0,3,0,3
MyBatis Generator Core,org.mybatis.generator.codegen.mybatis3.javamapper.elements.annotated,AnnotatedDeleteByPrimaryKeyMethodGenerator,0,108,0,6,0,33,0,6,0,3
MyBatis Generator Core,org.mybatis.generator.codegen.mybatis3.javamapper.elements.annotated,AnnotatedSelectByPrimaryKeyMethodGenerator,19,401,8,34,4,107,6,21,0,6
MyBatis Generator Core,org.mybatis.generator.codegen.mybatis3.javamapper.elements.annotated,AnnotatedUpdateByExampleWithBLOBsMethodGenerator,0,49,0,0,0,13,0,3,0,3
MyBatis Generator Core,org.mybatis.generator.codegen.mybatis3.javamapper.elements.annotated,AnnotatedSelectByExampleWithBLOBsMethodGenerator,0,183,1,13,0,45,1,9,0,3
MyBatis Generator Core,org.mybatis.generator.codegen.mybatis3.javamapper.elements.annotated,AnnotatedInsertSelectiveMethodGenerator,0,69,0,4,0,19,0,5,0,3
MyBatis Generator Core,org.mybatis.generator.codegen.mybatis3.javamapper.elements.annotated,AnnotatedSelectByExampleWithoutBLOBsMethodGenerator,0,183,0,14,0,45,0,10,0,3
MyBatis Generator Core,org.mybatis.generator.codegen.mybatis3.javamapper.elements.annotated,AnnotatedUpdateByPrimaryKeySelectiveMethodGenerator,0,49,0,0,0,13,0,3,0,3
MyBatis Generator Core,org.mybatis.generator.codegen.mybatis3.javamapper.elements.annotated,AnnotatedUpdateByPrimaryKeyWithBLOBsMethodGenerator,0,174,0,12,0,51,0,9,0,3
MyBatis Generator Core,org.mybatis.generator.codegen.mybatis3.javamapper.elements.annotated,AnnotatedCountByExampleMethodGenerator,0,49,0,0,0,13,0,3,0,3
MyBatis Generator Core,org.mybatis.generator.codegen.mybatis3.javamapper.elements.annotated,AnnotatedInsertMethodGenerator,0,209,0,18,0,61,0,12,0,3
MyBatis Generator Core,org.mybatis.generator.codegen.mybatis3.javamapper.elements.annotated,AnnotatedUpdateByPrimaryKeyWithoutBLOBsMethodGenerator,0,187,0,14,0,54,0,10,0,3
MyBatis Generator Core,org.mybatis.generator.codegen.mybatis3.javamapper.elements.annotated,AnnotatedSelectAllMethodGenerator,17,293,3,23,3,81,3,14,0,4
MyBatis Generator Core,org.mybatis.generator.codegen.mybatis3.javamapper.elements.annotated,AnnotatedUpdateByExampleWithoutBLOBsMethodGenerator,0,49,0,0,0,13,0,3,0,3
MyBatis Generator Core,org.mybatis.generator.codegen.mybatis3.javamapper.elements.annotated,AnnotatedUpdateByExampleSelectiveMethodGenerator,0,49,0,0,0,13,0,3,0,3
MyBatis Generator Core,org.mybatis.generator.api.dom,DefaultJavaFormatter,6,24,0,0,1,6,1,5,1,5
MyBatis Generator Core,org.mybatis.generator.api.dom,DefaultXmlFormatter,0,13,0,0,0,4,0,3,0,3
MyBatis Generator Core,org.mybatis.generator.api.dom,OutputUtilities,0,28,0,4,0,8,0,5,0,3
MyBatis Generator Core,org.mybatis.generator.api.dom,DefaultKotlinFormatter,6,7,0,0,1,3,1,2,1,2
MyBatis Generator Core,org.mybatis.generator.internal.db,SqlReservedWords,3,3691,1,3,1,8,1,3,0,2
MyBatis Generator Core,org.mybatis.generator.internal.db,DatabaseIntrospector,392,919,69,123,109,271,50,59,0,13
MyBatis Generator Core,org.mybatis.generator.internal.db,DatabaseDialects,23,157,8,10,8,26,8,5,0,4
MyBatis Generator Core,org.mybatis.generator.internal.db,ActualTableName,5,41,1,1,2,12,2,6,1,6
MyBatis Generator Core,org.mybatis.generator.runtime.kotlin,KotlinMapperAndExtensionsGenerator,0,1020,5,13,0,302,5,37,0,33
MyBatis Generator Core,org.mybatis.generator.runtime.kotlin,IntrospectedTableKotlinImpl,0,66,1,5,0,17,1,8,0,6
MyBatis Generator Core,org.mybatis.generator.runtime.kotlin,KotlinDynamicSqlSupportClassGenerator,0,236,0,4,0,53,0,13,0,11
MyBatis Generator Core,org.mybatis.generator.runtime.kotlin,KotlinDataClassGenerator,2,116,1,3,1,28,1,3,0,2
MyBatis Generator Core,org.mybatis.generator.api.dom.xml.render,AttributeRenderer,0,18,0,0,0,3,0,2,0,2
MyBatis Generator Core,org.mybatis.generator.api.dom.xml.render,DocTypeRenderer,0,32,0,0,0,6,0,3,0,3
MyBatis Generator Core,org.mybatis.generator.api.dom.xml.render,ElementRenderer,0,145,0,2,0,25,0,14,0,13
MyBatis Generator Core,org.mybatis.generator.api.dom.xml.render,DocumentRenderer,0,79,0,0,0,12,0,6,0,6
MyBatis Generator Core,org.mybatis.generator.runtime.kotlin.elements,SelectByPrimaryKeyMethodGenerator,0,58,0,2,0,17,0,4,0,3
MyBatis Generator Core,org.mybatis.generator.runtime.kotlin.elements,InsertSelectiveMethodGenerator,0,153,0,4,0,31,0,5,0,3
MyBatis Generator Core,org.mybatis.generator.runtime.kotlin.elements,InsertMultipleMethodGenerator,0,155,0,6,0,32,0,6,0,3
MyBatis Generator Core,org.mybatis.generator.runtime.kotlin.elements,GeneralUpdateMethodGenerator,0,58,0,0,0,16,0,3,0,3
MyBatis Generator Core,org.mybatis.generator.runtime.kotlin.elements,InsertSelectiveMethodGenerator.Builder,0,26,0,0,0,9,0,6,0,6
MyBatis Generator Core,org.mybatis.generator.runtime.kotlin.elements,KotlinPropertyAndImports.Builder,7,26,0,0,2,7,1,4,1,4
MyBatis Generator Core,org.mybatis.generator.runtime.kotlin.elements,KotlinFunctionParts,0,31,0,0,0,10,0,5,0,5
MyBatis Generator Core,org.mybatis.generator.runtime.kotlin.elements,UpdateSelectiveColumnsMethodGenerator,0,68,0,0,0,22,0,3,0,3
MyBatis Generator Core,org.mybatis.generator.runtime.kotlin.elements,UpdateSelectiveColumnsMethodGenerator.Builder,0,21,0,0,0,7,0,5,0,5
MyBatis Generator Core,org.mybatis.generator.runtime.kotlin.elements,BasicCountMethodGenerator,0,41,0,0,0,17,0,3,0,3
MyBatis Generator Core,org.mybatis.generator.runtime.kotlin.elements,InsertMethodGenerator,0,128,0,2,0,28,0,4,0,3
MyBatis Generator Core,org.mybatis.generator.runtime.kotlin.elements,BasicSelectOneMethodGenerator.Builder,0,26,0,0,0,9,0,6,0,6
MyBatis Generator Core,org.mybatis.generator.runtime.kotlin.elements,GeneralSelectMethodGenerator,0,58,0,0,0,16,0,3,0,3
MyBatis Generator Core,org.mybatis.generator.runtime.kotlin.elements,KotlinFunctionParts.Builder,7,64,0,0,2,16,1,7,1,7
MyBatis Generator Core,org.mybatis.generator.runtime.kotlin.elements,GeneralUpdateMethodGenerator.Builder,0,16,0,0,0,5,0,4,0,4
MyBatis Generator Core,org.mybatis.generator.runtime.kotlin.elements,BasicUpdateMethodGenerator,0,41,0,0,0,17,0,3,0,3
MyBatis Generator Core,org.mybatis.generator.runtime.kotlin.elements,BasicMultipleInsertMethodGenerator.Builder,0,16,0,0,0,5,0,4,0,4
MyBatis Generator Core,org.mybatis.generator.runtime.kotlin.elements,BasicDeleteMethodGenerator.Builder,0,11,0,0,0,3,0,3,0,3
MyBatis Generator Core,org.mybatis.generator.runtime.kotlin.elements,GeneralSelectOneMethodGenerator,0,60,0,0,0,16,0,3,0,3
MyBatis Generator Core,org.mybatis.generator.runtime.kotlin.elements,UpdateByPrimaryKeySelectiveMethodGenerator.Builder,0,26,0,0,0,9,0,6,0,6
MyBatis Generator Core,org.mybatis.generator.runtime.kotlin.elements,InsertMethodGenerator.Builder,0,26,0,0,0,9,0,6,0,6
MyBatis Generator Core,org.mybatis.generator.runtime.kotlin.elements,BasicMultipleInsertHelperMethodGenerator,0,73,0,2,0,20,0,4,0,3
MyBatis Generator Core,org.mybatis.generator.runtime.kotlin.elements,UpdateByPrimaryKeySelectiveMethodGenerator,0,85,0,2,0,25,0,4,0,3
MyBatis Generator Core,org.mybatis.generator.runtime.kotlin.elements,BasicUpdateMethodGenerator.Builder,0,11,0,0,0,3,0,3,0,3
MyBatis Generator Core,org.mybatis.generator.runtime.kotlin.elements,KotlinFunctionAndImports,0,23,0,0,0,7,0,4,0,4
MyBatis Generator Core,org.mybatis.generator.runtime.kotlin.elements,SelectByPrimaryKeyMethodGenerator.Builder,0,21,0,0,0,7,0,5,0,5
MyBatis Generator Core,org.mybatis.generator.runtime.kotlin.elements,GeneralSelectDistinctMethodGenerator,0,58,0,0,0,16,0,3,0,3
MyBatis Generator Core,org.mybatis.generator.runtime.kotlin.elements,KotlinFragmentGenerator.Builder,0,25,0,0,0,8,0,5,0,5
MyBatis Generator Core,org.mybatis.generator.runtime.kotlin.elements,AbstractKotlinFunctionGenerator.BaseBuilder,0,27,0,0,0,8,0,4,0,4
MyBatis Generator Core,org.mybatis.generator.runtime.kotlin.elements,BasicInsertMethodGenerator,0,88,0,2,0,27,0,4,0,3
MyBatis Generator Core,org.mybatis.generator.runtime.kotlin.elements,UpdateByPrimaryKeyMethodGenerator,0,85,0,2,0,24,0,4,0,3
MyBatis Generator Core,org.mybatis.generator.runtime.kotlin.elements,BasicSelectManyMethodGenerator,0,72,0,0,0,23,0,3,0,3
MyBatis Generator Core,org.mybatis.generator.runtime.kotlin.elements,BasicDeleteMethodGenerator,0,41,0,0,0,17,0,3,0,3
MyBatis Generator Core,org.mybatis.generator.runtime.kotlin.elements,InsertMultipleMethodGenerator.Builder,0,26,0,0,0,9,0,6,0,6
MyBatis Generator Core,org.mybatis.generator.runtime.kotlin.elements,GeneralSelectOneMethodGenerator.Builder,0,16,0,0,0,5,0,4,0,4
MyBatis Generator Core,org.mybatis.generator.runtime.kotlin.elements,UpdateAllColumnsMethodGenerator,0,68,0,0,0,22,0,3,0,3
MyBatis Generator Core,org.mybatis.generator.runtime.kotlin.elements,GeneralDeleteMethodGenerator,0,58,0,0,0,16,0,3,0,3
MyBatis Generator Core,org.mybatis.generator.runtime.kotlin.elements,GeneralDeleteMethodGenerator.Builder,0,16,0,0,0,5,0,4,0,4
MyBatis Generator Core,org.mybatis.generator.runtime.kotlin.elements,GeneralSelectDistinctMethodGenerator.Builder,0,16,0,0,0,5,0,4,0,4
MyBatis Generator Core,org.mybatis.generator.runtime.kotlin.elements,GeneralSelectMethodGenerator.Builder,0,16,0,0,0,5,0,4,0,4
MyBatis Generator Core,org.mybatis.generator.runtime.kotlin.elements,BasicCountMethodGenerator.Builder,0,11,0,0,0,3,0,3,0,3
MyBatis Generator Core,org.mybatis.generator.runtime.kotlin.elements,BasicMultipleInsertHelperMethodGenerator.Builder,0,21,0,0,0,7,0,5,0,5
MyBatis Generator Core,org.mybatis.generator.runtime.kotlin.elements,InsertMultipleVarargMethodGenerator.Builder,0,21,0,0,0,7,0,5,0,5
MyBatis Generator Core,org.mybatis.generator.runtime.kotlin.elements,ColumnListGenerator,0,94,0,0,0,22,0,6,0,6
MyBatis Generator Core,org.mybatis.generator.runtime.kotlin.elements,InsertMultipleVarargMethodGenerator,0,60,0,2,0,18,0,4,0,3
MyBatis Generator Core,org.mybatis.generator.runtime.kotlin.elements,BasicSelectManyMethodGenerator.Builder,0,21,0,0,0,7,0,5,0,5
MyBatis Generator Core,org.mybatis.generator.runtime.kotlin.elements,KotlinPropertyAndImports,0,23,0,0,0,7,0,4,0,4
MyBatis Generator Core,org.mybatis.generator.runtime.kotlin.elements,KotlinFunctionAndImports.Builder,0,33,0,0,0,9,0,5,0,5
MyBatis Generator Core,org.mybatis.generator.runtime.kotlin.elements,BasicMultipleInsertMethodGenerator,0,191,1,5,0,61,1,9,0,7
MyBatis Generator Core,org.mybatis.generator.runtime.kotlin.elements,GeneralCountMethodGenerator,0,63,0,0,0,17,0,3,0,3
MyBatis Generator Core,org.mybatis.generator.runtime.kotlin.elements,BasicSelectOneMethodGenerator,9,101,2,4,2,26,2,4,0,3
MyBatis Generator Core,org.mybatis.generator.runtime.kotlin.elements,ColumnListGenerator.Builder,0,24,0,0,0,8,0,5,0,5
MyBatis Generator Core,org.mybatis.generator.runtime.kotlin.elements,KotlinFragmentGenerator,2,627,1,29,0,126,1,23,0,9
MyBatis Generator Core,org.mybatis.generator.runtime.kotlin.elements,BasicInsertMethodGenerator.Builder,0,26,0,0,0,9,0,6,0,6
MyBatis Generator Core,org.mybatis.generator.runtime.kotlin.elements,DeleteByPrimaryKeyMethodGenerator.Builder,0,21,0,0,0,7,0,5,0,5
MyBatis Generator Core,org.mybatis.generator.runtime.kotlin.elements,AbstractKotlinFunctionGenerator,8,105,1,7,2,25,1,7,0,4
MyBatis Generator Core,org.mybatis.generator.runtime.kotlin.elements,DeleteByPrimaryKeyMethodGenerator,0,60,0,2,0,17,0,4,0,3
MyBatis Generator Core,org.mybatis.generator.runtime.kotlin.elements,UpdateByPrimaryKeyMethodGenerator.Builder,0,26,0,0,0,9,0,6,0,6
MyBatis Generator Core,org.mybatis.generator.runtime.kotlin.elements,GeneralCountMethodGenerator.Builder,0,16,0,0,0,5,0,4,0,4
MyBatis Generator Core,org.mybatis.generator.runtime.kotlin.elements,UpdateAllColumnsMethodGenerator.Builder,0,21,0,0,0,7,0,5,0,5
MyBatis Generator Core,org.mybatis.generator.logging.commons,JakartaCommonsLoggingLogFactory,5,3,0,0,1,1,1,1,1,1
MyBatis Generator Core,org.mybatis.generator.logging.commons,JakartaCommonsLoggingImpl,32,0,0,0,12,0,6,0,6,0
MyBatis Generator Core,org.mybatis.generator.config,PluginConfiguration,6,8,1,1,1,4,1,2,0,2
MyBatis Generator Core,org.mybatis.generator.config,ColumnOverride,10,56,1,1,3,23,2,14,1,14
MyBatis Generator Core,org.mybatis.generator.config,DomainObjectRenamingRule,6,22,1,1,1,9,1,6,0,6
MyBatis Generator Core,org.mybatis.generator.config,JDBCConnectionConfiguration,14,36,2,2,4,15,3,9,1,9
MyBatis Generator Core,org.mybatis.generator.config,CommentGeneratorConfiguration,0,3,0,0,0,2,0,1,0,1
MyBatis Generator Core,org.mybatis.generator.config,JavaClientGeneratorConfiguration,13,26,2,2,2,11,2,6,0,6
MyBatis Generator Core,org.mybatis.generator.config,MergeConstants,2,49,0,0,1,6,1,3,1,3
MyBatis Generator Core,org.mybatis.generator.config,SqlMapGeneratorConfiguration,13,26,2,2,2,11,2,6,0,6
MyBatis Generator Core,org.mybatis.generator.config,TableConfiguration,163,394,29,39,49,110,36,59,19,42
MyBatis Generator Core,org.mybatis.generator.config,PropertyHolder,38,23,2,0,10,7,2,4,1,4
MyBatis Generator Core,org.mybatis.generator.config,Configuration,47,64,8,6,12,17,7,7,2,5
MyBatis Generator Core,org.mybatis.generator.config,ModelType,7,66,1,5,1,13,1,5,0,3
MyBatis Generator Core,org.mybatis.generator.config,JavaModelGeneratorConfiguration,13,26,2,2,2,11,2,6,0,6
MyBatis Generator Core,org.mybatis.generator.config,Context,65,593,21,61,21,168,22,62,5,38
MyBatis Generator Core,org.mybatis.generator.config,IgnoredColumnPattern,6,55,2,6,1,17,2,6,0,4
MyBatis Generator Core,org.mybatis.generator.config,ColumnRenamingRule,10,18,1,1,3,7,2,5,1,5
MyBatis Generator Core,org.mybatis.generator.config,JavaTypeResolverConfiguration,0,3,0,0,0,2,0,1,0,1
MyBatis Generator Core,org.mybatis.generator.config,IgnoredColumn,30,30,4,2,8,10,6,5,3,5
MyBatis Generator Core,org.mybatis.generator.config,GeneratedKey,43,65,12,8,7,20,9,9,1,7
MyBatis Generator Core,org.mybatis.generator.config,TypedPropertyHolder,0,14,0,2,0,6,0,4,0,3
MyBatis Generator Core,org.mybatis.generator.config,ConnectionFactoryConfiguration,19,17,5,3,2,6,4,2,0,2
MyBatis Generator Core,org.mybatis.generator.config,IgnoredColumnException,11,4,2,0,3,2,2,1,1,1
MyBatis Generator Core,org.mybatis.generator.exception,MultiMessageException,19,16,0,0,4,5,2,2,2,2
MyBatis Generator Core,org.mybatis.generator.exception,InvalidConfigurationException,0,4,0,0,0,2,0,1,0,1
MyBatis Generator Core,org.mybatis.generator.exception,ShellException,16,0,0,0,8,0,4,0,4,0
MyBatis Generator Core,org.mybatis.generator.exception,XMLParserException,8,0,0,0,4,0,2,0,2,0
MyBatis Generator Core,org.mybatis.generator.api,IntrospectedTable.TargetRuntime,0,24,0,0,0,3,0,1,0,1
MyBatis Generator Core,org.mybatis.generator.api,GeneratedKotlinFile,18,17,0,0,4,6,4,2,4,2
MyBatis Generator Core,org.mybatis.generator.api,GeneratedXmlFile,6,32,0,0,2,11,2,4,2,4
MyBatis Generator Core,org.mybatis.generator.api,GeneratedJavaFile,11,40,0,0,3,10,3,5,3,5
MyBatis Generator Core,org.mybatis.generator.api,ShellRunner,427,0,58,0,111,0,35,0,6,0
MyBatis Generator Core,org.mybatis.generator.api,IntrospectedTable.InternalAttribute,0,344,0,0,0,35,0,1,0,1
MyBatis Generator Core,org.mybatis.generator.api,CommentGenerator,1,3,0,0,1,3,1,3,1,3
MyBatis Generator Core,org.mybatis.generator.api,VerboseProgressCallback,7,0,0,0,4,0,2,0,2,0
MyBatis Generator Core,org.mybatis.generator.api,PluginAdapter,8,174,0,0,3,86,3,82,3,82
MyBatis Generator Core,org.mybatis.generator.api,IntrospectedColumn,78,285,12,32,20,87,18,56,6,46
MyBatis Generator Core,org.mybatis.generator.api,IntrospectedTable,68,1478,9,57,19,381,13,143,6,117
MyBatis Generator Core,org.mybatis.generator.api,GeneratedFile,3,9,0,0,1,4,1,2,1,2
MyBatis Generator Core,org.mybatis.generator.api,MyBatisGenerator,507,162,45,15,128,44,34,9,8,5
MyBatis Generator Core,org.mybatis.generator.api,FullyQualifiedTable,102,343,22,44,21,87,19,29,2,13
MyBatis Generator Core,org.mybatis.generator.api,CompositePlugin,146,2260,73,349,73,488,73,256,0,118
MyBatis Generator Core,org.mybatis.generator.api,Plugin.ModelClassType,0,34,0,0,0,4,0,1,0,1
MyBatis Generator Core,org.mybatis.generator.api,Plugin,0,62,0,0,0,31,0,31,0,31
MyBatis Generator Core,org.mybatis.generator.codegen.mybatis3.javamapper,SimpleJavaClientGenerator,11,194,5,11,3,57,5,14,0,11
MyBatis Generator Core,org.mybatis.generator.codegen.mybatis3.javamapper,JavaMapperGenerator,0,363,10,26,0,107,10,28,0,20
MyBatis Generator Core,org.mybatis.generator.codegen.mybatis3.javamapper,MixedClientGenerator,0,84,1,9,0,23,1,11,0,7
MyBatis Generator Core,org.mybatis.generator.codegen.mybatis3.javamapper,SimpleAnnotatedClientGenerator,0,77,1,7,0,22,1,10,0,7
MyBatis Generator Core,org.mybatis.generator.codegen.mybatis3.javamapper,AnnotatedClientGenerator,4,245,8,22,1,69,8,24,0,17
MyBatis Generator Core,org.mybatis.generator.codegen.mybatis3.javamapper,SqlProviderGenerator,0,325,9,15,0,87,9,16,0,13
MyBatis Generator Core,org.mybatis.generator.api.dom.kotlin,KotlinArg,0,46,0,0,0,12,0,6,0,6
MyBatis Generator Core,org.mybatis.generator.api.dom.kotlin,JavaToKotlinTypeConverter,0,208,0,2,0,43,0,4,0,3
MyBatis Generator Core,org.mybatis.generator.api.dom.kotlin,KotlinType.Type,0,48,0,0,0,8,0,3,0,3
MyBatis Generator Core,org.mybatis.generator.api.dom.kotlin,KotlinNamedItemContainer.NamedItemContainerBuilder,0,17,0,0,0,5,0,2,0,2
MyBatis Generator Core,org.mybatis.generator.api.dom.kotlin,KotlinProperty.Type,0,37,0,0,0,7,0,3,0,3
MyBatis Generator Core,org.mybatis.generator.api.dom.kotlin,KotlinFile,0,83,0,2,0,24,0,12,0,11
MyBatis Generator Core,org.mybatis.generator.api.dom.kotlin,FullyQualifiedKotlinType,24,291,4,24,4,70,5,21,1,11
MyBatis Generator Core,org.mybatis.generator.api.dom.kotlin,KotlinProperty.Builder,0,25,0,0,0,9,0,5,0,5
MyBatis Generator Core,org.mybatis.generator.api.dom.kotlin,KotlinType,0,72,0,0,0,16,0,9,0,9
MyBatis Generator Core,org.mybatis.generator.api.dom.kotlin,KotlinType.Builder,0,39,0,0,0,11,0,5,0,5
MyBatis Generator Core,org.mybatis.generator.api.dom.kotlin,KotlinNamedItem.AbstractBuilder,0,32,0,0,0,9,0,3,0,3
MyBatis Generator Core,org.mybatis.generator.api.dom.kotlin,KotlinFunction.Builder,0,44,0,0,0,13,0,6,0,6
MyBatis Generator Core,org.mybatis.generator.api.dom.kotlin,KotlinNamedItemContainer,0,24,0,0,0,7,0,3,0,3
MyBatis Generator Core,org.mybatis.generator.api.dom.kotlin,KotlinProperty,0,47,0,0,0,11,0,7,0,7
MyBatis Generator Core,org.mybatis.generator.api.dom.kotlin,KotlinModifier,0,59,0,0,0,9,0,3,0,3
MyBatis Generator Core,org.mybatis.generator.api.dom.kotlin,KotlinFunction,0,83,0,0,0,21,0,11,0,11
MyBatis Generator Core,org.mybatis.generator.api.dom.kotlin,KotlinArg.Builder,0,34,0,0,0,11,0,5,0,5
MyBatis Generator Core,org.mybatis.generator.api.dom.kotlin,KotlinNamedItem,0,44,0,0,0,12,0,5,0,5
MyBatis Generator Core,org.mybatis.generator.internal.rules,BaseRules,42,404,35,105,4,109,28,67,1,24
MyBatis Generator Core,org.mybatis.generator.internal.rules,HierarchicalModelRules,0,16,0,0,0,5,0,4,0,4
MyBatis Generator Core,org.mybatis.generator.internal.rules,RulesDelegate,114,0,0,0,30,0,28,0,28,0
MyBatis Generator Core,org.mybatis.generator.internal.rules,ConditionalModelRules,5,60,4,12,0,11,3,10,0,5
MyBatis Generator Core,org.mybatis.generator.internal.rules,FlatModelRules,0,10,0,0,0,5,0,4,0,4
